2025-03-18 11:37:12,464 [info]: Clicking on newBillTxt
2025-03-18 11:38:15,006 [info]: Clicking on newBillTxt
2025-03-18 11:39:05,258 [info]: Clicking on newBillTxt
2025-03-18 11:39:39,888 [info]: Phone number. Existing or new
2025-03-18 11:39:39,918 [info]: Phone number. Existing or new
2025-03-18 11:40:10,954 [info]: Clicking on newBillTxt
2025-03-18 11:40:50,374 [info]: Clicking on newBillTxt
2025-03-18 11:41:35,906 [info]: Clicking on newBillTxt
2025-03-18 11:41:57,498 [info]: Validating text
2025-03-18 11:41:57,566 [info]: Ref No.:
Kevin123eihJJQ2if4yCGHj2vcSmaQI1iHEkQRNtNpXc7rTElE
2025-03-18 11:42:01,666 [info]: descriptionSection None text displayed
2025-03-18 11:42:10,591 [info]: Validating text
2025-03-18 11:42:10,637 [info]: Description:
Kevin123rJnzOVEVxGeGMH8vuigrNWuVJDAIJznYqCT152mC8ZVugJ4Ev1vBA4QtrRv3vqh8uZrdZiOSS7Gdv9SbPlf9qkq9ZtRU0mU071DmBUS4c0r1idSNTJnC9CkML43PhzugQ6btRhIZpVHLGQAI5Z93PrJOtyc1zcjF9SpuvpxGG9KrRCzfOCuiTqQ5gZt6kgIq
2025-03-18 11:42:26,820 [info]: Validating text
2025-03-18 11:42:26,821 [info]: Validating text : By.xpath: //div[@class='border rounded p-1 overflow-hidden']
2025-03-18 11:42:26,821 [info]: Validating text
2025-03-18 11:42:26,821 [info]: Validating text : By.xpath: //span[contains(text(),'Ref:')]
2025-03-18 11:43:01,592 [info]: Clicking on newBillTxt
2025-03-18 11:43:05,350 [info]: Extracted Number: 50000
2025-03-18 11:43:08,584 [info]: 5,000.00
2025-03-18 11:43:08,584 [info]: Entered: 50001, But field contains: 5,000.00
2025-03-18 11:43:43,154 [info]: Clicking on newBillTxt
2025-03-18 11:43:46,656 [info]: Extracted Number: 3000
2025-03-18 11:43:49,912 [info]: 300.00
2025-03-18 11:43:49,912 [info]: Entered: 3001, But field contains: 300.00
2025-03-18 11:44:25,390 [info]: Clicking on newBillTxt
2025-03-18 11:45:24,360 [info]: Clicking on newBillTxt
2025-03-18 11:46:01,039 [info]: No pop-up showed
