2025-03-17 10:39:56,496 [info]: Clicking on newBillTxt
2025-03-17 10:41:01,794 [info]: Clicking on newBillTxt
2025-03-17 10:41:39,541 [info]: Phone number. Existing or new
2025-03-17 10:41:39,571 [info]: Phone number. Existing or new
2025-03-17 10:42:08,211 [info]: No pop-up showed
2025-03-17 10:42:33,310 [info]: Clicking on newBillTxt
2025-03-17 10:43:11,820 [info]: No pop-up showed
2025-03-17 10:43:33,508 [info]: Clicking on newBillTxt
2025-03-17 10:44:16,565 [info]: No pop-up showed
2025-03-17 10:44:40,278 [info]: Clicking on newBillTxt
2025-03-17 10:44:59,405 [info]: Validating text
2025-03-17 10:44:59,471 [info]: Ref No.:
Kevin123KiuG2RWPv1vxsbncfP9iBYfkQrXrZgUzYLbvijg8zi
2025-03-17 10:45:03,560 [info]: descriptionSection None text displayed
2025-03-17 10:45:12,333 [info]: Validating text
2025-03-17 10:45:12,419 [info]: Description:
Kevin123Surgd5N8oNMjyylV6RrB3tpEEXebzLku5otSTUfUTEDMxIVvoTOQT2uAmMgSK5akKPLqpfNexs4Xp4WPQNb0J3103h8g9psQRtbJ6RP4FX1m15N4Ck5a5F4Q3aj82eCvoGLWho43C3V1rPWpHzYEh40paHGUlAbPa6jP4tJrDdza1vazTx3ivQXBE5msMOlV
2025-03-17 10:45:44,471 [info]: No pop-up showed
2025-03-17 10:45:44,473 [info]: Validating text
2025-03-17 10:45:44,474 [info]: Validating text : By.xpath: //div[@class='border rounded p-1 overflow-hidden']
2025-03-17 10:45:44,474 [info]: Validating text
2025-03-17 10:45:44,475 [info]: Validating text : By.xpath: //span[contains(text(),'Ref:')]
2025-03-17 10:46:01,031 [info]: Clicking on newBillTxt
2025-03-17 10:46:05,179 [info]: Extracted Number: 50000
2025-03-17 10:46:08,403 [info]: 5,000.00
2025-03-17 10:46:08,403 [info]: Entered: 50001, But field contains: 5,000.00
2025-03-17 10:47:11,988 [info]: Clicking on newBillTxt
2025-03-17 10:48:26,638 [info]: Clicking on newBillTxt
2025-03-17 10:48:30,664 [info]: Extracted Number: 3000
2025-03-17 10:48:33,887 [info]: 300.00
2025-03-17 10:48:33,887 [info]: Entered: 3001, But field contains: 300.00
