2025-03-27 18:18:38,926 [info]: test1114@yopmail.com
2025-03-27 18:18:46,677 [info]: Clicking on By.cssSelector: .fal.fa-circle.custom-check-off
2025-03-27 18:18:46,901 [info]: Clicking on By.xpath: //button[text()='Update Status']
2025-03-27 18:18:51,654 [info]: Clicking on By.cssSelector: button[href=".-deleteStore-"]
2025-03-27 18:18:56,972 [info]: Clicking on By.xpath: //button[text()='Delete Permanently']
2025-03-27 18:19:07,935 [info]: Clicking on By.cssSelector: .fal.fa-circle.custom-check-off
2025-03-27 18:19:08,175 [info]: Clicking on By.xpath: //button[text()='Update Status']
2025-03-27 18:19:12,910 [info]: Clicking on By.cssSelector: button[href=".-deleteStore-"]
2025-03-27 18:19:18,220 [info]: Clicking on By.xpath: //button[text()='Delete Permanently']
2025-03-27 18:19:29,082 [info]: Clicking on By.cssSelector: .fal.fa-circle.custom-check-off
2025-03-27 18:19:29,325 [info]: Clicking on By.xpath: //button[text()='Update Status']
2025-03-27 18:19:34,142 [info]: Clicking on By.cssSelector: button[href=".-deleteStore-"]
2025-03-27 18:19:39,438 [info]: Clicking on By.xpath: //button[text()='Delete Permanently']
2025-03-27 18:19:50,384 [info]: Clicking on By.cssSelector: .fal.fa-circle.custom-check-off
2025-03-27 18:19:50,636 [info]: Clicking on By.xpath: //button[text()='Update Status']
2025-03-27 18:19:55,456 [info]: Clicking on By.cssSelector: button[href=".-deleteStore-"]
2025-03-27 18:20:00,754 [info]: Clicking on By.xpath: //button[text()='Delete Permanently']
2025-03-27 18:20:11,694 [info]: Clicking on By.cssSelector: .fal.fa-circle.custom-check-off
2025-03-27 18:20:11,925 [info]: Clicking on By.xpath: //button[text()='Update Status']
2025-03-27 18:20:16,726 [info]: Clicking on By.cssSelector: button[href=".-deleteStore-"]
2025-03-27 18:20:22,022 [info]: Clicking on By.xpath: //button[text()='Delete Permanently']
2025-03-27 18:20:32,996 [info]: Clicking on By.cssSelector: .fal.fa-circle.custom-check-off
2025-03-27 18:20:33,246 [info]: Clicking on By.xpath: //button[text()='Update Status']
2025-03-27 18:20:38,128 [info]: Clicking on By.cssSelector: button[href=".-deleteStore-"]
2025-03-27 18:20:43,409 [info]: Clicking on By.xpath: //button[text()='Delete Permanently']
2025-03-27 18:20:54,364 [info]: Clicking on By.cssSelector: .fal.fa-circle.custom-check-off
2025-03-27 18:20:54,596 [info]: Clicking on By.xpath: //button[text()='Update Status']
2025-03-27 18:20:59,362 [info]: Clicking on By.cssSelector: button[href=".-deleteStore-"]
2025-03-27 18:21:04,666 [info]: Clicking on By.xpath: //button[text()='Delete Permanently']
2025-03-27 18:21:15,598 [info]: Clicking on By.cssSelector: .fal.fa-circle.custom-check-off
2025-03-27 18:21:15,836 [info]: Clicking on By.xpath: //button[text()='Update Status']
2025-03-27 18:21:20,637 [info]: Clicking on By.cssSelector: button[href=".-deleteStore-"]
2025-03-27 18:21:25,907 [info]: Clicking on By.xpath: //button[text()='Delete Permanently']
2025-03-27 18:21:37,696 [info]: Clicking on By.cssSelector: .fal.fa-circle.custom-check-off
2025-03-27 18:21:37,927 [info]: Clicking on By.xpath: //button[text()='Update Status']
2025-03-27 18:21:42,727 [info]: Clicking on By.cssSelector: button[href=".-deleteStore-"]
2025-03-27 18:21:48,025 [info]: Clicking on By.xpath: //button[text()='Delete Permanently']
2025-03-27 18:21:58,973 [info]: Clicking on By.cssSelector: .fal.fa-circle.custom-check-off
2025-03-27 18:21:59,207 [info]: Clicking on By.xpath: //button[text()='Update Status']
2025-03-27 18:22:03,998 [info]: Clicking on By.cssSelector: button[href=".-deleteStore-"]
2025-03-27 18:22:09,299 [info]: Clicking on By.xpath: //button[text()='Delete Permanently']
2025-03-27 18:22:20,144 [info]: Clicking on By.cssSelector: .fal.fa-circle.custom-check-off
2025-03-27 18:22:20,378 [info]: Clicking on By.xpath: //button[text()='Update Status']
2025-03-27 18:22:25,187 [info]: Clicking on By.cssSelector: button[href=".-deleteStore-"]
2025-03-27 18:22:30,528 [info]: Clicking on By.xpath: //button[text()='Delete Permanently']
2025-03-27 18:22:41,418 [info]: Clicking on By.cssSelector: .fal.fa-circle.custom-check-off
2025-03-27 18:22:41,709 [info]: Clicking on By.xpath: //button[text()='Update Status']
2025-03-27 18:22:46,534 [info]: Clicking on By.cssSelector: button[href=".-deleteStore-"]
2025-03-27 18:22:51,836 [info]: Clicking on By.xpath: //button[text()='Delete Permanently']
2025-03-27 18:23:02,724 [info]: Clicking on By.cssSelector: .fal.fa-circle.custom-check-off
2025-03-27 18:23:02,944 [info]: Clicking on By.xpath: //button[text()='Update Status']
2025-03-27 18:23:07,654 [info]: Clicking on By.cssSelector: button[href=".-deleteStore-"]
2025-03-27 18:23:12,907 [info]: Clicking on By.xpath: //button[text()='Delete Permanently']
