2025-03-25 10:16:15,395 [info]: Clicking on newBillTxt
2025-03-25 10:17:27,543 [info]: Clicking on newBillTxt
2025-03-25 10:18:03,900 [info]: Phone number. Existing or new
2025-03-25 10:18:03,985 [info]: Phone number. Existing or new
2025-03-25 10:18:42,272 [info]: Clicking on newBillTxt
2025-03-25 10:19:29,361 [info]: Clicking on newBillTxt
2025-03-25 10:20:22,768 [info]: Clicking on newBillTxt
2025-03-25 10:20:48,127 [info]: Validating text
2025-03-25 10:20:48,334 [info]: Ref No.:
Kevin123cFoBO3RcZSl3i4ad07h8tnLpqfQKEKKNkyejo9mQFB
2025-03-25 10:20:52,685 [info]: descriptionSection None text displayed
2025-03-25 10:21:02,558 [info]: Validating text
2025-03-25 10:21:02,780 [info]: Description:
Kevin123DbvUSWx30OZO29QsYL6PzHiebX0mqRourJXe8LKMADySh638L2ob1nrGI55AnB6k7nqBaGdp4tjfqnOoreHloS2Htqn1fMWJ3cViu2AeehDDE1lOj7kBfOM4lhO6QeQWJGD06D9UBBYKrWYjVHTCMPf0DaBGZVaR6U6pHjC5TopG7SOiuxynbbXLDMFs93Ba
2025-03-25 10:21:20,637 [info]: Validating text
2025-03-25 10:21:20,637 [info]: Validating text : By.xpath: //div[@class='border rounded p-1 overflow-hidden']
2025-03-25 10:21:20,637 [info]: Validating text
2025-03-25 10:21:20,637 [info]: Validating text : By.xpath: //span[contains(text(),'Ref:')]
2025-03-25 10:21:33,746 [info]: Clicking on newBillTxt
2025-03-25 10:21:38,952 [info]: Extracted Number: 50000
2025-03-25 10:21:42,464 [info]: 5,000.00
2025-03-25 10:21:42,464 [info]: Entered: 50001, But field contains: 5,000.00
2025-03-25 10:22:21,626 [info]: Clicking on newBillTxt
2025-03-25 10:22:26,808 [info]: Extracted Number: 3000
2025-03-25 10:22:30,319 [info]: 300.00
2025-03-25 10:22:30,319 [info]: Entered: 3001, But field contains: 300.00
2025-03-25 10:23:09,012 [info]: Clicking on newBillTxt
2025-03-25 10:24:15,497 [info]: Clicking on newBillTxt
2025-03-25 10:24:55,254 [info]: No pop-up showed
2025-03-25 10:25:05,812 [info]: Clicking on newBillTxt
2025-03-25 10:25:22,902 [info]: 200
2025-03-25 10:25:53,157 [info]: Clicking on newBillTxt
2025-03-25 10:26:28,573 [info]: POPup Not Displayed
2025-03-25 10:27:07,848 [info]: No pop-up showed
2025-03-25 10:27:27,450 [info]: Clicking on newBillTxt
2025-03-25 10:28:07,920 [info]: Clicking on newBillTxt
2025-03-25 10:28:23,030 [info]: No repeat
2025-03-25 10:28:25,091 [info]: Daily
2025-03-25 10:28:29,600 [info]: Attribute value is fetched
2025-03-25 10:28:31,833 [info]: specificNumberTxt:3
2025-03-25 10:28:33,935 [info]: Specific number of times
times total
2025-03-25 10:28:35,985 [info]: Specific date
2025-03-25 10:28:38,078 [info]: Selected: Specific number of times
times total
2025-03-25 10:28:40,142 [info]: Selected: Specific date
2025-03-25 10:28:42,187 [info]: Weekly
2025-03-25 10:28:44,204 [info]: Monthly
2025-03-25 10:28:46,236 [info]: Yearly
2025-03-25 10:29:11,090 [info]: Numeric Value: 1000.00
2025-03-25 10:29:34,923 [info]: Clicking on newBillTxt
2025-03-25 10:29:50,534 [info]: No repeat
2025-03-25 10:29:52,559 [info]: Daily
2025-03-25 10:29:57,071 [info]: Attribute value is fetched
2025-03-25 10:29:59,291 [info]: specificNumberTxt:3
2025-03-25 10:30:01,388 [info]: Specific number of times
times total
2025-03-25 10:30:03,436 [info]: Specific date
2025-03-25 10:30:05,524 [info]: Selected: Specific number of times
times total
2025-03-25 10:30:07,588 [info]: Selected: Specific date
2025-03-25 10:30:09,621 [info]: Weekly
2025-03-25 10:30:11,662 [info]: Monthly
2025-03-25 10:30:13,704 [info]: Yearly
2025-03-25 10:30:38,347 [info]: Numeric Value: 1000.00
2025-03-25 10:31:00,468 [info]: Clicking on newBillTxt
2025-03-25 10:31:16,742 [info]: No repeat
2025-03-25 10:31:18,774 [info]: Daily
2025-03-25 10:31:20,793 [info]: Weekly
2025-03-25 10:31:25,268 [info]: Attribute value is fetched
2025-03-25 10:31:27,491 [info]: specificNumberTxt:3
2025-03-25 10:31:29,595 [info]: Specific number of times
times total
2025-03-25 10:31:31,645 [info]: Specific date
2025-03-25 10:31:33,775 [info]: Selected: Specific number of times
times total
2025-03-25 10:31:35,840 [info]: Selected: Specific date
2025-03-25 10:31:37,873 [info]: Monthly
2025-03-25 10:31:39,905 [info]: Yearly
2025-03-25 10:32:04,658 [info]: Numeric Value: 1000.00
