2025-03-25 11:30:04,846 [info]: Clicking on newBillTxt
2025-03-25 11:31:14,209 [info]: Clicking on newBillTxt
2025-03-25 11:31:52,487 [info]: Phone number. Existing or new
2025-03-25 11:31:52,594 [info]: Phone number. Existing or new
2025-03-25 11:32:31,354 [info]: Clicking on newBillTxt
2025-03-25 11:33:19,654 [info]: Clicking on newBillTxt
2025-03-25 11:34:10,851 [info]: Clicking on newBillTxt
2025-03-25 11:34:36,002 [info]: Validating text
2025-03-25 11:34:36,237 [info]: Ref No.:
Kevin123jj8iusWib0pRV5ucnyxN6a13xS1PvhOzJEq4iNpijp
2025-03-25 11:34:40,624 [info]: descriptionSection None text displayed
2025-03-25 11:34:51,497 [info]: Validating text
2025-03-25 11:34:51,716 [info]: Description:
Kevin1230srKZWFfWusYTvoLbgVnyRtGL4duxqL8HXW5Ea5FvMbk78lnB01IsbmOVbSJxFevVEndPW5mE6cEUDp0i8NHRmJ2XDWgNvLZUIQpVBMT3YPW0PGddB0LxkSklVI7ES40XJ0jq4AgcWfGGzNSJHZFRAOdJXLpDLrc8d0pWg3I3QtKZDTtnXo26FaBCo1BHzJO
2025-03-25 11:35:09,666 [info]: Validating text
2025-03-25 11:35:09,666 [info]: Validating text : By.xpath: //div[@class='border rounded p-1 overflow-hidden']
2025-03-25 11:35:09,666 [info]: Validating text
2025-03-25 11:35:09,666 [info]: Validating text : By.xpath: //span[contains(text(),'Ref:')]
2025-03-25 11:35:23,976 [info]: Clicking on newBillTxt
2025-03-25 11:35:29,543 [info]: Extracted Number: 50000
2025-03-25 11:35:33,043 [info]: 5,000.00
2025-03-25 11:35:46,218 [info]: Clicking on newBillTxt
2025-03-25 11:35:52,267 [info]: Extracted Number: 3000
2025-03-25 11:35:55,759 [info]: 300.00
2025-03-25 11:35:55,759 [info]: Entered: 3001, But field contains: 300.00
2025-03-25 11:36:43,828 [info]: Clicking on newBillTxt
2025-03-25 11:37:50,117 [info]: Clicking on newBillTxt
2025-03-25 11:38:29,308 [info]: No pop-up showed
2025-03-25 11:38:41,756 [info]: Clicking on newBillTxt
2025-03-25 11:38:58,423 [info]: 200
2025-03-25 11:39:43,306 [info]: Clicking on newBillTxt
2025-03-25 11:40:18,020 [info]: POPup Not Displayed
2025-03-25 11:40:57,540 [info]: No pop-up showed
2025-03-25 11:41:17,879 [info]: Clicking on newBillTxt
2025-03-25 11:41:47,042 [info]: Clicking on newBillTxt
2025-03-25 11:42:02,629 [info]: No repeat
2025-03-25 11:42:04,649 [info]: Daily
2025-03-25 11:42:09,126 [info]: Attribute value is fetched
2025-03-25 11:42:11,365 [info]: specificNumberTxt:3
2025-03-25 11:42:13,453 [info]: Specific number of times
times total
2025-03-25 11:42:15,498 [info]: Specific date
2025-03-25 11:42:17,632 [info]: Selected: Specific number of times
times total
2025-03-25 11:42:19,682 [info]: Selected: Specific date
2025-03-25 11:42:21,723 [info]: Weekly
2025-03-25 11:42:23,772 [info]: Monthly
2025-03-25 11:42:25,811 [info]: Yearly
2025-03-25 11:42:51,295 [info]: Numeric Value: 1000.00
2025-03-25 11:43:12,659 [info]: Clicking on newBillTxt
2025-03-25 11:43:27,259 [info]: No repeat
2025-03-25 11:43:29,298 [info]: Daily
2025-03-25 11:43:31,333 [info]: Weekly
2025-03-25 11:43:35,822 [info]: Attribute value is fetched
2025-03-25 11:43:38,057 [info]: specificNumberTxt:3
2025-03-25 11:43:40,143 [info]: Specific number of times
times total
2025-03-25 11:43:42,187 [info]: Specific date
2025-03-25 11:43:44,269 [info]: Selected: Specific number of times
times total
2025-03-25 11:43:46,339 [info]: Selected: Specific date
2025-03-25 11:43:48,376 [info]: Monthly
2025-03-25 11:43:50,418 [info]: Yearly
2025-03-25 11:44:16,269 [info]: Numeric Value: 1000.00
2025-03-25 11:44:51,105 [info]: Clicking on newBillTxt
2025-03-25 11:45:05,582 [info]: No repeat
2025-03-25 11:45:07,628 [info]: Daily
2025-03-25 11:45:09,673 [info]: Weekly
2025-03-25 11:45:11,711 [info]: Monthly
2025-03-25 11:45:16,195 [info]: Attribute value is fetched
2025-03-25 11:45:18,423 [info]: specificNumberTxt:3
2025-03-25 11:45:20,514 [info]: Specific number of times
times total
2025-03-25 11:45:22,534 [info]: Specific date
2025-03-25 11:45:24,644 [info]: Selected: Specific number of times
times total
2025-03-25 11:45:26,699 [info]: Selected: Specific date
2025-03-25 11:45:28,742 [info]: Yearly
2025-03-25 11:45:54,583 [info]: Numeric Value: 1000.00
2025-03-25 11:46:17,167 [info]: Clicking on newBillTxt
2025-03-25 11:46:32,351 [info]: No repeat
2025-03-25 11:46:34,370 [info]: Daily
2025-03-25 11:46:36,428 [info]: Weekly
2025-03-25 11:46:38,463 [info]: Monthly
2025-03-25 11:46:40,503 [info]: Yearly
2025-03-25 11:46:44,947 [info]: Specific number of times
2025-03-25 11:46:46,986 [info]: Specific date
2025-03-25 11:47:12,983 [info]: Numeric Value: 1000.00
