2025-03-24 11:46:48,234 [info]: Clicking on newBillTxt
2025-03-24 11:47:02,370 [info]: Clicking on: No repeat
2025-03-24 11:47:04,431 [info]: No repeat selected
2025-03-24 11:47:06,465 [info]: Selected: 
2025-03-24 11:47:08,492 [info]: Selected: 
2025-03-24 11:47:11,525 [info]: Clicking on: Daily
2025-03-24 11:47:13,628 [info]: Attribute value is fetched
2025-03-24 11:47:15,798 [info]: specificNumberTxt:1
2025-03-24 11:47:17,857 [info]: Selected: Specific number of times
times total
2025-03-24 11:47:19,868 [info]: Selected: Specific date
2025-03-24 11:47:22,903 [info]: Clicking on: Weekly
2025-03-24 11:47:24,993 [info]: Attribute value is fetched
2025-03-24 11:47:27,164 [info]: specificNumberTxt:1
2025-03-24 11:47:29,221 [info]: Selected: Specific number of times
times total
2025-03-24 11:47:31,227 [info]: Selected: Specific date
2025-03-24 11:47:34,243 [info]: Clicking on: Monthly
2025-03-24 11:47:36,341 [info]: Attribute value is fetched
2025-03-24 11:47:38,498 [info]: specificNumberTxt:1
2025-03-24 11:47:40,556 [info]: Selected: Specific number of times
times total
2025-03-24 11:47:42,582 [info]: Selected: Specific date
2025-03-24 11:47:45,587 [info]: Clicking on: Yearly
2025-03-24 11:47:47,644 [info]: Every month field is not displayed.
2025-03-24 11:47:49,716 [info]: Selected: Specific number of times
times total
2025-03-24 11:47:51,733 [info]: Selected: Specific date
2025-03-24 11:48:12,418 [info]: Numeric Value: 1000.00
