2025-03-25 11:19:19,572 [info]: Clicking on newBillTxt
2025-03-25 11:20:28,976 [info]: Clicking on newBillTxt
2025-03-25 11:21:07,310 [info]: Phone number. Existing or new
2025-03-25 11:21:07,429 [info]: Phone number. Existing or new
2025-03-25 11:21:43,407 [info]: Clicking on newBillTxt
2025-03-25 11:22:38,112 [info]: Clicking on newBillTxt
2025-03-25 11:23:28,266 [info]: Clicking on newBillTxt
2025-03-25 11:23:53,289 [info]: Validating text
2025-03-25 11:23:53,512 [info]: Ref No.:
Kevin123PWXB1A0OVWPRevCYBkVfh75C98uLbT7nosVRR6u6Iv
2025-03-25 11:23:57,878 [info]: descriptionSection None text displayed
2025-03-25 11:24:08,018 [info]: Validating text
2025-03-25 11:24:08,237 [info]: Description:
Kevin123Th2khsSHImTsR6MVQL5cn4NxLhRzHdU1Dca5Bqi0G0nMNvoOVIQHr2sBTa90KF35hYgPPPl9WFE7ttL0rMYBXvmo2Db90Yuy9Q7F3h2ndfAGYWifTtRR1v1zLraNESlG5y6IEWQWjfzhvvgcdmlmZMuA7hDtoJzCnTXqao1h4Shek01XNOyfpTQPM8rvEfv9
2025-03-25 11:24:26,033 [info]: Validating text
2025-03-25 11:24:26,033 [info]: Validating text : By.xpath: //div[@class='border rounded p-1 overflow-hidden']
2025-03-25 11:24:26,033 [info]: Validating text
2025-03-25 11:24:26,033 [info]: Validating text : By.xpath: //span[contains(text(),'Ref:')]
2025-03-25 11:24:41,356 [info]: Clicking on newBillTxt
2025-03-25 11:24:47,098 [info]: Extracted Number: 50000
2025-03-25 11:24:50,632 [info]: 5,000.00
2025-03-25 11:25:02,761 [info]: Clicking on newBillTxt
2025-03-25 11:25:08,271 [info]: Extracted Number: 3000
2025-03-25 11:25:11,577 [info]: 300.00
2025-03-25 11:25:23,280 [info]: Clicking on newBillTxt
