2025-03-27 18:13:43,959 [info]: test1114@yopmail.com
2025-03-27 18:13:50,994 [info]: Clicking on By.cssSelector: .fal.fa-circle.custom-check-off
2025-03-27 18:13:51,220 [info]: Clicking on By.xpath: //button[text()='Update Status']
2025-03-27 18:13:56,439 [info]: Clicking on By.cssSelector: button[href=".-deleteStore-"]
2025-03-27 18:14:01,743 [info]: Clicking on By.xpath: //button[text()='Delete Permanently']
2025-03-27 18:14:12,596 [info]: Clicking on By.cssSelector: .fal.fa-circle.custom-check-off
2025-03-27 18:14:12,856 [info]: Clicking on By.xpath: //button[text()='Update Status']
2025-03-27 18:14:18,152 [info]: Clicking on By.cssSelector: button[href=".-deleteStore-"]
2025-03-27 18:14:23,440 [info]: Clicking on By.xpath: //button[text()='Delete Permanently']
2025-03-27 18:14:34,213 [info]: Clicking on By.cssSelector: .fal.fa-circle.custom-check-off
2025-03-27 18:14:34,440 [info]: Clicking on By.xpath: //button[text()='Update Status']
2025-03-27 18:14:39,372 [info]: Clicking on By.cssSelector: button[href=".-deleteStore-"]
2025-03-27 18:14:44,670 [info]: Clicking on By.xpath: //button[text()='Delete Permanently']
2025-03-27 18:14:56,006 [info]: Clicking on By.cssSelector: .fal.fa-circle.custom-check-off
2025-03-27 18:14:56,250 [info]: Clicking on By.xpath: //button[text()='Update Status']
2025-03-27 18:15:01,090 [info]: Clicking on By.cssSelector: button[href=".-deleteStore-"]
2025-03-27 18:15:06,380 [info]: Clicking on By.xpath: //button[text()='Delete Permanently']
2025-03-27 18:15:17,231 [info]: Clicking on By.cssSelector: .fal.fa-circle.custom-check-off
2025-03-27 18:15:17,469 [info]: Clicking on By.xpath: //button[text()='Update Status']
2025-03-27 18:15:22,224 [info]: Clicking on By.cssSelector: button[href=".-deleteStore-"]
2025-03-27 18:15:27,513 [info]: Clicking on By.xpath: //button[text()='Delete Permanently']
