2025-04-09 10:16:00,058 [info]: Clicking on newBillTxt
2025-04-09 10:16:38,564 [info]: Phone number. Existing or new
2025-04-09 10:16:38,650 [info]: Phone number. Existing or new
2025-04-09 10:17:08,904 [info]: Numeric Value: Total: 2000.00
2025-04-09 10:17:09,022 [info]: Numeric Value: 2000.00
2025-04-09 10:17:41,454 [info]: Clicking on newBillTxt
2025-04-09 10:18:19,039 [info]: Phone number. Existing or new
2025-04-09 10:18:19,103 [info]: Phone number. Existing or new
2025-04-09 10:18:51,479 [info]: Numeric Value: Total: 2000.00
2025-04-09 10:18:51,607 [info]: Numeric Value: 2000.00
2025-04-09 10:19:33,110 [info]: Clicking on newBillTxt
2025-04-09 10:20:11,310 [info]: Phone number. Existing or new
2025-04-09 10:20:11,440 [info]: Phone number. Existing or new
2025-04-09 10:20:40,456 [info]: Numeric Value: Total: 2000.00
2025-04-09 10:20:40,567 [info]: Numeric Value: 2000.00
2025-04-09 10:21:05,513 [info]: Clicking on newBillTxt
2025-04-09 10:21:43,887 [info]: Phone number. Existing or new
2025-04-09 10:21:43,949 [info]: Phone number. Existing or new
2025-04-09 10:22:12,392 [info]: Numeric Value: Total: 2000.00
2025-04-09 10:22:12,500 [info]: Numeric Value: 2000.00
2025-04-09 10:22:37,826 [info]: Clicking on newBillTxt
2025-04-09 10:23:16,074 [info]: Phone number. Existing or new
2025-04-09 10:23:16,128 [info]: Phone number. Existing or new
2025-04-09 10:23:46,204 [info]: Numeric Value: Total: 2000.00
2025-04-09 10:23:46,272 [info]: Numeric Value: 2000.00
2025-04-09 10:24:28,446 [info]: Clicking on newBillTxt
2025-04-09 10:25:06,462 [info]: Phone number. Existing or new
2025-04-09 10:25:06,523 [info]: Phone number. Existing or new
2025-04-09 10:25:34,642 [info]: Numeric Value: Total: 2000.00
2025-04-09 10:25:34,743 [info]: Numeric Value: 2000.00
2025-04-09 10:25:38,456 [info]: 314.75
2025-04-09 10:26:08,792 [info]: Clicking on newBillTxt
2025-04-09 10:26:47,354 [info]: Phone number. Existing or new
2025-04-09 10:26:47,470 [info]: Phone number. Existing or new
2025-04-09 10:27:16,329 [info]: Numeric Value: Total: 2000.00
2025-04-09 10:27:16,432 [info]: Numeric Value: 2000.00
2025-04-09 10:27:30,490 [info]: Numeric Value: Total: 2000.00
2025-04-09 10:27:30,491 [info]: Numeric Value: 2000.00
2025-04-09 10:27:43,916 [info]: Clicking on newBillTxt
2025-04-09 10:28:22,257 [info]: Phone number. Existing or new
2025-04-09 10:28:22,316 [info]: Phone number. Existing or new
2025-04-09 10:29:51,586 [info]: Clicking on newBillTxt
2025-04-09 10:30:29,537 [info]: Phone number. Existing or new
2025-04-09 10:30:29,592 [info]: Phone number. Existing or new
