2025-04-09 11:41:06,520 [info]: Clicking on newBillTxt
2025-04-09 11:41:41,027 [info]: Phone number. Existing or new
2025-04-09 11:41:41,066 [info]: Phone number. Existing or new
2025-04-09 11:42:08,252 [info]: Numeric Value: Total: 2000.00
2025-04-09 11:42:08,282 [info]: Numeric Value: 2000.00
2025-04-09 11:42:35,295 [info]: Clicking on newBillTxt
2025-04-09 11:43:09,719 [info]: Phone number. Existing or new
2025-04-09 11:43:09,753 [info]: Phone number. Existing or new
2025-04-09 11:43:39,442 [info]: Numeric Value: Total: 2000.00
2025-04-09 11:43:39,475 [info]: Numeric Value: 2000.00
2025-04-09 11:44:13,567 [info]: Clicking on newBillTxt
2025-04-09 11:44:48,023 [info]: Phone number. Existing or new
2025-04-09 11:44:48,052 [info]: Phone number. Existing or new
2025-04-09 11:45:14,516 [info]: Numeric Value: Total: 2000.00
2025-04-09 11:45:14,551 [info]: Numeric Value: 2000.00
2025-04-09 11:45:35,362 [info]: Clicking on newBillTxt
2025-04-09 11:46:09,796 [info]: Phone number. Existing or new
2025-04-09 11:46:09,830 [info]: Phone number. Existing or new
2025-04-09 11:46:36,627 [info]: Numeric Value: Total: 2000.00
2025-04-09 11:46:36,654 [info]: Numeric Value: 2000.00
2025-04-09 11:46:56,751 [info]: Clicking on newBillTxt
2025-04-09 11:47:31,244 [info]: Phone number. Existing or new
2025-04-09 11:47:31,267 [info]: Phone number. Existing or new
2025-04-09 11:47:58,493 [info]: Numeric Value: Total: 2000.00
2025-04-09 11:47:58,521 [info]: Numeric Value: 2000.00
2025-04-09 11:48:33,580 [info]: Clicking on newBillTxt
2025-04-09 11:49:08,094 [info]: Phone number. Existing or new
2025-04-09 11:49:08,119 [info]: Phone number. Existing or new
2025-04-09 11:49:34,670 [info]: Numeric Value: Total: 2000.00
2025-04-09 11:49:34,704 [info]: Numeric Value: 2000.00
2025-04-09 11:49:37,966 [info]: 314.75
2025-04-09 11:50:03,855 [info]: Clicking on newBillTxt
2025-04-09 11:50:38,324 [info]: Phone number. Existing or new
2025-04-09 11:50:38,351 [info]: Phone number. Existing or new
2025-04-09 11:51:05,672 [info]: Numeric Value: Total: 2000.00
2025-04-09 11:51:05,697 [info]: Numeric Value: 2000.00
2025-04-09 11:51:18,215 [info]: Numeric Value: Total: 2000.00
2025-04-09 11:51:18,217 [info]: Numeric Value: 2000.00
2025-04-09 11:51:28,669 [info]: Clicking on newBillTxt
2025-04-09 11:52:03,251 [info]: Phone number. Existing or new
2025-04-09 11:52:03,281 [info]: Phone number. Existing or new
2025-04-09 11:52:52,921 [info]: Nothing to be selected
2025-04-09 11:54:15,100 [info]: Clicking on newBillTxt
2025-04-09 11:54:49,651 [info]: Phone number. Existing or new
2025-04-09 11:54:49,698 [info]: Phone number. Existing or new
2025-04-09 11:55:39,986 [info]: Nothing to be selected
2025-04-09 11:57:00,518 [info]: Clicking on newBillTxt
2025-04-09 11:57:34,977 [info]: Phone number. Existing or new
2025-04-09 11:57:35,001 [info]: Phone number. Existing or new
2025-04-09 11:58:25,336 [info]: Nothing to be selected
2025-04-09 12:00:01,187 [info]: Clicking on newBillTxt
2025-04-09 12:00:35,596 [info]: Phone number. Existing or new
2025-04-09 12:00:35,623 [info]: Phone number. Existing or new
2025-04-09 12:01:25,228 [info]: Nothing to be selected
