2025-04-09 12:10:53,187 [info]: Clicking on newBillTxt
2025-04-09 12:11:27,915 [info]: Phone number. Existing or new
2025-04-09 12:11:27,948 [info]: Phone number. Existing or new
2025-04-09 12:11:55,323 [info]: Numeric Value: Total: 2000.00
2025-04-09 12:11:55,351 [info]: Numeric Value: 2000.00
2025-04-09 12:12:25,356 [info]: Clicking on newBillTxt
2025-04-09 12:12:59,769 [info]: Phone number. Existing or new
2025-04-09 12:12:59,798 [info]: Phone number. Existing or new
2025-04-09 12:13:29,426 [info]: Numeric Value: Total: 2000.00
2025-04-09 12:13:29,458 [info]: Numeric Value: 2000.00
2025-04-09 12:14:05,148 [info]: Clicking on newBillTxt
2025-04-09 12:14:39,771 [info]: Phone number. Existing or new
2025-04-09 12:14:39,802 [info]: Phone number. Existing or new
2025-04-09 12:15:07,142 [info]: Numeric Value: Total: 2000.00
2025-04-09 12:15:07,245 [info]: Numeric Value: 2000.00
2025-04-09 12:15:33,173 [info]: Clicking on newBillTxt
2025-04-09 12:16:11,763 [info]: Phone number. Existing or new
2025-04-09 12:16:11,870 [info]: Phone number. Existing or new
2025-04-09 12:16:40,390 [info]: Numeric Value: Total: 2000.00
2025-04-09 12:16:40,500 [info]: Numeric Value: 2000.00
2025-04-09 12:17:04,752 [info]: Clicking on newBillTxt
2025-04-09 12:17:42,864 [info]: Phone number. Existing or new
2025-04-09 12:17:42,978 [info]: Phone number. Existing or new
2025-04-09 12:18:12,162 [info]: Numeric Value: Total: 2000.00
2025-04-09 12:18:12,253 [info]: Numeric Value: 2000.00
2025-04-09 12:18:54,115 [info]: Clicking on newBillTxt
2025-04-09 12:19:32,681 [info]: Phone number. Existing or new
2025-04-09 12:19:32,784 [info]: Phone number. Existing or new
2025-04-09 12:20:02,769 [info]: Numeric Value: Total: 2000.00
2025-04-09 12:20:02,843 [info]: Numeric Value: 2000.00
2025-04-09 12:20:06,522 [info]: 314.75
2025-04-09 12:20:37,990 [info]: Clicking on newBillTxt
2025-04-09 12:21:16,122 [info]: Phone number. Existing or new
2025-04-09 12:21:16,191 [info]: Phone number. Existing or new
2025-04-09 12:21:45,299 [info]: Numeric Value: Total: 2000.00
2025-04-09 12:21:45,353 [info]: Numeric Value: 2000.00
2025-04-09 12:21:59,353 [info]: Numeric Value: Total: 2000.00
2025-04-09 12:21:59,354 [info]: Numeric Value: 2000.00
2025-04-09 12:22:10,964 [info]: Clicking on newBillTxt
2025-04-09 12:22:49,048 [info]: Phone number. Existing or new
2025-04-09 12:22:49,106 [info]: Phone number. Existing or new
2025-04-09 12:25:06,791 [info]: Clicking on newBillTxt
2025-04-09 12:25:44,451 [info]: Phone number. Existing or new
2025-04-09 12:25:44,578 [info]: Phone number. Existing or new
2025-04-09 12:26:39,566 [info]: Nothing to be selected
2025-04-09 12:28:08,909 [info]: Clicking on newBillTxt
2025-04-09 12:28:45,631 [info]: Phone number. Existing or new
2025-04-09 12:28:45,774 [info]: Phone number. Existing or new
2025-04-09 12:29:40,270 [info]: Nothing to be selected
2025-04-09 12:31:21,948 [info]: Clicking on newBillTxt
2025-04-09 12:32:00,277 [info]: Phone number. Existing or new
2025-04-09 12:32:00,363 [info]: Phone number. Existing or new
2025-04-09 12:33:38,156 [info]: Clicking on newBillTxt
2025-04-09 12:34:16,474 [info]: Phone number. Existing or new
2025-04-09 12:34:16,594 [info]: Phone number. Existing or new
2025-04-09 12:35:10,497 [info]: Nothing to be selected
2025-04-09 12:36:09,896 [info]: Clicking on newBillTxt
2025-04-09 12:36:48,170 [info]: Phone number. Existing or new
2025-04-09 12:36:48,322 [info]: Phone number. Existing or new
2025-04-09 12:37:20,687 [info]: 
2025-04-09 12:37:21,074 [info]: 
