2025-04-17 17:20:57,901 [info]: Clicking on newBillTxt
2025-04-17 17:21:25,830 [info]: Clicking on By.xpath: //a[normalize-space()='Sign out']
2025-04-17 17:21:36,863 [info]: Clicking on By.xpath: //a[@class='stretched-link position-absolute h-100 -updateamount-']
2025-04-17 17:21:41,899 [info]: Clicking on By.xpath: //input[@lbl-title='Amount']
2025-04-17 17:21:49,120 [info]: Clicking on By.xpath: //input[@name='amount']//following::button[@type='submit' and normalize-space()='Update'][2]
2025-04-17 17:22:02,991 [info]: Clicking on By.xpath: //a[normalize-space()='My Stuff']
2025-04-17 17:22:03,008 [info]: Clicking on By.xpath: //div[normalize-space()='Payment History']
2025-04-17 17:22:08,920 [info]: Clicking on By.xpath: //button[normalize-space()='Make payments']
2025-04-17 17:22:31,006 [info]: Clicking on By.xpath: //a[normalize-space()='My Stuff']
2025-04-17 17:22:31,027 [info]: Clicking on By.xpath: //div[normalize-space()='Payment History']
2025-04-17 17:22:51,495 [info]: Clicking on By.xpath: //a[normalize-space()='My Stuff']
2025-04-17 17:22:51,511 [info]: Clicking on By.xpath: //div[normalize-space()='Payment History']
2025-04-17 17:23:04,126 [info]: Clicking on newBillTxt
2025-04-17 17:23:29,922 [info]: Clicking on By.xpath: //a[normalize-space()='Sign out']
2025-04-17 17:23:37,290 [info]: Clicking on By.xpath: //Button[@name='applyAmount' and @value='-1']
2025-04-17 17:23:57,032 [info]: Clicking on By.xpath: //a[normalize-space()='Close']
2025-04-17 17:24:42,482 [info]: Clicking on By.xpath: //a[normalize-space()='My Stuff']
2025-04-17 17:24:42,508 [info]: Clicking on By.xpath: //div[normalize-space()='Payment History']
2025-04-17 17:24:54,586 [info]: Clicking on By.xpath: //a[normalize-space()='My Stuff']
2025-04-17 17:24:54,618 [info]: Clicking on By.xpath: //div[normalize-space()='Payment History']
