2025-04-17 11:55:43,040 [info]: Clicking on newBillTxt
2025-04-17 11:56:10,338 [info]: Clicking on By.xpath: //a[normalize-space()='Sign out']
2025-04-17 11:56:17,432 [info]: Clicking on By.xpath: //button[contains(text(), 'selected bill')]
2025-04-17 11:56:21,374 [info]: Clicking on By.xpath: //a[@class='stretched-link position-absolute h-100 -updateamount-']
2025-04-17 11:56:26,406 [info]: Clicking on By.xpath: //input[@lbl-title='Amount']
2025-04-17 11:56:33,621 [info]: Clicking on By.xpath: //input[@name='amount']//following::button[@type='submit' and normalize-space()='Update'][2]
2025-04-17 11:56:47,484 [info]: Clicking on By.xpath: //a[normalize-space()='My Stuff']
2025-04-17 11:56:47,516 [info]: Clicking on By.xpath: //div[normalize-space()='Payment History']
2025-04-17 11:56:53,549 [info]: Clicking on By.xpath: //button[normalize-space()='Make payments']
2025-04-17 11:57:17,990 [info]: Clicking on By.xpath: //a[normalize-space()='My Stuff']
2025-04-17 11:57:18,023 [info]: Clicking on By.xpath: //div[normalize-space()='Payment History']
2025-04-17 11:57:41,671 [info]: Clicking on By.xpath: //a[normalize-space()='My Stuff']
2025-04-17 11:57:41,700 [info]: Clicking on By.xpath: //div[normalize-space()='Payment History']
2025-04-17 11:57:54,493 [info]: Clicking on newBillTxt
2025-04-17 11:58:22,440 [info]: Clicking on By.xpath: //a[normalize-space()='Sign out']
2025-04-17 11:58:30,535 [info]: Clicking on By.xpath: //Button[@name='applyAmount' and @value='-1']
2025-04-17 11:58:51,041 [info]: Clicking on By.xpath: //a[normalize-space()='Close']
2025-04-17 11:59:35,170 [info]: Clicking on By.xpath: //a[normalize-space()='My Stuff']
2025-04-17 11:59:35,226 [info]: Clicking on By.xpath: //div[normalize-space()='Payment History']
2025-04-17 11:59:48,251 [info]: Clicking on By.xpath: //a[normalize-space()='My Stuff']
2025-04-17 11:59:48,277 [info]: Clicking on By.xpath: //div[normalize-space()='Payment History']
