2025-04-11 09:48:53,140 [info]: Clicking on newBillTxt
2025-04-11 09:49:27,869 [info]: Phone number. Existing or new
2025-04-11 09:49:27,897 [info]: Phone number. Existing or new
2025-04-11 09:49:54,133 [info]: Numeric Value: Total: 2000.00
2025-04-11 09:49:54,168 [info]: Numeric Value: 2000.00
2025-04-11 09:50:23,691 [info]: Clicking on newBillTxt
2025-04-11 09:50:58,289 [info]: Phone number. Existing or new
2025-04-11 09:50:58,317 [info]: Phone number. Existing or new
2025-04-11 09:51:27,306 [info]: Numeric Value: Total: 2000.00
2025-04-11 09:51:27,335 [info]: Numeric Value: 2000.00
2025-04-11 09:52:05,913 [info]: Clicking on newBillTxt
2025-04-11 09:52:40,472 [info]: Phone number. Existing or new
2025-04-11 09:52:40,502 [info]: Phone number. Existing or new
2025-04-11 09:53:06,317 [info]: Numeric Value: Total: 2000.00
2025-04-11 09:53:06,343 [info]: Numeric Value: 2000.00
2025-04-11 09:53:30,706 [info]: Clicking on newBillTxt
2025-04-11 09:54:05,180 [info]: Phone number. Existing or new
2025-04-11 09:54:05,207 [info]: Phone number. Existing or new
2025-04-11 09:54:31,002 [info]: Numeric Value: Total: 2000.00
2025-04-11 09:54:31,033 [info]: Numeric Value: 2000.00
2025-04-11 09:54:53,305 [info]: Clicking on newBillTxt
2025-04-11 09:55:28,130 [info]: Phone number. Existing or new
2025-04-11 09:55:28,271 [info]: Phone number. Existing or new
2025-04-11 09:55:54,580 [info]: Numeric Value: Total: 2000.00
2025-04-11 09:55:54,618 [info]: Numeric Value: 2000.00
2025-04-11 09:56:33,655 [info]: Clicking on newBillTxt
2025-04-11 09:57:08,504 [info]: Phone number. Existing or new
2025-04-11 09:57:08,533 [info]: Phone number. Existing or new
2025-04-11 09:57:35,985 [info]: Numeric Value: Total: 2000.00
2025-04-11 09:57:36,011 [info]: Numeric Value: 2000.00
2025-04-11 09:57:39,281 [info]: 314.75
2025-04-11 09:58:07,307 [info]: Clicking on newBillTxt
2025-04-11 09:58:41,727 [info]: Phone number. Existing or new
2025-04-11 09:58:41,753 [info]: Phone number. Existing or new
2025-04-11 09:59:08,448 [info]: Numeric Value: Total: 2000.00
2025-04-11 09:59:08,483 [info]: Numeric Value: 2000.00
2025-04-11 09:59:21,145 [info]: Numeric Value: Total: 2000.00
2025-04-11 09:59:21,145 [info]: Numeric Value: 2000.00
2025-04-11 09:59:32,189 [info]: Clicking on newBillTxt
2025-04-11 10:00:06,733 [info]: Phone number. Existing or new
2025-04-11 10:00:06,762 [info]: Phone number. Existing or new
2025-04-11 10:02:05,954 [info]: Clicking on newBillTxt
2025-04-11 10:02:40,419 [info]: Phone number. Existing or new
2025-04-11 10:02:40,450 [info]: Phone number. Existing or new
2025-04-11 10:03:29,512 [info]: Nothing to be selected
2025-04-11 10:04:31,193 [info]: Clicking on newBillTxt
2025-04-11 10:05:05,601 [info]: Phone number. Existing or new
2025-04-11 10:05:05,633 [info]: Phone number. Existing or new
2025-04-11 10:05:56,219 [info]: Nothing to be selected
2025-04-11 10:07:33,537 [info]: Clicking on newBillTxt
