2025-04-17 13:24:13,924 [info]: Clicking on newBillTxt
2025-04-17 13:25:32,692 [info]: Clicking on newBillTxt
2025-04-17 13:26:07,047 [info]: Phone number. Existing or new
2025-04-17 13:26:07,095 [info]: Phone number. Existing or new
2025-04-17 13:26:41,773 [info]: Clicking on newBillTxt
2025-04-17 13:27:26,123 [info]: Clicking on newBillTxt
2025-04-17 13:27:47,706 [info]: Validating text
2025-04-17 13:27:47,773 [info]: Ref No.:
Kevin123YJLslSRdJ8b1X2QBTbrU1Am1psxrDovKd5vL1Ogayq
2025-04-17 13:27:51,863 [info]: descriptionSection None text displayed
2025-04-17 13:28:00,770 [info]: Validating text
2025-04-17 13:28:00,851 [info]: Description:
Kevin123BX9dVvCSCDUMeTneuGMpVbjCjNsiW6LuLeyDXZfBkvio7zXNvmlCCzVQNWzPVLUh6bt8MhZ3gVgeXNdbtOVCK3VBLx0vz6xo3Jr4TT8Vrt7CUcJOrsc9a3l1z5hAhbjUv39aq0hdLnz4flO5iLbgpNG6MET2QpiasCPOqjEMDX33K3SEpdJB37gcZqWzCVp7
2025-04-17 13:28:16,973 [info]: Validating text
2025-04-17 13:28:16,974 [info]: Validating text : By.xpath: //div[@class='border rounded p-1 overflow-hidden']
2025-04-17 13:28:16,974 [info]: Validating text
2025-04-17 13:28:16,974 [info]: Validating text : By.xpath: //span[contains(text(),'Ref:')]
2025-04-17 13:28:28,048 [info]: Clicking on newBillTxt
2025-04-17 13:28:31,472 [info]: 0.00
2025-04-17 13:28:31,472 [info]: Entered: 3001, But field contains: 0.00
2025-04-17 13:28:31,503 [info]: Extracted Number: 50000
2025-04-17 13:28:34,760 [info]: 5,000.00
2025-04-17 13:28:44,915 [info]: Clicking on newBillTxt
2025-04-17 13:28:48,490 [info]: Extracted Number: 3000
2025-04-17 13:28:51,723 [info]: 300.00
2025-04-17 13:28:51,723 [info]: Entered: 3001, But field contains: 300.00
2025-04-17 13:29:19,558 [info]: Clicking on newBillTxt
2025-04-17 13:29:38,641 [info]: Clicking on newBillTxt
2025-04-17 13:29:57,770 [info]: Clicking on newBillTxt
2025-04-17 13:30:11,674 [info]: 200
2025-04-17 13:30:38,737 [info]: Clicking on newBillTxt
2025-04-17 13:31:10,254 [info]: Clicking on newBillTxt
2025-04-17 13:31:36,457 [info]: Clicking on newBillTxt
2025-04-17 13:31:49,353 [info]: No repeat
2025-04-17 13:31:51,384 [info]: Daily
2025-04-17 13:31:55,522 [info]: Attribute value is fetched
2025-04-17 13:31:57,676 [info]: specificNumberTxt:3
2025-04-17 13:31:59,719 [info]: Specific number of times
times total
2025-04-17 13:32:01,745 [info]: Specific date
2025-04-17 13:32:03,783 [info]: Selected: Specific number of times
times total
2025-04-17 13:32:05,818 [info]: Selected: Specific date
2025-04-17 13:32:07,839 [info]: Weekly
2025-04-17 13:32:09,881 [info]: Monthly
2025-04-17 13:32:11,884 [info]: Yearly
2025-04-17 13:32:42,824 [info]: Clicking on newBillTxt
2025-04-17 13:32:55,792 [info]: No repeat
2025-04-17 13:32:57,797 [info]: Daily
2025-04-17 13:32:59,831 [info]: Weekly
2025-04-17 13:33:03,976 [info]: Attribute value is fetched
2025-04-17 13:33:06,150 [info]: specificNumberTxt:3
2025-04-17 13:33:08,197 [info]: Specific number of times
times total
2025-04-17 13:33:10,240 [info]: Specific date
2025-04-17 13:33:12,309 [info]: Selected: Specific number of times
times total
2025-04-17 13:33:14,333 [info]: Selected: Specific date
2025-04-17 13:33:16,358 [info]: Monthly
2025-04-17 13:33:18,411 [info]: Yearly
2025-04-17 13:33:48,831 [info]: Clicking on newBillTxt
2025-04-17 13:34:01,652 [info]: No repeat
2025-04-17 13:34:03,660 [info]: Daily
2025-04-17 13:34:05,694 [info]: Weekly
2025-04-17 13:34:07,730 [info]: Monthly
2025-04-17 13:34:11,881 [info]: Attribute value is fetched
2025-04-17 13:34:14,022 [info]: specificNumberTxt:3
2025-04-17 13:34:16,058 [info]: Specific number of times
times total
2025-04-17 13:34:18,070 [info]: Specific date
2025-04-17 13:34:20,115 [info]: Selected: Specific number of times
times total
2025-04-17 13:34:22,136 [info]: Selected: Specific date
2025-04-17 13:34:24,163 [info]: Yearly
2025-04-17 13:34:54,519 [info]: Clicking on newBillTxt
2025-04-17 13:35:07,435 [info]: No repeat
2025-04-17 13:35:09,458 [info]: Daily
2025-04-17 13:35:11,492 [info]: Weekly
2025-04-17 13:35:13,528 [info]: Monthly
2025-04-17 13:35:15,551 [info]: Yearly
2025-04-17 13:35:19,675 [info]: Specific number of times
2025-04-17 13:35:21,697 [info]: Specific date
2025-04-17 13:35:35,182 [info]: No pop-up showed
2025-04-17 13:35:49,920 [info]: Clicking on newBillTxt
