2025-04-11 10:51:41,979 [info]: Clicking on newBillTxt
2025-04-11 10:52:16,536 [info]: Phone number. Existing or new
2025-04-11 10:52:16,565 [info]: Phone number. Existing or new
2025-04-11 10:52:44,021 [info]: Numeric Value: Total: 2000.00
2025-04-11 10:52:44,048 [info]: Numeric Value: 2000.00
2025-04-11 10:53:12,986 [info]: Clicking on newBillTxt
2025-04-11 10:53:47,308 [info]: Phone number. Existing or new
2025-04-11 10:53:47,324 [info]: Phone number. Existing or new
2025-04-11 10:54:17,230 [info]: Numeric Value: Total: 2000.00
2025-04-11 10:54:17,257 [info]: Numeric Value: 2000.00
2025-04-11 10:54:52,507 [info]: Clicking on newBillTxt
2025-04-11 10:55:27,079 [info]: Phone number. Existing or new
2025-04-11 10:55:27,109 [info]: Phone number. Existing or new
2025-04-11 10:55:53,842 [info]: Numeric Value: Total: 2000.00
2025-04-11 10:55:53,869 [info]: Numeric Value: 2000.00
2025-04-11 10:56:16,828 [info]: Clicking on newBillTxt
2025-04-11 10:56:51,416 [info]: Phone number. Existing or new
2025-04-11 10:56:51,446 [info]: Phone number. Existing or new
2025-04-11 10:57:18,153 [info]: Numeric Value: Total: 2000.00
2025-04-11 10:57:18,179 [info]: Numeric Value: 2000.00
2025-04-11 10:57:41,848 [info]: Clicking on newBillTxt
2025-04-11 10:58:16,371 [info]: Phone number. Existing or new
2025-04-11 10:58:16,401 [info]: Phone number. Existing or new
2025-04-11 10:58:42,423 [info]: Numeric Value: Total: 2000.00
2025-04-11 10:58:42,451 [info]: Numeric Value: 2000.00
2025-04-11 10:59:21,310 [info]: Clicking on newBillTxt
2025-04-11 10:59:55,887 [info]: Phone number. Existing or new
2025-04-11 10:59:55,914 [info]: Phone number. Existing or new
2025-04-11 11:00:21,816 [info]: Numeric Value: Total: 2000.00
2025-04-11 11:00:21,843 [info]: Numeric Value: 2000.00
2025-04-11 11:00:25,138 [info]: 314.75
2025-04-11 11:00:54,311 [info]: Clicking on newBillTxt
2025-04-11 11:01:28,855 [info]: Phone number. Existing or new
2025-04-11 11:01:28,882 [info]: Phone number. Existing or new
2025-04-11 11:01:55,717 [info]: Numeric Value: Total: 2000.00
2025-04-11 11:01:55,743 [info]: Numeric Value: 2000.00
2025-04-11 11:02:08,869 [info]: Numeric Value: Total: 2000.00
2025-04-11 11:02:08,870 [info]: Numeric Value: 2000.00
2025-04-11 11:02:20,917 [info]: Clicking on newBillTxt
2025-04-11 11:02:56,091 [info]: Phone number. Existing or new
2025-04-11 11:02:56,140 [info]: Phone number. Existing or new
