2025-04-11 11:41:22,392 [info]: Clicking on newBillTxt
2025-04-11 11:41:57,226 [info]: Phone number. Existing or new
2025-04-11 11:41:57,255 [info]: Phone number. Existing or new
2025-04-11 11:42:25,024 [info]: Numeric Value: Total: 2000.00
2025-04-11 11:42:25,056 [info]: Numeric Value: 2000.00
2025-04-11 11:42:57,478 [info]: Clicking on newBillTxt
2025-04-11 11:43:32,125 [info]: Phone number. Existing or new
2025-04-11 11:43:32,151 [info]: Phone number. Existing or new
2025-04-11 11:44:01,984 [info]: Numeric Value: Total: 2000.00
2025-04-11 11:44:02,010 [info]: Numeric Value: 2000.00
2025-04-11 11:44:39,568 [info]: Clicking on newBillTxt
2025-04-11 11:45:14,584 [info]: Phone number. Existing or new
2025-04-11 11:45:14,611 [info]: Phone number. Existing or new
2025-04-11 11:45:42,381 [info]: Numeric Value: Total: 2000.00
2025-04-11 11:45:42,408 [info]: Numeric Value: 2000.00
2025-04-11 11:46:06,364 [info]: Clicking on newBillTxt
2025-04-11 11:46:40,732 [info]: Phone number. Existing or new
2025-04-11 11:46:40,759 [info]: Phone number. Existing or new
2025-04-11 11:47:07,453 [info]: Numeric Value: Total: 2000.00
2025-04-11 11:47:07,486 [info]: Numeric Value: 2000.00
2025-04-11 11:47:34,316 [info]: Clicking on newBillTxt
2025-04-11 11:48:09,189 [info]: Phone number. Existing or new
2025-04-11 11:48:09,219 [info]: Phone number. Existing or new
2025-04-11 11:48:36,869 [info]: Numeric Value: Total: 2000.00
2025-04-11 11:48:36,895 [info]: Numeric Value: 2000.00
2025-04-11 11:49:17,030 [info]: Clicking on newBillTxt
2025-04-11 11:49:51,619 [info]: Phone number. Existing or new
2025-04-11 11:49:51,647 [info]: Phone number. Existing or new
2025-04-11 11:50:17,864 [info]: Numeric Value: Total: 2000.00
2025-04-11 11:50:17,890 [info]: Numeric Value: 2000.00
2025-04-11 11:50:21,169 [info]: 314.75
2025-04-11 11:50:53,955 [info]: Clicking on newBillTxt
2025-04-11 11:51:28,728 [info]: Phone number. Existing or new
2025-04-11 11:51:28,763 [info]: Phone number. Existing or new
2025-04-11 11:51:55,745 [info]: Numeric Value: Total: 2000.00
2025-04-11 11:51:55,771 [info]: Numeric Value: 2000.00
2025-04-11 11:52:08,408 [info]: Numeric Value: Total: 2000.00
2025-04-11 11:52:08,409 [info]: Numeric Value: 2000.00
2025-04-11 11:52:28,343 [info]: Clicking on newBillTxt
2025-04-11 11:53:02,869 [info]: Phone number. Existing or new
2025-04-11 11:53:02,898 [info]: Phone number. Existing or new
2025-04-11 11:55:11,691 [info]: Clicking on newBillTxt
2025-04-11 11:55:46,149 [info]: Phone number. Existing or new
2025-04-11 11:55:46,175 [info]: Phone number. Existing or new
2025-04-11 11:56:36,715 [info]: Nothing to be selected
2025-04-11 11:58:01,472 [info]: Clicking on newBillTxt
2025-04-11 11:58:36,106 [info]: Phone number. Existing or new
2025-04-11 11:58:36,133 [info]: Phone number. Existing or new
2025-04-11 11:59:27,145 [info]: Nothing to be selected
2025-04-11 12:01:05,824 [info]: Clicking on newBillTxt
2025-04-11 12:01:40,603 [info]: Phone number. Existing or new
2025-04-11 12:01:40,638 [info]: Phone number. Existing or new
2025-04-11 12:03:19,576 [info]: Clicking on newBillTxt
2025-04-11 12:03:53,856 [info]: Phone number. Existing or new
2025-04-11 12:03:53,885 [info]: Phone number. Existing or new
2025-04-11 12:04:43,167 [info]: Nothing to be selected
2025-04-11 12:05:42,345 [info]: Clicking on newBillTxt
2025-04-11 12:06:16,905 [info]: Phone number. Existing or new
2025-04-11 12:06:16,934 [info]: Phone number. Existing or new
2025-04-11 12:06:45,457 [info]: 
2025-04-11 12:06:45,662 [info]: 
