2025-04-11 10:08:31,739 [info]: Clicking on newBillTxt
2025-04-11 10:09:06,365 [info]: Phone number. Existing or new
2025-04-11 10:09:06,396 [info]: Phone number. Existing or new
2025-04-11 10:09:33,144 [info]: Numeric Value: Total: 2000.00
2025-04-11 10:09:33,179 [info]: Numeric Value: 2000.00
2025-04-11 10:10:02,294 [info]: Clicking on newBillTxt
2025-04-11 10:10:36,812 [info]: Phone number. Existing or new
2025-04-11 10:10:36,841 [info]: Phone number. Existing or new
2025-04-11 10:11:05,869 [info]: Numeric Value: Total: 2000.00
2025-04-11 10:11:05,889 [info]: Numeric Value: 2000.00
2025-04-11 10:11:41,915 [info]: Clicking on newBillTxt
2025-04-11 10:12:16,470 [info]: Phone number. Existing or new
2025-04-11 10:12:16,509 [info]: Phone number. Existing or new
2025-04-11 10:12:42,516 [info]: Numeric Value: Total: 2000.00
2025-04-11 10:12:42,542 [info]: Numeric Value: 2000.00
2025-04-11 10:13:05,775 [info]: Clicking on newBillTxt
2025-04-11 10:13:40,348 [info]: Phone number. Existing or new
2025-04-11 10:13:40,382 [info]: Phone number. Existing or new
2025-04-11 10:14:07,943 [info]: Numeric Value: Total: 2000.00
2025-04-11 10:14:07,970 [info]: Numeric Value: 2000.00
2025-04-11 10:14:29,877 [info]: Clicking on newBillTxt
2025-04-11 10:15:04,395 [info]: Phone number. Existing or new
2025-04-11 10:15:04,425 [info]: Phone number. Existing or new
2025-04-11 10:15:31,909 [info]: Numeric Value: Total: 2000.00
2025-04-11 10:15:31,937 [info]: Numeric Value: 2000.00
2025-04-11 10:16:10,069 [info]: Clicking on newBillTxt
2025-04-11 10:16:44,293 [info]: Phone number. Existing or new
2025-04-11 10:16:44,321 [info]: Phone number. Existing or new
2025-04-11 10:17:11,730 [info]: Numeric Value: Total: 2000.00
2025-04-11 10:17:11,757 [info]: Numeric Value: 2000.00
2025-04-11 10:17:15,021 [info]: 314.75
2025-04-11 10:17:43,350 [info]: Clicking on newBillTxt
2025-04-11 10:18:17,939 [info]: Phone number. Existing or new
2025-04-11 10:18:17,967 [info]: Phone number. Existing or new
2025-04-11 10:18:44,667 [info]: Numeric Value: Total: 2000.00
2025-04-11 10:18:44,694 [info]: Numeric Value: 2000.00
2025-04-11 10:18:57,241 [info]: Numeric Value: Total: 2000.00
2025-04-11 10:18:57,242 [info]: Numeric Value: 2000.00
2025-04-11 10:19:07,426 [info]: Clicking on newBillTxt
2025-04-11 10:19:41,903 [info]: Phone number. Existing or new
2025-04-11 10:19:41,932 [info]: Phone number. Existing or new
2025-04-11 10:21:43,367 [info]: Clicking on newBillTxt
2025-04-11 10:22:17,759 [info]: Phone number. Existing or new
2025-04-11 10:22:17,789 [info]: Phone number. Existing or new
2025-04-11 10:23:08,252 [info]: Nothing to be selected
