2025-04-11 10:28:08,120 [info]: Clicking on newBillTxt
2025-04-11 10:28:43,419 [info]: Phone number. Existing or new
2025-04-11 10:28:43,456 [info]: Phone number. Existing or new
2025-04-11 10:29:09,513 [info]: Numeric Value: Total: 2000.00
2025-04-11 10:29:09,540 [info]: Numeric Value: 2000.00
2025-04-11 10:29:38,538 [info]: Clicking on newBillTxt
2025-04-11 10:30:13,094 [info]: Phone number. Existing or new
2025-04-11 10:30:13,125 [info]: Phone number. Existing or new
2025-04-11 10:30:43,153 [info]: Numeric Value: Total: 2000.00
2025-04-11 10:30:43,181 [info]: Numeric Value: 2000.00
2025-04-11 10:31:20,522 [info]: Clicking on newBillTxt
2025-04-11 10:31:55,145 [info]: Phone number. Existing or new
2025-04-11 10:31:55,174 [info]: Phone number. Existing or new
2025-04-11 10:32:22,663 [info]: Numeric Value: Total: 2000.00
2025-04-11 10:32:22,687 [info]: Numeric Value: 2000.00
2025-04-11 10:32:44,519 [info]: Clicking on newBillTxt
2025-04-11 10:33:18,987 [info]: Phone number. Existing or new
2025-04-11 10:33:19,012 [info]: Phone number. Existing or new
2025-04-11 10:33:46,545 [info]: Numeric Value: Total: 2000.00
2025-04-11 10:33:46,571 [info]: Numeric Value: 2000.00
2025-04-11 10:34:08,420 [info]: Clicking on newBillTxt
2025-04-11 10:34:42,883 [info]: Phone number. Existing or new
2025-04-11 10:34:42,911 [info]: Phone number. Existing or new
2025-04-11 10:35:08,894 [info]: Numeric Value: Total: 2000.00
2025-04-11 10:35:08,920 [info]: Numeric Value: 2000.00
2025-04-11 10:35:47,596 [info]: Clicking on newBillTxt
2025-04-11 10:36:22,149 [info]: Phone number. Existing or new
2025-04-11 10:36:22,176 [info]: Phone number. Existing or new
2025-04-11 10:36:49,579 [info]: Numeric Value: Total: 2000.00
2025-04-11 10:36:49,605 [info]: Numeric Value: 2000.00
2025-04-11 10:36:52,878 [info]: 314.75
2025-04-11 10:37:20,906 [info]: Clicking on newBillTxt
2025-04-11 10:37:55,514 [info]: Phone number. Existing or new
2025-04-11 10:37:55,540 [info]: Phone number. Existing or new
2025-04-11 10:38:22,448 [info]: Numeric Value: Total: 2000.00
2025-04-11 10:38:22,474 [info]: Numeric Value: 2000.00
2025-04-11 10:38:34,955 [info]: Numeric Value: Total: 2000.00
2025-04-11 10:38:34,955 [info]: Numeric Value: 2000.00
2025-04-11 10:38:45,683 [info]: Clicking on newBillTxt
2025-04-11 10:39:20,023 [info]: Phone number. Existing or new
2025-04-11 10:39:20,048 [info]: Phone number. Existing or new
2025-04-11 10:41:22,449 [info]: Clicking on newBillTxt
2025-04-11 10:41:56,854 [info]: Phone number. Existing or new
2025-04-11 10:41:56,887 [info]: Phone number. Existing or new
2025-04-11 10:42:47,172 [info]: Nothing to be selected
