2025-04-23 21:45:55,318 [info]: Clicking on newBillTxt
2025-04-23 21:46:22,413 [info]: Clicking on By.xpath: //a[normalize-space()='Sign out']
2025-04-23 21:46:34,066 [info]: Clicking on By.xpath: //a[@class='stretched-link position-absolute h-100 -updateamount-']
2025-04-23 21:46:39,106 [info]: Clicking on By.xpath: //input[@lbl-title='Amount']
2025-04-23 21:46:46,338 [info]: Clicking on By.xpath: //input[@name='amount']//following::button[@type='submit' and normalize-space()='Update'][2]
2025-04-23 21:47:00,190 [info]: Clicking on By.xpath: //a[normalize-space()='My Stuff']
2025-04-23 21:47:00,217 [info]: Clicking on By.xpath: //div[normalize-space()='Payment History']
2025-04-23 21:47:06,121 [info]: Clicking on By.xpath: //button[normalize-space()='Make payments']
2025-04-23 21:47:26,236 [info]: Clicking on By.xpath: //a[normalize-space()='My Stuff']
2025-04-23 21:47:26,264 [info]: Clicking on By.xpath: //div[normalize-space()='Payment History']
2025-04-23 21:47:43,861 [info]: Clicking on By.xpath: //a[normalize-space()='My Stuff']
2025-04-23 21:47:43,889 [info]: Clicking on By.xpath: //div[normalize-space()='Payment History']
2025-04-23 21:47:53,903 [info]: Clicking on newBillTxt
2025-04-23 21:48:20,591 [info]: Clicking on By.xpath: //a[normalize-space()='Sign out']
2025-04-23 21:48:28,559 [info]: Clicking on By.xpath: //Button[@name='applyAmount' and @value='-1']
2025-04-23 21:48:47,759 [info]: Clicking on By.xpath: //a[normalize-space()='Close']
2025-04-23 21:49:44,179 [info]: Clicking on By.xpath: //a[normalize-space()='My Stuff']
2025-04-23 21:49:44,204 [info]: Clicking on By.xpath: //div[normalize-space()='Payment History']
2025-04-23 21:49:55,353 [info]: Clicking on By.xpath: //a[normalize-space()='My Stuff']
2025-04-23 21:49:55,386 [info]: Clicking on By.xpath: //div[normalize-space()='Payment History']
