2025-04-24 15:29:59,766 [info]: Clicking on By.xpath: //div[text()='Gift Cards Dashboard']
2025-04-24 15:30:13,591 [info]: Clicking on By.xpath: //div[text()='Gift Cards Dashboard']
2025-04-24 15:30:14,962 [info]: Element is clicked at index: 3
2025-04-24 15:30:27,093 [info]: Clicking on By.xpath: //div[text()='Gift Cards Dashboard']
2025-04-24 15:30:28,454 [info]: Element is clicked at index: 4
2025-04-24 15:30:43,201 [info]: Clicking on By.xpath: //div[text()='Gift Cards Dashboard']
2025-04-24 15:30:44,575 [info]: Element is clicked at index: 4
2025-04-24 15:31:01,882 [info]: Clicking on By.xpath: //div[text()='Gift Cards Dashboard']
2025-04-24 15:31:03,383 [info]: Element is clicked at index: 6
2025-04-24 15:31:21,933 [info]: Clicking on By.xpath: //div[text()='Gift Cards Dashboard']
2025-04-24 15:31:23,802 [info]: Element is clicked at index: 6
2025-04-24 15:31:40,394 [info]: Clicking on By.xpath: //div[text()='Gift Cards Dashboard']
2025-04-24 15:31:41,657 [info]: Element is clicked at index: 6
2025-04-24 15:31:58,129 [info]: Clicking on By.xpath: //div[text()='Gift Cards Dashboard']
2025-04-24 15:32:18,622 [info]: Clicking on By.xpath: //div[text()='Gift Cards Dashboard']
2025-04-24 15:32:20,328 [info]: Element is clicked at index: 6
2025-04-24 15:32:37,226 [info]: Clicking on By.xpath: //div[text()='Gift Cards Dashboard']
2025-04-24 15:32:38,913 [info]: Element is clicked at index: 6
2025-04-24 15:32:53,773 [info]: Clicking on By.xpath: //div[text()='Gift Cards Dashboard']
2025-04-24 15:32:54,956 [info]: Element is clicked at index: 4
2025-04-24 15:33:00,437 [info]: Clicking on By.cssSelector: div>.modal-content .stretched-link.-selectCustomer-
2025-04-24 15:33:12,761 [info]: Clicking on By.xpath: //div[text()='Gift Cards Dashboard']
2025-04-24 15:33:13,996 [info]: Element is clicked at index: 4
2025-04-24 15:33:18,733 [info]: Clicking on By.cssSelector: div.bg-white>button:nth-child(2)
2025-04-24 15:33:19,989 [info]: Clicking on By.cssSelector: div>.modal-content .stretched-link.-selectCustomer-
2025-04-24 15:33:33,606 [info]: Clicking on By.xpath: //div[text()='Gift Cards Dashboard']
2025-04-24 15:33:35,001 [info]: Element is clicked at index: 4
2025-04-24 15:33:39,380 [info]: Clicking on By.cssSelector: div.bg-white>button:nth-child(2)
2025-04-24 15:33:40,707 [info]: Clicking on By.cssSelector: div>.modal-content .stretched-link.-selectCustomer-
2025-04-24 15:33:41,854 [info]: Clicking on By.cssSelector: input[name='email']~button.btn
2025-04-24 15:33:53,902 [info]: Clicking on By.xpath: //div[text()='Gift Cards Dashboard']
2025-04-24 15:33:55,097 [info]: Element is clicked at index: 4
2025-04-24 15:33:59,495 [info]: Clicking on By.cssSelector: div.bg-white>button:nth-child(2)
2025-04-24 15:34:00,790 [info]: Clicking on By.cssSelector: div>.modal-content .stretched-link.-selectCustomer-
2025-04-24 15:34:13,536 [info]: Clicking on By.xpath: //div[text()='Gift Cards Dashboard']
2025-04-24 15:34:14,869 [info]: Element is clicked at index: 4
2025-04-24 15:34:19,239 [info]: Clicking on By.cssSelector: div.bg-white>button:nth-child(2)
2025-04-24 15:34:20,517 [info]: Clicking on By.cssSelector: div>.modal-content .stretched-link.-selectCustomer-
2025-04-24 15:34:21,900 [info]: Clicking on By.cssSelector: input[name='email']~button.btn
2025-04-24 15:34:35,141 [info]: Clicking on By.xpath: //div[text()='Gift Cards Dashboard']
2025-04-24 15:34:36,353 [info]: Element is clicked at index: 4
2025-04-24 15:34:40,766 [info]: Clicking on By.cssSelector: div.bg-white>button:nth-child(2)
2025-04-24 15:34:42,016 [info]: Clicking on By.cssSelector: div>.modal-content .stretched-link.-selectCustomer-
2025-04-24 15:34:43,519 [info]: Clicking on By.cssSelector: input[name='email']~button.btn
2025-04-24 15:34:55,668 [info]: Clicking on By.xpath: //div[text()='Gift Cards Dashboard']
2025-04-24 15:34:57,068 [info]: Element is clicked at index: 5
2025-04-24 15:35:04,607 [info]: Clicking on By.cssSelector: div.bg-white>button:nth-child(2)
2025-04-24 15:35:05,794 [info]: Clicking on By.cssSelector: div>.modal-content .stretched-link.-selectCustomer-
2025-04-24 15:35:07,097 [info]: Clicking on By.cssSelector: input[name='email']~button.btn
2025-04-24 15:35:22,623 [info]: Clicking on By.xpath: //div[text()='Gift Cards Dashboard']
2025-04-24 15:35:24,053 [info]: Element is clicked at index: 4
2025-04-24 15:35:28,726 [info]: Clicking on By.cssSelector: div.bg-white>button:nth-child(2)
2025-04-24 15:35:30,028 [info]: Clicking on By.cssSelector: div>.modal-content .stretched-link.-selectCustomer-
2025-04-24 15:35:31,311 [info]: Clicking on By.cssSelector: input[name='email']~button.btn
2025-04-24 15:35:32,577 [info]: Clicking on By.cssSelector: div.d-flex.justify-content-between ~ a.p-0.mb-1
2025-04-24 15:35:45,683 [info]: Clicking on By.xpath: //div[text()='Gift Cards Dashboard']
2025-04-24 15:35:47,085 [info]: Element is clicked at index: 4
2025-04-24 15:35:51,423 [info]: Clicking on By.cssSelector: div.bg-white>button:nth-child(2)
2025-04-24 15:35:52,642 [info]: Clicking on By.cssSelector: div>.modal-content .stretched-link.-selectCustomer-
2025-04-24 15:35:53,881 [info]: Clicking on By.cssSelector: input[name='email']~button.btn
2025-04-24 15:35:55,163 [info]: Clicking on By.cssSelector: div.d-flex.justify-content-between ~ a.p-0.mb-1
2025-04-24 15:36:17,478 [info]: Clicking on By.xpath: //div[text()='Gift Cards Dashboard']
2025-04-24 15:36:19,296 [info]: Element is clicked at index: 4
2025-04-24 15:36:24,535 [info]: Clicking on By.cssSelector: div.bg-white>button:nth-child(2)
2025-04-24 15:36:25,127 [info]: Clicking on By.cssSelector: div.d-flex.justify-content-between ~ a.p-0.mb-1
2025-04-24 15:36:46,864 [info]: Clicking on By.xpath: //div[text()='Gift Cards Dashboard']
2025-04-24 15:36:48,311 [info]: Element is clicked at index: 4
2025-04-24 15:36:52,833 [info]: Clicking on By.cssSelector: div.bg-white>button:nth-child(2)
2025-04-24 15:36:53,911 [info]: Clicking on By.cssSelector: div.d-flex.justify-content-between ~ a.p-0.mb-1
2025-04-24 15:37:16,714 [info]: Clicking on By.xpath: //div[text()='Gift Cards Dashboard']
2025-04-24 15:37:18,127 [info]: Element is clicked at index: 4
2025-04-24 15:37:23,181 [info]: Clicking on By.cssSelector: div.bg-white>button:nth-child(2)
2025-04-24 15:37:23,786 [info]: Clicking on By.cssSelector: div.d-flex.justify-content-between ~ a.p-0.mb-1
2025-04-24 15:37:36,034 [info]: Clicking on By.xpath: //div[text()='Gift Cards Dashboard']
2025-04-24 15:37:37,589 [info]: Element is clicked at index: 5
2025-04-24 15:37:40,254 [info]: Clicking on By.cssSelector: input[name='readonlyFunds'] ~ i.custom-check-off
2025-04-24 15:37:43,031 [info]: Clicking on By.cssSelector: div.bg-white>button:nth-child(2)
2025-04-24 15:37:43,881 [info]: Clicking on By.cssSelector: div.d-flex.justify-content-between ~ a.p-0.mb-1
2025-04-24 15:37:57,472 [info]: Clicking on By.xpath: //div[text()='Gift Cards Dashboard']
2025-04-24 15:37:58,906 [info]: Element is clicked at index: 5
2025-04-24 15:38:06,867 [info]: Clicking on By.cssSelector: input[name='readonlyFunds'] ~ i.custom-check-on
2025-04-24 15:38:08,330 [info]: Clicking on By.cssSelector: div.bg-white>button:nth-child(2)
2025-04-24 15:38:09,060 [info]: Clicking on By.cssSelector: div.d-flex.justify-content-between ~ a.p-0.mb-1
2025-04-24 15:38:23,607 [info]: Clicking on By.xpath: //div[text()='Gift Cards Dashboard']
2025-04-24 15:38:25,292 [info]: Element is clicked at index: 4
2025-04-24 15:38:29,948 [info]: Clicking on By.cssSelector: div.bg-white>button:nth-child(2)
2025-04-24 15:38:30,723 [info]: Clicking on By.cssSelector: div.d-flex.justify-content-between ~ a.p-0.mb-1
2025-04-24 15:38:43,716 [info]: Clicking on By.xpath: //div[text()='Gift Cards Dashboard']
2025-04-24 15:38:45,176 [info]: Element is clicked at index: 4
2025-04-24 15:38:49,862 [info]: Clicking on By.cssSelector: div.bg-white>button:nth-child(2)
2025-04-24 15:38:50,515 [info]: Clicking on By.cssSelector: div.d-flex.justify-content-between ~ a.p-0.mb-1
2025-04-24 15:39:03,218 [info]: Clicking on By.xpath: //div[text()='Gift Cards Dashboard']
2025-04-24 15:39:04,599 [info]: Element is clicked at index: 4
2025-04-24 15:39:08,959 [info]: Clicking on By.cssSelector: div.bg-white>button:nth-child(2)
2025-04-24 15:39:09,714 [info]: Clicking on By.cssSelector: div.d-flex.justify-content-between ~ a.p-0.mb-1
2025-04-24 15:39:25,039 [info]: Clicking on By.xpath: //div[text()='Gift Cards Dashboard']
2025-04-24 15:39:26,706 [info]: Element is clicked at index: 4
2025-04-24 15:39:32,423 [info]: Clicking on By.cssSelector: div.bg-white>button:nth-child(2)
2025-04-24 15:39:33,159 [info]: Clicking on By.cssSelector: div.d-flex.justify-content-between ~ a.p-0.mb-1
2025-04-24 15:40:16,500 [info]: Clicking on By.xpath: //div[text()='Gift Cards Dashboard']
2025-04-24 15:40:17,802 [info]: Element is clicked at index: 5
2025-04-24 15:40:36,015 [info]: Clicking on By.xpath: //div[text()='Gift Cards Dashboard']
2025-04-24 15:40:37,342 [info]: Element is clicked at index: 5
2025-04-24 15:41:05,544 [info]: Clicking on By.xpath: //div[text()='Gift Cards Dashboard']
2025-04-24 15:41:07,276 [info]: Element is clicked at index: 5
2025-04-24 15:41:13,502 [info]: Only enters numeric value so expected would be 1000.00 which is max
2025-04-24 15:41:28,362 [info]: Clicking on By.xpath: //div[text()='Gift Cards Dashboard']
2025-04-24 15:41:29,769 [info]: Element is clicked at index: 5
2025-04-24 15:41:35,660 [info]: Only enters numeric value so expected would be 1000.00 which is max
2025-04-24 15:41:52,524 [info]: Clicking on By.xpath: //div[text()='Gift Cards Dashboard']
2025-04-24 15:41:53,788 [info]: Element is clicked at index: 5
2025-04-24 15:41:59,504 [info]: Only enters numeric value so expected would be 1000.00 which is max
2025-04-24 15:42:14,708 [info]: Clicking on By.xpath: //div[text()='Gift Cards Dashboard']
2025-04-24 15:42:16,380 [info]: Element is clicked at index: 5
2025-04-24 15:42:29,366 [info]: Clicking on By.xpath: //button[normalize-space()='Save changes']
2025-04-24 15:42:31,401 [info]: Navigated to Gift Card for sale page
2025-04-24 15:42:43,122 [info]: Clicking on By.xpath: //div[text()='Gift Cards Dashboard']
2025-04-24 15:42:46,270 [info]: Element is clicked at index: 5
2025-04-24 15:42:58,025 [info]: Clicking on By.xpath: //button[normalize-space()='Save changes']
2025-04-24 15:43:03,356 [info]: Validate tooltip
2025-04-24 15:43:22,921 [info]: Clicking on By.xpath: //div[text()='Gift Cards Dashboard']
2025-04-24 15:43:24,307 [info]: Element is clicked at index: 5
2025-04-24 15:43:33,203 [info]: Maximum length is 4
2025-04-24 15:43:46,024 [info]: Clicking on By.xpath: //div[text()='Gift Cards Dashboard']
2025-04-24 15:43:47,519 [info]: Element is clicked at index: 5
2025-04-24 15:43:58,188 [info]: Maximum length is 4
