2025-04-24 09:28:13,689 [info]: Clicking on newBillTxt
2025-04-24 09:28:49,249 [info]: Phone number. Existing or new
2025-04-24 09:28:49,331 [info]: Phone number. Existing or new
2025-04-24 09:29:18,461 [info]: Numeric Value: Total: 2000.00
2025-04-24 09:29:18,523 [info]: Numeric Value: 2000.00
2025-04-24 09:29:49,425 [info]: Clicking on newBillTxt
2025-04-24 09:30:24,334 [info]: Phone number. Existing or new
2025-04-24 09:30:24,396 [info]: Phone number. Existing or new
2025-04-24 09:30:53,751 [info]: Clicking on By.xpath: //button[@class='btn btn-outline-success']
2025-04-24 09:30:55,626 [info]: Numeric Value: Total: 2000.00
2025-04-24 09:30:55,689 [info]: Numeric Value: 2000.00
2025-04-24 09:31:51,520 [info]: Clicking on newBillTxt
2025-04-24 09:32:26,127 [info]: Phone number. Existing or new
2025-04-24 09:32:26,171 [info]: Phone number. Existing or new
2025-04-24 09:32:54,053 [info]: Numeric Value: Total: 2000.00
2025-04-24 09:32:54,101 [info]: Numeric Value: 2000.00
2025-04-24 09:33:16,688 [info]: Clicking on newBillTxt
2025-04-24 09:33:51,339 [info]: Phone number. Existing or new
2025-04-24 09:33:51,384 [info]: Phone number. Existing or new
2025-04-24 09:34:19,528 [info]: Numeric Value: Total: 2000.00
2025-04-24 09:34:19,576 [info]: Numeric Value: 2000.00
2025-04-24 09:34:43,934 [info]: Clicking on newBillTxt
2025-04-24 09:35:18,724 [info]: Phone number. Existing or new
2025-04-24 09:35:18,779 [info]: Phone number. Existing or new
2025-04-24 09:35:47,224 [info]: Numeric Value: Total: 2000.00
2025-04-24 09:35:47,273 [info]: Numeric Value: 2000.00
2025-04-24 09:36:26,180 [info]: Clicking on newBillTxt
2025-04-24 09:37:00,558 [info]: Phone number. Existing or new
2025-04-24 09:37:00,591 [info]: Phone number. Existing or new
2025-04-24 09:37:27,987 [info]: Numeric Value: Total: 2000.00
2025-04-24 09:37:28,019 [info]: Numeric Value: 2000.00
2025-04-24 09:37:31,292 [info]: 314.75
2025-04-24 09:37:59,262 [info]: Clicking on newBillTxt
2025-04-24 09:38:34,220 [info]: Phone number. Existing or new
2025-04-24 09:38:34,275 [info]: Phone number. Existing or new
2025-04-24 09:39:00,543 [info]: Numeric Value: Total: 2000.00
2025-04-24 09:39:00,595 [info]: Numeric Value: 2000.00
2025-04-24 09:39:13,644 [info]: Numeric Value: Total: 2000.00
2025-04-24 09:39:13,644 [info]: Numeric Value: 2000.00
2025-04-24 09:39:24,205 [info]: Clicking on newBillTxt
2025-04-24 09:39:58,920 [info]: Phone number. Existing or new
2025-04-24 09:39:58,961 [info]: Phone number. Existing or new
2025-04-24 09:42:01,856 [info]: Clicking on newBillTxt
2025-04-24 09:42:36,339 [info]: Phone number. Existing or new
2025-04-24 09:42:36,384 [info]: Phone number. Existing or new
2025-04-24 09:43:27,273 [info]: Nothing to be selected
2025-04-24 09:44:49,778 [info]: Clicking on newBillTxt
2025-04-24 09:45:24,295 [info]: Phone number. Existing or new
2025-04-24 09:45:24,327 [info]: Phone number. Existing or new
2025-04-24 09:46:14,887 [info]: Clicking on newBillTxt
2025-04-24 09:46:49,303 [info]: Phone number. Existing or new
2025-04-24 09:46:49,320 [info]: Phone number. Existing or new
2025-04-24 09:47:39,336 [info]: Nothing to be selected
2025-04-24 09:48:33,017 [info]: Clicking on newBillTxt
2025-04-24 09:49:07,453 [info]: Phone number. Existing or new
2025-04-24 09:49:07,495 [info]: Phone number. Existing or new
2025-04-24 09:50:03,396 [info]: Nothing to be selected
