2025-04-28 11:07:18,892 [info]: Clicking on By.xpath: //button[text()='Save']
2025-04-28 11:07:23,451 [info]: Clicking on By.xpath: //span[text()='Accept bank transfer']
2025-04-28 11:07:23,480 [info]: Clicking on By.xpath: //button[text()='Continue']
2025-04-28 11:07:24,609 [info]: Clicking on By.xpath: //button[text()='Continue']
2025-04-28 11:07:56,240 [info]: Clicking on By.cssSelector: .fal.fa-circle.custom-check-off
2025-04-28 11:07:56,430 [info]: Clicking on By.xpath: //button[text()='Update Status']
2025-04-28 11:08:03,541 [info]: Clicking on By.cssSelector: button[href=".-deleteStore-"]
2025-04-28 11:08:06,316 [info]: Clicking on By.xpath: //button[text()='Delete Permanently']
2025-04-28 11:09:04,486 [info]: Clicking on By.xpath: //button[text()='Save']
2025-04-28 11:09:08,614 [info]: Clicking on By.xpath: //span[text()='Accept bank transfer']
2025-04-28 11:09:08,636 [info]: Clicking on By.xpath: //button[text()='Continue']
2025-04-28 11:09:09,744 [info]: Clicking on By.xpath: //button[text()='Continue']
2025-04-28 11:09:31,277 [info]: Clicking on By.cssSelector: .fal.fa-circle.custom-check-off
2025-04-28 11:09:31,466 [info]: Clicking on By.xpath: //button[text()='Update Status']
2025-04-28 11:09:38,208 [info]: Clicking on By.cssSelector: button[href=".-deleteStore-"]
2025-04-28 11:09:41,007 [info]: Clicking on By.xpath: //button[text()='Delete Permanently']
2025-04-28 11:11:47,988 [info]: Clicking on By.xpath: //button[text()='Save']
2025-04-28 11:12:00,428 [info]: Clicking on By.xpath: //button[text()='Save']
2025-04-28 11:12:01,717 [info]: Clicking on By.xpath: //button[text()='Continue']
2025-04-28 11:12:16,155 [info]: Clicking on By.cssSelector: .fal.fa-circle.custom-check-off
2025-04-28 11:12:16,344 [info]: Clicking on By.xpath: //button[text()='Update Status']
2025-04-28 11:12:23,084 [info]: Clicking on By.cssSelector: button[href=".-deleteStore-"]
2025-04-28 11:12:25,844 [info]: Clicking on By.xpath: //button[text()='Delete Permanently']
2025-04-28 11:12:58,783 [info]: Clicking on By.xpath: (//div[@class='my-3 loaded']//label/i)[14]
2025-04-28 11:14:44,657 [info]: Clicking on By.xpath: //button[text()='Save']
2025-04-28 11:14:49,121 [info]: Clicking on By.xpath: //span[text()='Accept bank transfer']
2025-04-28 11:14:49,148 [info]: Clicking on By.xpath: //button[text()='Continue']
2025-04-28 11:14:50,288 [info]: Clicking on By.xpath: //button[text()='Continue']
2025-04-28 11:15:21,760 [info]: Clicking on By.cssSelector: .fal.fa-circle.custom-check-off
2025-04-28 11:15:21,961 [info]: Clicking on By.xpath: //button[text()='Update Status']
2025-04-28 11:15:29,066 [info]: Clicking on By.cssSelector: button[href=".-deleteStore-"]
2025-04-28 11:15:31,835 [info]: Clicking on By.xpath: //button[text()='Delete Permanently']
2025-04-28 11:16:19,934 [info]: Clicking on By.xpath: //button[text()='Add new terminal']
2025-04-28 11:16:23,107 [info]: Clicking on By.xpath: //label[text()='Select your terminal']/../div[4]/label/i[2]
2025-04-28 11:16:23,173 [info]: Clicking on By.xpath: //button[text()='Save']
2025-04-28 11:17:20,401 [info]: Clicking on By.xpath: //button[text()='Save changes']
2025-04-28 11:18:14,979 [info]: Clicking on By.cssSelector: .custom-checkbox.mb-2>span
2025-04-28 11:18:15,632 [info]: Clicking on By.xpath: //button[text()='Save changes']
2025-04-28 11:18:15,672 [info]: Clicking on By.xpath: (//button[@type='button'][text()='Configure'])[2]
2025-04-28 11:18:17,033 [info]: Clicking on By.xpath: //button[text()='Save changes']
2025-04-28 11:18:19,118 [info]: Clicking on By.xpath: //button[text()='Store links']
2025-04-28 11:18:58,789 [info]: Clicking on By.xpath: //button[text()='Save']
2025-04-28 11:19:01,025 [info]: Clicking on By.xpath: //button[text()='Save']
2025-04-28 11:20:00,686 [info]: Clicking on By.xpath: //button[text()='Save']
2025-04-28 11:20:04,805 [info]: Clicking on By.xpath: //span[text()='Accept bank transfer']
2025-04-28 11:20:04,826 [info]: Clicking on By.xpath: //button[text()='Continue']
2025-04-28 11:20:05,925 [info]: Clicking on By.xpath: //button[text()='Continue']
