2025-04-23 15:50:24,152 [info]: Clicking on newBillTxt
2025-04-23 15:50:58,989 [info]: Phone number. Existing or new
2025-04-23 15:50:59,045 [info]: Phone number. Existing or new
2025-04-23 15:51:25,333 [info]: Numeric Value: Total: 2000.00
2025-04-23 15:51:25,381 [info]: Numeric Value: 2000.00
2025-04-23 15:51:54,736 [info]: Clicking on newBillTxt
2025-04-23 15:52:29,333 [info]: Phone number. Existing or new
2025-04-23 15:52:29,398 [info]: Phone number. Existing or new
2025-04-23 15:53:24,429 [info]: Clicking on newBillTxt
2025-04-23 15:53:58,821 [info]: Phone number. Existing or new
2025-04-23 15:53:58,869 [info]: Phone number. Existing or new
2025-04-23 15:54:25,488 [info]: Numeric Value: Total: 2000.00
2025-04-23 15:54:25,518 [info]: Numeric Value: 2000.00
2025-04-23 15:54:47,726 [info]: Clicking on newBillTxt
2025-04-23 15:55:22,182 [info]: Phone number. Existing or new
2025-04-23 15:55:22,215 [info]: Phone number. Existing or new
2025-04-23 15:55:50,424 [info]: Numeric Value: Total: 2000.00
2025-04-23 15:55:50,460 [info]: Numeric Value: 2000.00
2025-04-23 15:56:12,736 [info]: Clicking on newBillTxt
2025-04-23 15:56:47,886 [info]: Phone number. Existing or new
2025-04-23 15:56:47,931 [info]: Phone number. Existing or new
2025-04-23 15:57:15,363 [info]: Numeric Value: Total: 2000.00
2025-04-23 15:57:15,391 [info]: Numeric Value: 2000.00
2025-04-23 15:57:55,534 [info]: Clicking on newBillTxt
2025-04-23 15:58:30,096 [info]: Phone number. Existing or new
2025-04-23 15:58:30,136 [info]: Phone number. Existing or new
2025-04-23 15:58:56,653 [info]: Numeric Value: Total: 2000.00
2025-04-23 15:58:56,700 [info]: Numeric Value: 2000.00
2025-04-23 15:59:00,012 [info]: 314.75
2025-04-23 15:59:28,373 [info]: Clicking on newBillTxt
2025-04-23 16:00:03,031 [info]: Phone number. Existing or new
2025-04-23 16:00:03,076 [info]: Phone number. Existing or new
2025-04-23 16:00:29,377 [info]: Numeric Value: Total: 2000.00
2025-04-23 16:00:29,429 [info]: Numeric Value: 2000.00
2025-04-23 16:00:42,542 [info]: Numeric Value: Total: 2000.00
2025-04-23 16:00:42,542 [info]: Numeric Value: 2000.00
2025-04-23 16:00:52,957 [info]: Clicking on newBillTxt
2025-04-23 16:01:27,575 [info]: Phone number. Existing or new
2025-04-23 16:01:27,615 [info]: Phone number. Existing or new
2025-04-23 16:03:28,875 [info]: Clicking on newBillTxt
2025-04-23 16:04:03,541 [info]: Phone number. Existing or new
2025-04-23 16:04:03,584 [info]: Phone number. Existing or new
2025-04-23 16:04:53,312 [info]: Nothing to be selected
2025-04-23 16:06:16,148 [info]: Clicking on newBillTxt
2025-04-23 16:06:50,740 [info]: Phone number. Existing or new
2025-04-23 16:06:50,805 [info]: Phone number. Existing or new
2025-04-23 16:07:40,549 [info]: Nothing to be selected
2025-04-23 16:11:03,793 [info]: Clicking on newBillTxt
2025-04-23 16:11:38,328 [info]: Phone number. Existing or new
2025-04-23 16:11:38,369 [info]: Phone number. Existing or new
2025-04-23 16:13:07,969 [info]: Clicking on newBillTxt
2025-04-23 16:13:43,233 [info]: Phone number. Existing or new
2025-04-23 16:13:43,284 [info]: Phone number. Existing or new
2025-04-23 16:14:35,013 [info]: Nothing to be selected
