2025-04-30 09:45:52,141 [info]: test1114@yopmail.com
2025-04-30 09:46:01,912 [info]: Clicking on By.cssSelector: .fal.fa-circle.custom-check-off
2025-04-30 09:46:02,240 [info]: Clicking on By.xpath: //button[text()='Update Status']
2025-04-30 09:46:09,414 [info]: Clicking on By.cssSelector: button[href=".-deleteStore-"]
2025-04-30 09:46:16,748 [info]: Clicking on By.xpath: //button[text()='Delete Permanently']
2025-04-30 09:46:30,298 [info]: Clicking on By.cssSelector: .fal.fa-circle.custom-check-off
2025-04-30 09:46:30,716 [info]: Clicking on By.xpath: //button[text()='Update Status']
2025-04-30 09:46:37,988 [info]: Clicking on By.cssSelector: button[href=".-deleteStore-"]
2025-04-30 09:46:45,376 [info]: Clicking on By.xpath: //button[text()='Delete Permanently']
2025-04-30 09:46:59,385 [info]: Clicking on By.cssSelector: .fal.fa-circle.custom-check-off
2025-04-30 09:46:59,811 [info]: Clicking on By.xpath: //button[text()='Update Status']
2025-04-30 09:47:07,096 [info]: Clicking on By.cssSelector: button[href=".-deleteStore-"]
2025-04-30 09:47:14,767 [info]: Clicking on By.xpath: //button[text()='Delete Permanently']
2025-04-30 09:47:28,426 [info]: Clicking on By.cssSelector: .fal.fa-circle.custom-check-off
2025-04-30 09:47:28,825 [info]: Clicking on By.xpath: //button[text()='Update Status']
2025-04-30 09:47:35,897 [info]: Clicking on By.cssSelector: button[href=".-deleteStore-"]
2025-04-30 09:47:43,559 [info]: Clicking on By.xpath: //button[text()='Delete Permanently']
2025-04-30 09:47:57,424 [info]: Clicking on By.cssSelector: .fal.fa-circle.custom-check-off
2025-04-30 09:47:57,680 [info]: Clicking on By.xpath: //button[text()='Update Status']
2025-04-30 09:48:04,715 [info]: Clicking on By.cssSelector: button[href=".-deleteStore-"]
2025-04-30 09:48:12,220 [info]: Clicking on By.xpath: //button[text()='Delete Permanently']
2025-04-30 09:48:25,735 [info]: Clicking on By.cssSelector: .fal.fa-circle.custom-check-off
2025-04-30 09:48:26,184 [info]: Clicking on By.xpath: //button[text()='Update Status']
2025-04-30 09:48:33,210 [info]: Clicking on By.cssSelector: button[href=".-deleteStore-"]
2025-04-30 09:48:40,511 [info]: Clicking on By.xpath: //button[text()='Delete Permanently']
2025-04-30 09:48:53,438 [info]: Clicking on By.cssSelector: .fal.fa-circle.custom-check-off
2025-04-30 09:48:53,673 [info]: Clicking on By.xpath: //button[text()='Update Status']
2025-04-30 09:49:00,596 [info]: Clicking on By.cssSelector: button[href=".-deleteStore-"]
2025-04-30 09:49:07,908 [info]: Clicking on By.xpath: //button[text()='Delete Permanently']
2025-04-30 09:49:21,565 [info]: Clicking on By.cssSelector: .fal.fa-circle.custom-check-off
2025-04-30 09:49:21,973 [info]: Clicking on By.xpath: //button[text()='Update Status']
2025-04-30 09:49:28,965 [info]: Clicking on By.cssSelector: button[href=".-deleteStore-"]
2025-04-30 09:49:36,421 [info]: Clicking on By.xpath: //button[text()='Delete Permanently']
2025-04-30 09:49:49,562 [info]: Clicking on By.cssSelector: .fal.fa-circle.custom-check-off
2025-04-30 09:49:49,814 [info]: Clicking on By.xpath: //button[text()='Update Status']
2025-04-30 09:49:56,653 [info]: Clicking on By.cssSelector: button[href=".-deleteStore-"]
2025-04-30 09:50:03,970 [info]: Clicking on By.xpath: //button[text()='Delete Permanently']
2025-04-30 09:50:17,875 [info]: Clicking on By.cssSelector: .fal.fa-circle.custom-check-off
2025-04-30 09:50:18,121 [info]: Clicking on By.xpath: //button[text()='Update Status']
2025-04-30 09:50:25,107 [info]: Clicking on By.cssSelector: button[href=".-deleteStore-"]
2025-04-30 09:50:32,372 [info]: Clicking on By.xpath: //button[text()='Delete Permanently']
2025-04-30 09:50:45,288 [info]: Clicking on By.cssSelector: .fal.fa-circle.custom-check-off
2025-04-30 09:50:45,644 [info]: Clicking on By.xpath: //button[text()='Update Status']
2025-04-30 09:50:52,643 [info]: Clicking on By.cssSelector: button[href=".-deleteStore-"]
2025-04-30 09:51:00,020 [info]: Clicking on By.xpath: //button[text()='Delete Permanently']
2025-04-30 09:51:13,287 [info]: Clicking on By.cssSelector: .fal.fa-circle.custom-check-off
2025-04-30 09:51:13,625 [info]: Clicking on By.xpath: //button[text()='Update Status']
2025-04-30 09:51:20,499 [info]: Clicking on By.cssSelector: button[href=".-deleteStore-"]
2025-04-30 09:51:28,171 [info]: Clicking on By.xpath: //button[text()='Delete Permanently']
2025-04-30 09:51:41,591 [info]: Clicking on By.cssSelector: .fal.fa-circle.custom-check-off
2025-04-30 09:51:41,994 [info]: Clicking on By.xpath: //button[text()='Update Status']
2025-04-30 09:51:48,862 [info]: Clicking on By.cssSelector: button[href=".-deleteStore-"]
2025-04-30 09:51:56,425 [info]: Clicking on By.xpath: //button[text()='Delete Permanently']
2025-04-30 09:52:09,828 [info]: Clicking on By.cssSelector: .fal.fa-circle.custom-check-off
2025-04-30 09:52:10,328 [info]: Clicking on By.xpath: //button[text()='Update Status']
2025-04-30 09:52:17,700 [info]: Clicking on By.cssSelector: button[href=".-deleteStore-"]
2025-04-30 09:52:25,127 [info]: Clicking on By.xpath: //button[text()='Delete Permanently']
2025-04-30 09:52:38,547 [info]: Clicking on By.cssSelector: .fal.fa-circle.custom-check-off
2025-04-30 09:52:38,870 [info]: Clicking on By.xpath: //button[text()='Update Status']
2025-04-30 09:52:45,689 [info]: Clicking on By.cssSelector: button[href=".-deleteStore-"]
2025-04-30 09:52:53,377 [info]: Clicking on By.xpath: //button[text()='Delete Permanently']
2025-04-30 09:53:07,025 [info]: Clicking on By.cssSelector: .fal.fa-circle.custom-check-off
2025-04-30 09:53:07,388 [info]: Clicking on By.xpath: //button[text()='Update Status']
2025-04-30 09:53:15,466 [info]: Clicking on By.cssSelector: button[href=".-deleteStore-"]
2025-04-30 09:53:23,056 [info]: Clicking on By.xpath: //button[text()='Delete Permanently']
2025-04-30 09:53:36,512 [info]: Clicking on By.cssSelector: .fal.fa-circle.custom-check-off
2025-04-30 09:53:37,102 [info]: Clicking on By.xpath: //button[text()='Update Status']
2025-04-30 09:53:44,113 [info]: Clicking on By.cssSelector: button[href=".-deleteStore-"]
2025-04-30 09:53:51,814 [info]: Clicking on By.xpath: //button[text()='Delete Permanently']
2025-04-30 09:54:05,752 [info]: Clicking on By.cssSelector: .fal.fa-circle.custom-check-off
2025-04-30 09:54:06,178 [info]: Clicking on By.xpath: //button[text()='Update Status']
2025-04-30 09:54:13,109 [info]: Clicking on By.cssSelector: button[href=".-deleteStore-"]
2025-04-30 09:54:20,753 [info]: Clicking on By.xpath: //button[text()='Delete Permanently']
2025-04-30 09:54:34,031 [info]: Clicking on By.cssSelector: .fal.fa-circle.custom-check-off
2025-04-30 09:54:34,420 [info]: Clicking on By.xpath: //button[text()='Update Status']
2025-04-30 09:54:41,383 [info]: Clicking on By.cssSelector: button[href=".-deleteStore-"]
2025-04-30 09:54:48,913 [info]: Clicking on By.xpath: //button[text()='Delete Permanently']
2025-04-30 09:55:02,394 [info]: Clicking on By.cssSelector: .fal.fa-circle.custom-check-off
2025-04-30 09:55:02,857 [info]: Clicking on By.xpath: //button[text()='Update Status']
2025-04-30 09:55:09,888 [info]: Clicking on By.cssSelector: button[href=".-deleteStore-"]
2025-04-30 09:55:17,581 [info]: Clicking on By.xpath: //button[text()='Delete Permanently']
2025-04-30 09:55:31,633 [info]: Clicking on By.cssSelector: .fal.fa-circle.custom-check-off
2025-04-30 09:55:31,995 [info]: Clicking on By.xpath: //button[text()='Update Status']
2025-04-30 09:55:38,787 [info]: Clicking on By.cssSelector: button[href=".-deleteStore-"]
2025-04-30 09:55:46,444 [info]: Clicking on By.xpath: //button[text()='Delete Permanently']
2025-04-30 09:56:00,127 [info]: Clicking on By.cssSelector: .fal.fa-circle.custom-check-off
2025-04-30 09:56:00,402 [info]: Clicking on By.xpath: //button[text()='Update Status']
2025-04-30 09:56:07,466 [info]: Clicking on By.cssSelector: button[href=".-deleteStore-"]
2025-04-30 09:56:14,890 [info]: Clicking on By.xpath: //button[text()='Delete Permanently']
2025-04-30 09:56:28,489 [info]: Clicking on By.cssSelector: .fal.fa-circle.custom-check-off
2025-04-30 09:56:28,851 [info]: Clicking on By.xpath: //button[text()='Update Status']
2025-04-30 09:56:33,915 [info]: Clicking on By.cssSelector: button[href=".-deleteStore-"]
