2025-05-02 10:31:25,476 [info]: Clicking on By.xpath: //button[text()='Save']
2025-05-02 10:31:30,057 [info]: Clicking on By.xpath: //span[text()='Accept bank transfer']
2025-05-02 10:31:30,101 [info]: Clicking on By.xpath: //button[text()='Continue']
2025-05-02 10:31:31,502 [info]: Clicking on By.xpath: //button[text()='Continue']
2025-05-02 10:33:02,546 [info]: Clicking on By.xpath: //button[text()='Save']
2025-05-02 10:33:07,103 [info]: Clicking on By.xpath: //span[text()='Accept bank transfer']
2025-05-02 10:33:07,210 [info]: Clicking on By.xpath: //button[text()='Continue']
2025-05-02 10:33:08,516 [info]: Clicking on By.xpath: //button[text()='Continue']
2025-05-02 10:33:32,172 [info]: Clicking on By.cssSelector: .fal.fa-circle.custom-check-off
2025-05-02 10:33:32,584 [info]: Clicking on By.xpath: //button[text()='Update Status']
2025-05-02 10:33:40,026 [info]: Clicking on By.cssSelector: button[href=".-deleteStore-"]
2025-05-02 10:33:43,024 [info]: Clicking on By.xpath: //button[text()='Delete Permanently']
2025-05-02 10:36:46,109 [info]: Clicking on By.xpath: //button[text()='Save']
2025-05-02 10:36:59,525 [info]: Clicking on By.xpath: //button[text()='Save']
2025-05-02 10:37:00,971 [info]: Clicking on By.xpath: //button[text()='Continue']
2025-05-02 10:37:16,968 [info]: Clicking on By.cssSelector: .fal.fa-circle.custom-check-off
2025-05-02 10:37:17,291 [info]: Clicking on By.xpath: //button[text()='Update Status']
2025-05-02 10:37:24,368 [info]: Clicking on By.cssSelector: button[href=".-deleteStore-"]
2025-05-02 10:37:27,533 [info]: Clicking on By.xpath: //button[text()='Delete Permanently']
2025-05-02 10:38:17,642 [info]: Clicking on By.xpath: (//span[text()='Accept Zelle'])[1]
2025-05-02 10:40:00,704 [info]: Clicking on By.xpath: //button[text()='Save']
2025-05-02 10:40:05,724 [info]: Clicking on By.xpath: //span[text()='Accept bank transfer']
2025-05-02 10:40:05,840 [info]: Clicking on By.xpath: //button[text()='Continue']
2025-05-02 10:40:07,176 [info]: Clicking on By.xpath: //button[text()='Continue']
2025-05-02 10:41:29,356 [info]: Clicking on By.xpath: //button[text()='Add new terminal']
2025-05-02 10:41:32,871 [info]: Clicking on By.xpath: //label[text()='Select your terminal']/../div[4]/label/i[2]
2025-05-02 10:41:33,059 [info]: Clicking on By.xpath: //button[text()='Save']
2025-05-02 10:42:15,856 [info]: Clicking on By.cssSelector: .custom-checkbox.mb-2>span
2025-05-02 10:42:17,679 [info]: Clicking on By.xpath: //button[text()='Save changes']
2025-05-02 10:43:14,544 [info]: Clicking on By.cssSelector: .custom-checkbox.mb-2>span
2025-05-02 10:43:15,508 [info]: Clicking on By.xpath: //button[text()='Save changes']
2025-05-02 10:43:15,572 [info]: Clicking on By.xpath: (//button[@type='button'][text()='Configure'])[2]
2025-05-02 10:43:17,306 [info]: Clicking on By.xpath: //button[text()='Save changes']
2025-05-02 10:43:19,436 [info]: Clicking on By.xpath: //button[text()='Store links']
2025-05-02 10:44:05,926 [info]: Clicking on By.xpath: //button[text()='Save']
2025-05-02 10:44:08,563 [info]: Clicking on By.xpath: //button[text()='Save']
2025-05-02 10:45:15,233 [info]: Clicking on By.xpath: //button[text()='Save']
2025-05-02 10:45:20,297 [info]: Clicking on By.xpath: //span[text()='Accept bank transfer']
2025-05-02 10:45:20,398 [info]: Clicking on By.xpath: //button[text()='Continue']
2025-05-02 10:45:21,805 [info]: Clicking on By.xpath: //button[text()='Continue']
