2025-05-02 11:41:55,381 [info]: Clicking on By.xpath: //button[text()='Save']
2025-05-02 11:41:59,779 [info]: Clicking on By.xpath: //span[text()='Accept bank transfer']
2025-05-02 11:41:59,805 [info]: Clicking on By.xpath: //button[text()='Continue']
2025-05-02 11:42:01,095 [info]: Clicking on By.xpath: //button[text()='Continue']
2025-05-02 11:42:34,040 [info]: Clicking on By.cssSelector: .fal.fa-circle.custom-check-off
2025-05-02 11:42:34,221 [info]: Clicking on By.xpath: //button[text()='Update Status']
2025-05-02 11:42:41,290 [info]: Clicking on By.cssSelector: button[href=".-deleteStore-"]
2025-05-02 11:42:44,093 [info]: Clicking on By.xpath: //button[text()='Delete Permanently']
2025-05-02 11:46:00,121 [info]: Clicking on By.xpath: //button[text()='Save']
2025-05-02 11:46:04,594 [info]: Clicking on By.xpath: //span[text()='Accept bank transfer']
2025-05-02 11:46:04,622 [info]: Clicking on By.xpath: //button[text()='Continue']
2025-05-02 11:46:05,846 [info]: Clicking on By.xpath: //button[text()='Continue']
2025-05-02 11:46:40,637 [info]: Clicking on By.cssSelector: .fal.fa-circle.custom-check-off
2025-05-02 11:46:40,832 [info]: Clicking on By.xpath: //button[text()='Update Status']
2025-05-02 11:46:47,987 [info]: Clicking on By.cssSelector: button[href=".-deleteStore-"]
2025-05-02 11:46:50,792 [info]: Clicking on By.xpath: //button[text()='Delete Permanently']
2025-05-02 11:48:06,101 [info]: Clicking on By.xpath: //button[text()='Save']
2025-05-02 11:48:10,292 [info]: Clicking on By.xpath: //span[text()='Accept bank transfer']
2025-05-02 11:48:10,320 [info]: Clicking on By.xpath: //button[text()='Continue']
2025-05-02 11:48:11,506 [info]: Clicking on By.xpath: //button[text()='Continue']
