2025-05-02 11:27:54,574 [info]: Clicking on By.xpath: //button[text()='Save']
2025-05-02 11:27:59,630 [info]: Clicking on By.xpath: //span[text()='Accept bank transfer']
2025-05-02 11:27:59,660 [info]: Clicking on By.xpath: //button[text()='Continue']
2025-05-02 11:28:01,054 [info]: Clicking on By.xpath: //button[text()='Continue']
2025-05-02 11:28:35,165 [info]: Clicking on By.cssSelector: .fal.fa-circle.custom-check-off
2025-05-02 11:28:35,364 [info]: Clicking on By.xpath: //button[text()='Update Status']
2025-05-02 11:28:43,199 [info]: Clicking on By.cssSelector: button[href=".-deleteStore-"]
2025-05-02 11:28:45,978 [info]: Clicking on By.xpath: //button[text()='Delete Permanently']
2025-05-02 11:32:09,010 [info]: Clicking on By.xpath: //button[text()='Save']
2025-05-02 11:32:13,479 [info]: Clicking on By.xpath: //span[text()='Accept bank transfer']
2025-05-02 11:32:13,504 [info]: Clicking on By.xpath: //button[text()='Continue']
2025-05-02 11:32:14,618 [info]: Clicking on By.xpath: //button[text()='Continue']
2025-05-02 11:32:45,349 [info]: Clicking on By.cssSelector: .fal.fa-circle.custom-check-off
2025-05-02 11:32:45,550 [info]: Clicking on By.xpath: //button[text()='Update Status']
2025-05-02 11:32:52,662 [info]: Clicking on By.cssSelector: button[href=".-deleteStore-"]
2025-05-02 11:32:55,453 [info]: Clicking on By.xpath: //button[text()='Delete Permanently']
2025-05-02 11:33:59,602 [info]: Clicking on By.xpath: //button[text()='Save']
2025-05-02 11:34:03,987 [info]: Clicking on By.xpath: //span[text()='Accept bank transfer']
2025-05-02 11:34:04,009 [info]: Clicking on By.xpath: //button[text()='Continue']
2025-05-02 11:34:05,185 [info]: Clicking on By.xpath: //button[text()='Continue']
