2025-05-06 18:05:34,544 [info]: Clicking on newBillTxt
2025-05-06 18:06:01,570 [info]: Phone number. Existing or new
2025-05-06 18:06:01,611 [info]: Email. Existing or new
2025-05-06 18:06:32,328 [info]: Numeric Value: 2000.00
2025-05-06 18:06:32,377 [info]: Numeric Value: 2000.00
2025-05-06 18:08:55,515 [info]: Clicking on By.xpath: //div[text()='Manual']
2025-05-06 18:09:24,210 [info]: Clicking on By.cssSelector: .modal-content .stretched-link.-selectCustomer-
2025-05-06 18:10:05,797 [info]: Clicking on By.cssSelector: .modal-content .stretched-link.-selectCustomer-
2025-05-06 18:10:20,745 [info]: Clicking on By.xpath: //div[text()='Manual']
2025-05-06 18:11:11,122 [info]: Clicking on newBillTxt
2025-05-06 18:11:38,920 [info]: Phone number. Existing or new
2025-05-06 18:11:38,975 [info]: Email. Existing or new
2025-05-06 18:12:36,236 [info]: Nothing to be selected
2025-05-06 18:15:00,114 [info]: Clicking on newBillTxt
2025-05-06 18:15:27,795 [info]: Phone number. Existing or new
2025-05-06 18:15:27,843 [info]: Email. Existing or new
2025-05-06 18:16:26,251 [info]: Nothing to be selected
2025-05-06 18:19:35,096 [info]: Clicking on newBillTxt
2025-05-06 18:20:48,376 [info]: Nothing to be selected
2025-05-06 18:22:36,956 [info]: Clicking on newBillTxt
2025-05-06 18:22:49,504 [info]: Phone number. Existing or new
2025-05-06 18:22:49,556 [info]: Email. Existing or new
2025-05-06 18:23:03,790 [info]: No repeat
2025-05-06 18:23:05,829 [info]: Daily
2025-05-06 18:23:07,875 [info]: Weekly
2025-05-06 18:23:12,382 [info]: Attribute value is fetched
2025-05-06 18:23:14,657 [info]: specificNumberTxt:3
2025-05-06 18:23:16,735 [info]: Specific number of times
times total
2025-05-06 18:23:18,793 [info]: Specific date
2025-05-06 18:23:20,932 [info]: Selected: Specific number of times
times total
2025-05-06 18:23:23,041 [info]: Selected: Specific date
2025-05-06 18:23:25,105 [info]: Monthly
2025-05-06 18:23:27,159 [info]: Yearly
2025-05-06 18:23:38,952 [info]: No pop-up showed
2025-05-06 18:24:02,530 [info]: Clicking on newBillTxt
2025-05-06 18:24:30,098 [info]: Phone number. Existing or new
2025-05-06 18:24:30,150 [info]: Email. Existing or new
2025-05-06 18:25:28,511 [info]: Nothing to be selected
2025-05-06 18:26:34,100 [info]: Clicking on newBillTxt
2025-05-06 18:27:02,718 [info]: Phone number. Existing or new
2025-05-06 18:27:02,784 [info]: Email. Existing or new
2025-05-06 18:28:01,435 [info]: Nothing to be selected
