2025-05-01 11:21:16,758 [info]: Clicking on newBillTxt
2025-05-01 11:22:00,090 [info]: Phone number. Existing or new
2025-05-01 11:22:02,185 [info]: Phone number. Existing or new
2025-05-01 11:22:32,585 [info]: Numeric Value: Total: 2000.00
2025-05-01 11:22:32,630 [info]: Numeric Value: 2000.00
2025-05-01 11:23:24,125 [info]: Clicking on newBillTxt
2025-05-01 11:24:08,407 [info]: Phone number. Existing or new
2025-05-01 11:24:10,494 [info]: Phone number. Existing or new
2025-05-01 11:24:41,598 [info]: Clicking on By.xpath: //button[@class='btn btn-outline-success']
2025-05-01 11:24:43,029 [info]: Numeric Value: Total: 2000.00
2025-05-01 11:24:43,112 [info]: Numeric Value: 2000.00
2025-05-01 11:25:25,734 [info]: Clicking on newBillTxt
2025-05-01 11:26:08,627 [info]: Phone number. Existing or new
2025-05-01 11:26:10,826 [info]: Phone number. Existing or new
2025-05-01 11:26:40,438 [info]: Numeric Value: Total: 2000.00
2025-05-01 11:26:40,474 [info]: Numeric Value: 2000.00
2025-05-01 11:27:13,313 [info]: Clicking on newBillTxt
2025-05-01 11:27:55,924 [info]: Phone number. Existing or new
2025-05-01 11:27:58,046 [info]: Phone number. Existing or new
2025-05-01 11:28:28,820 [info]: Numeric Value: Total: 2000.00
2025-05-01 11:28:28,937 [info]: Numeric Value: 2000.00
2025-05-01 11:28:55,007 [info]: Clicking on newBillTxt
2025-05-01 11:29:38,519 [info]: Phone number. Existing or new
2025-05-01 11:29:40,669 [info]: Phone number. Existing or new
2025-05-01 11:30:12,245 [info]: Numeric Value: Total: 2000.00
2025-05-01 11:30:12,290 [info]: Numeric Value: 2000.00
2025-05-01 11:30:55,942 [info]: Clicking on newBillTxt
2025-05-01 11:31:39,076 [info]: Phone number. Existing or new
2025-05-01 11:31:41,241 [info]: Phone number. Existing or new
2025-05-01 11:32:11,474 [info]: Numeric Value: Total: 2000.00
2025-05-01 11:32:11,618 [info]: Numeric Value: 2000.00
2025-05-01 11:32:15,161 [info]: 314.75
2025-05-01 11:32:50,363 [info]: Clicking on newBillTxt
2025-05-01 11:33:32,914 [info]: Phone number. Existing or new
2025-05-01 11:33:35,028 [info]: Phone number. Existing or new
2025-05-01 11:34:05,812 [info]: Numeric Value: Total: 2000.00
2025-05-01 11:34:05,846 [info]: Numeric Value: 2000.00
2025-05-01 11:34:19,415 [info]: Numeric Value: Total: 2000.00
2025-05-01 11:34:19,416 [info]: Numeric Value: 2000.00
2025-05-01 11:34:39,893 [info]: Clicking on newBillTxt
2025-05-01 11:35:23,019 [info]: Phone number. Existing or new
2025-05-01 11:35:25,114 [info]: Phone number. Existing or new
2025-05-01 11:36:21,242 [info]: Nothing to be selected
2025-05-01 11:37:21,958 [info]: Clicking on newBillTxt
2025-05-01 11:38:05,618 [info]: Phone number. Existing or new
2025-05-01 11:38:07,801 [info]: Phone number. Existing or new
2025-05-01 11:39:02,274 [info]: Nothing to be selected
2025-05-01 11:40:15,209 [info]: Clicking on newBillTxt
2025-05-01 11:40:58,287 [info]: Phone number. Existing or new
2025-05-01 11:41:00,457 [info]: Phone number. Existing or new
2025-05-01 11:41:54,910 [info]: Nothing to be selected
2025-05-01 11:43:33,835 [info]: Clicking on newBillTxt
2025-05-01 11:44:16,668 [info]: Phone number. Existing or new
2025-05-01 11:44:18,725 [info]: Phone number. Existing or new
2025-05-01 11:45:12,967 [info]: Nothing to be selected
2025-05-01 11:46:06,495 [info]: Clicking on newBillTxt
2025-05-01 11:46:49,649 [info]: Phone number. Existing or new
2025-05-01 11:46:51,823 [info]: Phone number. Existing or new
2025-05-01 11:47:46,999 [info]: Nothing to be selected
2025-05-01 11:49:21,887 [info]: Clicking on By.xpath: //button[text()='Save']
2025-05-01 11:49:26,441 [info]: Clicking on By.xpath: //span[text()='Accept bank transfer']
2025-05-01 11:49:26,507 [info]: Clicking on By.xpath: //button[text()='Continue']
2025-05-01 11:49:28,071 [info]: Clicking on By.xpath: //button[text()='Continue']
2025-05-01 11:50:46,582 [info]: Clicking on By.xpath: //button[text()='Save']
2025-05-01 11:50:51,725 [info]: Clicking on By.xpath: //span[text()='Accept bank transfer']
2025-05-01 11:50:51,824 [info]: Clicking on By.xpath: //button[text()='Continue']
2025-05-01 11:50:53,332 [info]: Clicking on By.xpath: //button[text()='Continue']
2025-05-01 11:51:17,673 [info]: Clicking on By.cssSelector: .fal.fa-circle.custom-check-off
2025-05-01 11:51:18,013 [info]: Clicking on By.xpath: //button[text()='Update Status']
2025-05-01 11:51:24,987 [info]: Clicking on By.cssSelector: button[href=".-deleteStore-"]
2025-05-01 11:51:28,068 [info]: Clicking on By.xpath: //button[text()='Delete Permanently']
2025-05-01 11:54:46,733 [info]: Clicking on By.xpath: //button[text()='Save']
2025-05-01 11:54:59,673 [info]: Clicking on By.xpath: //button[text()='Save']
2025-05-01 11:55:00,977 [info]: Clicking on By.xpath: //button[text()='Continue']
2025-05-01 11:55:16,565 [info]: Clicking on By.cssSelector: .fal.fa-circle.custom-check-off
2025-05-01 11:55:16,961 [info]: Clicking on By.xpath: //button[text()='Update Status']
2025-05-01 11:55:23,930 [info]: Clicking on By.cssSelector: button[href=".-deleteStore-"]
2025-05-01 11:55:27,142 [info]: Clicking on By.xpath: //button[text()='Delete Permanently']
2025-05-01 11:56:15,087 [info]: Clicking on By.xpath: (//span[text()='Accept Zelle'])[1]
2025-05-01 11:57:56,105 [info]: Clicking on By.xpath: //button[text()='Save']
2025-05-01 11:58:00,726 [info]: Clicking on By.xpath: //span[text()='Accept bank transfer']
2025-05-01 11:58:00,752 [info]: Clicking on By.xpath: //button[text()='Continue']
2025-05-01 11:58:02,009 [info]: Clicking on By.xpath: //button[text()='Continue']
2025-05-01 11:58:34,829 [info]: Clicking on By.cssSelector: .fal.fa-circle.custom-check-off
2025-05-01 11:58:35,159 [info]: Clicking on By.xpath: //button[text()='Update Status']
2025-05-01 11:58:42,109 [info]: Clicking on By.cssSelector: button[href=".-deleteStore-"]
2025-05-01 11:58:45,083 [info]: Clicking on By.xpath: //button[text()='Delete Permanently']
2025-05-01 11:59:38,896 [info]: Clicking on By.xpath: //button[text()='Add new terminal']
2025-05-01 11:59:42,326 [info]: Clicking on By.xpath: //label[text()='Select your terminal']/../div[4]/label/i[2]
2025-05-01 11:59:42,511 [info]: Clicking on By.xpath: //button[text()='Save']
2025-05-01 12:00:21,901 [info]: Clicking on By.cssSelector: .custom-checkbox.mb-2>span
2025-05-01 12:00:23,719 [info]: Clicking on By.xpath: //button[text()='Save changes']
2025-05-01 12:01:18,961 [info]: Clicking on By.cssSelector: .custom-checkbox.mb-2>span
2025-05-01 12:01:19,974 [info]: Clicking on By.xpath: //button[text()='Save changes']
2025-05-01 12:01:20,028 [info]: Clicking on By.xpath: (//button[@type='button'][text()='Configure'])[2]
2025-05-01 12:01:21,771 [info]: Clicking on By.xpath: //button[text()='Save changes']
2025-05-01 12:01:23,969 [info]: Clicking on By.xpath: //button[text()='Store links']
2025-05-01 12:02:10,100 [info]: Clicking on By.xpath: //button[text()='Save']
2025-05-01 12:02:12,675 [info]: Clicking on By.xpath: //button[text()='Save']
2025-05-01 12:04:01,300 [info]: Clicking on By.xpath: //button[text()='Save']
2025-05-01 12:04:06,741 [info]: Clicking on By.xpath: //span[text()='Accept bank transfer']
2025-05-01 12:04:06,952 [info]: Clicking on By.xpath: //button[text()='Continue']
2025-05-01 12:04:09,851 [info]: Clicking on By.xpath: //button[text()='Continue']
2025-05-01 12:05:48,820 [info]: Clicking on By.cssSelector: .fal.fa-circle.custom-check-off
2025-05-01 12:05:50,921 [info]: Clicking on By.xpath: //button[text()='Update Status']
2025-05-01 12:06:00,538 [info]: Clicking on By.cssSelector: button[href=".-deleteStore-"]
2025-05-01 12:06:05,099 [info]: Clicking on By.xpath: //button[text()='Delete Permanently']
