2025-05-01 10:16:35,421 [info]: Clicking on newBillTxt
2025-05-01 10:17:18,997 [info]: Phone number. Existing or new
2025-05-01 10:17:21,141 [info]: Phone number. Existing or new
2025-05-01 10:17:51,968 [info]: Numeric Value: Total: 2000.00
2025-05-01 10:17:52,010 [info]: Numeric Value: 2000.00
2025-05-01 10:18:26,457 [info]: Clicking on newBillTxt
2025-05-01 10:19:09,758 [info]: Phone number. Existing or new
2025-05-01 10:19:11,872 [info]: Phone number. Existing or new
2025-05-01 10:19:43,444 [info]: Clicking on By.xpath: //button[@class='btn btn-outline-success']
2025-05-01 10:19:45,373 [info]: Numeric Value: Total: 2000.00
2025-05-01 10:19:45,417 [info]: Numeric Value: 2000.00
2025-05-01 10:20:35,133 [info]: Clicking on newBillTxt
2025-05-01 10:21:03,183 [info]: Clicking on newBillTxt
2025-05-01 10:21:46,702 [info]: Phone number. Existing or new
2025-05-01 10:21:48,821 [info]: Phone number. Existing or new
2025-05-01 10:22:19,624 [info]: Numeric Value: Total: 2000.00
2025-05-01 10:22:19,656 [info]: Numeric Value: 2000.00
2025-05-01 10:22:50,785 [info]: Clicking on newBillTxt
2025-05-01 10:23:34,627 [info]: Phone number. Existing or new
2025-05-01 10:23:36,725 [info]: Phone number. Existing or new
2025-05-01 10:24:08,129 [info]: Numeric Value: Total: 2000.00
2025-05-01 10:24:08,163 [info]: Numeric Value: 2000.00
2025-05-01 10:24:51,295 [info]: Clicking on newBillTxt
2025-05-01 10:25:35,060 [info]: Phone number. Existing or new
2025-05-01 10:25:37,121 [info]: Phone number. Existing or new
2025-05-01 10:26:07,732 [info]: Numeric Value: Total: 2000.00
2025-05-01 10:26:07,760 [info]: Numeric Value: 2000.00
2025-05-01 10:26:11,414 [info]: 314.75
2025-05-01 10:26:44,169 [info]: Clicking on newBillTxt
2025-05-01 10:27:27,838 [info]: Phone number. Existing or new
2025-05-01 10:27:29,943 [info]: Phone number. Existing or new
2025-05-01 10:28:00,122 [info]: Numeric Value: Total: 2000.00
2025-05-01 10:28:00,154 [info]: Numeric Value: 2000.00
2025-05-01 10:28:13,610 [info]: Numeric Value: Total: 2000.00
2025-05-01 10:28:13,611 [info]: Numeric Value: 2000.00
2025-05-01 10:28:36,469 [info]: Clicking on newBillTxt
2025-05-01 10:29:20,486 [info]: Phone number. Existing or new
2025-05-01 10:29:22,619 [info]: Phone number. Existing or new
2025-05-01 10:30:20,782 [info]: Nothing to be selected
2025-05-01 10:32:00,484 [info]: Clicking on newBillTxt
2025-05-01 10:32:44,054 [info]: Phone number. Existing or new
2025-05-01 10:32:46,182 [info]: Phone number. Existing or new
2025-05-01 10:33:43,903 [info]: Nothing to be selected
2025-05-01 10:34:59,837 [info]: Clicking on newBillTxt
2025-05-01 10:35:43,261 [info]: Phone number. Existing or new
2025-05-01 10:35:45,388 [info]: Phone number. Existing or new
2025-05-01 10:36:41,695 [info]: Nothing to be selected
2025-05-01 10:38:51,096 [info]: Clicking on newBillTxt
2025-05-01 10:39:24,439 [info]: Clicking on newBillTxt
2025-05-01 10:40:08,118 [info]: Phone number. Existing or new
2025-05-01 10:40:10,172 [info]: Phone number. Existing or new
2025-05-01 10:41:07,557 [info]: Nothing to be selected
2025-05-01 10:49:41,958 [info]: Clicking on newBillTxt
2025-05-01 10:50:43,112 [info]: Clicking on By.cssSelector: .btn-outline-danger
2025-05-01 10:51:01,131 [info]: Clicking on newBillTxt
2025-05-01 10:51:44,937 [info]: Phone number. Existing or new
2025-05-01 10:51:47,043 [info]: Phone number. Existing or new
2025-05-01 10:52:13,869 [info]: Clicking on By.cssSelector: .btn-outline-danger
2025-05-01 10:52:37,881 [info]: Clicking on newBillTxt
2025-05-01 10:53:19,033 [info]: Clicking on By.cssSelector: .btn-outline-danger
2025-05-01 10:53:36,866 [info]: Clicking on newBillTxt
2025-05-01 10:54:05,613 [info]: Validating text
2025-05-01 10:54:05,765 [info]: Ref No.:
Kevin123GQ1hH2Yx5pGGr6saTKV3Fj4etSMdlMlIZRgAZto51r
2025-05-01 10:54:10,170 [info]: descriptionSection None text displayed
2025-05-01 10:54:20,279 [info]: Validating text
2025-05-01 10:54:20,416 [info]: Description:
Kevin123TJvuAlJEhPXMJYfRCNfBybTQMWvFnxEdxYppufRGOiYTr9e7a6EsrVn5XvcZvYIlCYulWvgMmDzvqbNo7hEvTAkxeavKBpVvzLLSnje56l167jhLNPAmsExtBgq3Gh6zMaQ91vDO0bjNdmi2N06UBGZxfFLdedt8hgyK7VeeI5xR3t9pPqL9WErNtPM4CYms
2025-05-01 10:54:35,439 [info]: No pop-up showed
2025-05-01 10:54:35,439 [info]: Validating text
2025-05-01 10:54:35,440 [info]: Validating text : By.xpath: //div[@class='border rounded p-1 overflow-hidden']
2025-05-01 10:54:35,440 [info]: Validating text
2025-05-01 10:54:35,440 [info]: Validating text : By.xpath: //span[contains(text(),'Ref:')]
2025-05-01 10:54:53,554 [info]: Clicking on newBillTxt
2025-05-01 10:55:11,014 [info]: Attempted to enter: 500001
2025-05-01 10:55:11,015 [info]: Actual field value after restriction: 5,000.00
2025-05-01 10:55:11,019 [info]:  Restriction WORKING. Value in field is within limit: 5000.0
2025-05-01 10:55:11,077 [info]: Extracted Number: 50000
2025-05-01 10:55:27,912 [info]: Clicking on By.cssSelector: .btn-outline-danger
2025-05-01 10:55:48,666 [info]: Clicking on newBillTxt
2025-05-01 10:55:54,145 [info]: Extracted Number: 3000
2025-05-01 10:55:57,570 [info]: Field value: 300.00
2025-05-01 10:55:57,572 [info]: Extracted Number: 30000
2025-05-01 10:55:57,572 [info]: Restriction WORKING. Value in field is within limit: 30000
2025-05-01 10:56:11,519 [info]: Clicking on By.cssSelector: .btn-outline-danger
2025-05-01 10:56:28,115 [info]: Clicking on newBillTxt
2025-05-01 10:56:59,642 [info]: Clicking on By.cssSelector: .btn-outline-danger
2025-05-01 10:57:20,960 [info]: Clicking on newBillTxt
2025-05-01 10:58:04,570 [info]: Clicking on By.cssSelector: .btn-outline-danger
2025-05-01 10:58:25,128 [info]: Clicking on newBillTxt
2025-05-01 10:58:43,185 [info]: 200
2025-05-01 10:59:19,567 [info]: No pop-up showed
2025-05-01 10:59:39,162 [info]: Clicking on newBillTxt
2025-05-01 11:00:13,489 [info]: POPup Not Displayed
2025-05-01 11:00:56,832 [info]: No pop-up showed
2025-05-01 11:01:05,612 [info]: Clicking on By.cssSelector: .btn-outline-danger
2025-05-01 11:01:21,929 [info]: Clicking on newBillTxt
2025-05-01 11:01:38,026 [info]: Clicking on By.xpath: (//a[contains(@class, '-activator-button-')])[5]
2025-05-01 11:02:05,257 [info]: Clicking on By.cssSelector: .btn-outline-danger
2025-05-01 11:02:25,138 [info]: Clicking on newBillTxt
2025-05-01 11:02:51,134 [info]: No repeat
2025-05-01 11:02:53,196 [info]: Daily
2025-05-01 11:02:57,608 [info]: Attribute value is fetched
2025-05-01 11:02:59,858 [info]: specificNumberTxt:3
2025-05-01 11:03:01,921 [info]: Specific number of times
times total
2025-05-01 11:03:03,969 [info]: Specific date
2025-05-01 11:03:06,025 [info]: Selected: Specific number of times
times total
2025-05-01 11:03:08,074 [info]: Selected: Specific date
2025-05-01 11:03:10,130 [info]: Weekly
2025-05-01 11:03:12,190 [info]: Monthly
2025-05-01 11:03:14,238 [info]: Yearly
2025-05-01 11:03:54,274 [info]: Numeric Value: 1000.00
2025-05-01 11:04:02,865 [info]: Clicking on By.cssSelector: .btn-outline-danger
2025-05-01 11:04:20,324 [info]: Clicking on newBillTxt
2025-05-01 11:04:46,394 [info]: No repeat
2025-05-01 11:04:48,448 [info]: Daily
2025-05-01 11:04:50,488 [info]: Weekly
2025-05-01 11:04:55,019 [info]: Attribute value is fetched
2025-05-01 11:04:57,334 [info]: specificNumberTxt:3
2025-05-01 11:04:59,407 [info]: Specific number of times
times total
2025-05-01 11:05:01,472 [info]: Specific date
2025-05-01 11:05:03,595 [info]: Selected: Specific number of times
times total
2025-05-01 11:05:05,710 [info]: Selected: Specific date
2025-05-01 11:05:07,751 [info]: Monthly
2025-05-01 11:05:09,787 [info]: Yearly
2025-05-01 11:05:49,091 [info]: Numeric Value: 1000.00
2025-05-01 11:05:57,794 [info]: Clicking on By.cssSelector: .btn-outline-danger
2025-05-01 11:06:17,849 [info]: Clicking on newBillTxt
2025-05-01 11:06:43,606 [info]: No repeat
2025-05-01 11:06:45,657 [info]: Daily
2025-05-01 11:06:47,713 [info]: Weekly
2025-05-01 11:06:49,770 [info]: Monthly
2025-05-01 11:06:54,234 [info]: Attribute value is fetched
2025-05-01 11:06:56,524 [info]: specificNumberTxt:3
2025-05-01 11:06:58,592 [info]: Specific number of times
times total
2025-05-01 11:07:00,651 [info]: Specific date
2025-05-01 11:07:02,800 [info]: Selected: Specific number of times
times total
2025-05-01 11:07:04,871 [info]: Selected: Specific date
2025-05-01 11:07:06,930 [info]: Yearly
2025-05-01 11:07:46,470 [info]: Numeric Value: 1000.00
2025-05-01 11:07:55,105 [info]: Clicking on By.cssSelector: .btn-outline-danger
2025-05-01 11:08:12,207 [info]: Clicking on newBillTxt
2025-05-01 11:08:38,044 [info]: No repeat
2025-05-01 11:08:40,099 [info]: Daily
2025-05-01 11:08:42,139 [info]: Weekly
2025-05-01 11:08:44,181 [info]: Monthly
2025-05-01 11:08:46,222 [info]: Yearly
2025-05-01 11:08:50,623 [info]: Specific number of times
2025-05-01 11:08:52,679 [info]: Specific date
2025-05-01 11:09:33,276 [info]: Numeric Value: 1000.00
2025-05-01 11:09:41,895 [info]: Clicking on By.cssSelector: .btn-outline-danger
2025-05-01 11:09:57,465 [info]: Clicking on newBillTxt
