2025-05-06 17:16:19,037 [info]: Clicking on By.xpath: //button[text()='Save']
2025-05-06 17:16:23,347 [info]: Clicking on By.xpath: //span[text()='Accept bank transfer']
2025-05-06 17:16:23,457 [info]: Clicking on By.xpath: //button[text()='Continue']
2025-05-06 17:16:24,743 [info]: Clicking on By.xpath: //button[text()='Continue']
2025-05-06 17:17:01,668 [info]: Clicking on By.cssSelector: .fal.fa-circle.custom-check-off
2025-05-06 17:17:02,018 [info]: Clicking on By.xpath: //button[text()='Update Status']
2025-05-06 17:17:09,016 [info]: Clicking on By.cssSelector: button[href=".-deleteStore-"]
2025-05-06 17:17:11,511 [info]: Clicking on By.xpath: //button[text()='Delete Permanently']
2025-05-06 17:18:17,193 [info]: Clicking on By.xpath: //button[text()='Save']
2025-05-06 17:18:21,705 [info]: Clicking on By.xpath: //span[text()='Accept bank transfer']
2025-05-06 17:18:21,776 [info]: Clicking on By.xpath: //button[text()='Continue']
2025-05-06 17:18:23,080 [info]: Clicking on By.xpath: //button[text()='Continue']
2025-05-06 17:18:46,279 [info]: Clicking on By.cssSelector: .fal.fa-circle.custom-check-off
2025-05-06 17:18:46,591 [info]: Clicking on By.xpath: //button[text()='Update Status']
2025-05-06 17:18:53,438 [info]: Clicking on By.cssSelector: button[href=".-deleteStore-"]
2025-05-06 17:18:55,835 [info]: Clicking on By.xpath: //button[text()='Delete Permanently']
2025-05-06 17:21:57,612 [info]: Clicking on By.xpath: //button[text()='Save']
2025-05-06 17:22:10,189 [info]: Clicking on By.xpath: //button[text()='Save']
2025-05-06 17:22:11,510 [info]: Clicking on By.xpath: //button[text()='Continue']
2025-05-06 17:22:26,314 [info]: Clicking on By.cssSelector: .fal.fa-circle.custom-check-off
2025-05-06 17:22:26,750 [info]: Clicking on By.xpath: //button[text()='Update Status']
2025-05-06 17:22:33,615 [info]: Clicking on By.cssSelector: button[href=".-deleteStore-"]
2025-05-06 17:22:36,704 [info]: Clicking on By.xpath: //button[text()='Delete Permanently']
2025-05-06 17:23:14,828 [info]: Clicking on By.xpath: (//div[@class='my-3 loaded']//label/i)[14]
2025-05-06 17:23:25,553 [info]: Clicking on By.xpath: (//span[text()='Accept Zelle'])[1]
2025-05-06 17:25:06,316 [info]: Clicking on By.xpath: //button[text()='Save']
2025-05-06 17:25:10,871 [info]: Clicking on By.xpath: //span[text()='Accept bank transfer']
2025-05-06 17:25:10,946 [info]: Clicking on By.xpath: //button[text()='Continue']
2025-05-06 17:25:12,197 [info]: Clicking on By.xpath: //button[text()='Continue']
2025-05-06 17:25:45,913 [info]: Clicking on By.cssSelector: .fal.fa-circle.custom-check-off
2025-05-06 17:25:46,197 [info]: Clicking on By.xpath: //button[text()='Update Status']
2025-05-06 17:25:53,303 [info]: Clicking on By.cssSelector: button[href=".-deleteStore-"]
2025-05-06 17:25:56,320 [info]: Clicking on By.xpath: //button[text()='Delete Permanently']
2025-05-06 17:26:51,027 [info]: Clicking on By.xpath: //button[text()='Add new terminal']
2025-05-06 17:26:54,262 [info]: Clicking on By.xpath: //label[text()='Select your terminal']/../div[4]/label/i[2]
2025-05-06 17:26:54,380 [info]: Clicking on By.xpath: //button[text()='Save']
2025-05-06 17:27:35,374 [info]: Clicking on By.xpath: //span[@class='ms-2 custom-check-on'][text()='No']
2025-05-06 17:27:35,999 [info]: Clicking on By.cssSelector: .custom-checkbox.mb-2>span
2025-05-06 17:27:37,497 [info]: Clicking on By.xpath: //button[text()='Save changes']
2025-05-06 17:28:39,034 [info]: Clicking on By.cssSelector: .custom-checkbox.mb-2>span
2025-05-06 17:28:39,965 [info]: Clicking on By.xpath: //button[text()='Save changes']
2025-05-06 17:28:40,014 [info]: Clicking on By.xpath: (//button[@type='button'][text()='Configure'])[2]
2025-05-06 17:28:41,587 [info]: Clicking on By.xpath: //button[text()='Save changes']
2025-05-06 17:28:43,740 [info]: Clicking on By.xpath: //button[text()='Store links']
2025-05-06 17:30:28,127 [info]: Clicking on By.xpath: //button[text()='Save']
2025-05-06 17:30:32,888 [info]: Clicking on By.xpath: //span[text()='Accept bank transfer']
2025-05-06 17:30:32,978 [info]: Clicking on By.xpath: //button[text()='Continue']
2025-05-06 17:30:34,249 [info]: Clicking on By.xpath: //button[text()='Continue']
