2025-05-01 15:42:11,537 [info]: Starting Login test - Entering username and password
2025-05-01 15:42:11,929 [debug]: User has successfully logged in and landed on the dashboard
2025-05-01 15:42:14,824 [info]: Clicking on By.xpath: //div[text()='Gift Cards Dashboard']
2025-05-01 15:42:25,942 [info]: Clicking on By.xpath: //div[text()='Gift Cards Dashboard']
2025-05-01 15:42:27,200 [info]: Element is clicked at index: 3
2025-05-01 15:42:39,677 [info]: Clicking on By.xpath: //div[text()='Gift Cards Dashboard']
2025-05-01 15:42:40,945 [info]: Element is clicked at index: 4
2025-05-01 15:42:53,715 [info]: Clicking on By.xpath: //div[text()='Gift Cards Dashboard']
2025-05-01 15:42:55,024 [info]: Element is clicked at index: 4
2025-05-01 15:43:10,412 [info]: Clicking on By.xpath: //div[text()='Gift Cards Dashboard']
2025-05-01 15:43:11,565 [info]: Element is clicked at index: 6
2025-05-01 15:43:26,533 [info]: Clicking on By.xpath: //div[text()='Gift Cards Dashboard']
2025-05-01 15:43:28,023 [info]: Element is clicked at index: 6
2025-05-01 15:43:42,760 [info]: Clicking on By.xpath: //div[text()='Gift Cards Dashboard']
2025-05-01 15:43:44,051 [info]: Element is clicked at index: 6
2025-05-01 15:43:59,015 [info]: Clicking on By.xpath: //div[text()='Gift Cards Dashboard']
2025-05-01 15:44:17,787 [info]: Clicking on By.xpath: //div[text()='Gift Cards Dashboard']
2025-05-01 15:44:18,948 [info]: Element is clicked at index: 6
2025-05-01 15:44:33,977 [info]: Clicking on By.xpath: //div[text()='Gift Cards Dashboard']
2025-05-01 15:44:35,237 [info]: Element is clicked at index: 6
2025-05-01 15:44:47,606 [info]: Clicking on By.xpath: //div[text()='Gift Cards Dashboard']
2025-05-01 15:44:49,000 [info]: Element is clicked at index: 4
2025-05-01 15:44:54,060 [info]: Clicking on By.cssSelector: div>.modal-content .stretched-link.-selectCustomer-
2025-05-01 15:45:05,032 [info]: Clicking on By.xpath: //div[text()='Gift Cards Dashboard']
2025-05-01 15:45:06,256 [info]: Element is clicked at index: 4
2025-05-01 15:45:10,194 [info]: Clicking on By.cssSelector: div.bg-white>button:nth-child(2)
2025-05-01 15:45:11,309 [info]: Clicking on By.cssSelector: div>.modal-content .stretched-link.-selectCustomer-
2025-05-01 15:45:22,852 [info]: Clicking on By.xpath: //div[text()='Gift Cards Dashboard']
2025-05-01 15:45:24,043 [info]: Element is clicked at index: 4
2025-05-01 15:45:28,076 [info]: Clicking on By.cssSelector: div.bg-white>button:nth-child(2)
2025-05-01 15:45:29,192 [info]: Clicking on By.cssSelector: div>.modal-content .stretched-link.-selectCustomer-
2025-05-01 15:45:30,326 [info]: Clicking on By.cssSelector: input[name='email']~button.btn
2025-05-01 15:45:40,680 [info]: Clicking on By.xpath: //div[text()='Gift Cards Dashboard']
2025-05-01 15:45:41,878 [info]: Element is clicked at index: 4
2025-05-01 15:45:45,915 [info]: Clicking on By.cssSelector: div.bg-white>button:nth-child(2)
2025-05-01 15:45:47,059 [info]: Clicking on By.cssSelector: div>.modal-content .stretched-link.-selectCustomer-
2025-05-01 15:45:58,696 [info]: Clicking on By.xpath: //div[text()='Gift Cards Dashboard']
2025-05-01 15:45:59,908 [info]: Element is clicked at index: 4
2025-05-01 15:46:04,004 [info]: Clicking on By.cssSelector: div.bg-white>button:nth-child(2)
2025-05-01 15:46:05,104 [info]: Clicking on By.cssSelector: div>.modal-content .stretched-link.-selectCustomer-
2025-05-01 15:46:06,290 [info]: Clicking on By.cssSelector: input[name='email']~button.btn
2025-05-01 15:46:18,782 [info]: Clicking on By.xpath: //div[text()='Gift Cards Dashboard']
2025-05-01 15:46:19,955 [info]: Element is clicked at index: 4
2025-05-01 15:46:23,963 [info]: Clicking on By.cssSelector: div.bg-white>button:nth-child(2)
2025-05-01 15:46:25,003 [info]: Clicking on By.cssSelector: div>.modal-content .stretched-link.-selectCustomer-
2025-05-01 15:46:26,289 [info]: Clicking on By.cssSelector: input[name='email']~button.btn
2025-05-01 15:46:37,455 [info]: Clicking on By.xpath: //div[text()='Gift Cards Dashboard']
2025-05-01 15:46:38,647 [info]: Element is clicked at index: 5
2025-05-01 15:46:45,402 [info]: Clicking on By.cssSelector: div.bg-white>button:nth-child(2)
2025-05-01 15:46:46,539 [info]: Clicking on By.cssSelector: div>.modal-content .stretched-link.-selectCustomer-
2025-05-01 15:46:47,764 [info]: Clicking on By.cssSelector: input[name='email']~button.btn
2025-05-01 15:47:03,540 [info]: Clicking on By.xpath: //div[text()='Gift Cards Dashboard']
2025-05-01 15:47:04,786 [info]: Element is clicked at index: 4
2025-05-01 15:47:08,735 [info]: Clicking on By.cssSelector: div.bg-white>button:nth-child(2)
2025-05-01 15:47:09,913 [info]: Clicking on By.cssSelector: div>.modal-content .stretched-link.-selectCustomer-
2025-05-01 15:47:11,107 [info]: Clicking on By.cssSelector: input[name='email']~button.btn
2025-05-01 15:47:14,350 [info]: Clicking on By.cssSelector: div.d-flex.justify-content-between ~ a.p-0.mb-1
2025-05-01 15:47:27,034 [info]: Clicking on By.xpath: //div[text()='Gift Cards Dashboard']
2025-05-01 15:47:28,294 [info]: Element is clicked at index: 4
2025-05-01 15:47:32,285 [info]: Clicking on By.cssSelector: div.bg-white>button:nth-child(2)
2025-05-01 15:47:33,349 [info]: Clicking on By.cssSelector: div>.modal-content .stretched-link.-selectCustomer-
2025-05-01 15:47:34,518 [info]: Clicking on By.cssSelector: input[name='email']~button.btn
2025-05-01 15:47:37,746 [info]: Clicking on By.cssSelector: div.d-flex.justify-content-between ~ a.p-0.mb-1
2025-05-01 15:48:00,502 [info]: Clicking on By.xpath: //div[text()='Gift Cards Dashboard']
2025-05-01 15:48:01,731 [info]: Element is clicked at index: 4
2025-05-01 15:48:05,648 [info]: Clicking on By.cssSelector: div.bg-white>button:nth-child(2)
2025-05-01 15:48:08,259 [info]: Clicking on By.cssSelector: div.d-flex.justify-content-between ~ a.p-0.mb-1
2025-05-01 15:48:28,450 [info]: Clicking on By.xpath: //div[text()='Gift Cards Dashboard']
2025-05-01 15:48:29,706 [info]: Element is clicked at index: 4
2025-05-01 15:48:33,879 [info]: Clicking on By.cssSelector: div.bg-white>button:nth-child(2)
2025-05-01 15:48:36,583 [info]: Clicking on By.cssSelector: div.d-flex.justify-content-between ~ a.p-0.mb-1
2025-05-01 15:48:56,855 [info]: Clicking on By.xpath: //div[text()='Gift Cards Dashboard']
2025-05-01 15:48:58,033 [info]: Element is clicked at index: 4
2025-05-01 15:49:02,077 [info]: Clicking on By.cssSelector: div.bg-white>button:nth-child(2)
2025-05-01 15:49:04,946 [info]: Clicking on By.cssSelector: div.d-flex.justify-content-between ~ a.p-0.mb-1
2025-05-01 15:49:14,968 [info]: Clicking on By.xpath: //div[text()='Gift Cards Dashboard']
2025-05-01 15:49:16,182 [info]: Element is clicked at index: 5
2025-05-01 15:49:18,524 [info]: Clicking on By.cssSelector: input[name='readonlyFunds'] ~ i.custom-check-off
2025-05-01 15:49:20,462 [info]: Clicking on By.cssSelector: div.bg-white>button:nth-child(2)
2025-05-01 15:49:23,095 [info]: Clicking on By.cssSelector: div.d-flex.justify-content-between ~ a.p-0.mb-1
2025-05-01 15:49:33,931 [info]: Clicking on By.xpath: //div[text()='Gift Cards Dashboard']
2025-05-01 15:49:35,218 [info]: Element is clicked at index: 5
2025-05-01 15:49:42,948 [info]: Clicking on By.cssSelector: input[name='readonlyFunds'] ~ i.custom-check-on
2025-05-01 15:49:44,271 [info]: Clicking on By.cssSelector: div.bg-white>button:nth-child(2)
2025-05-01 15:49:46,834 [info]: Clicking on By.cssSelector: div.d-flex.justify-content-between ~ a.p-0.mb-1
2025-05-01 15:49:57,629 [info]: Clicking on By.xpath: //div[text()='Gift Cards Dashboard']
2025-05-01 15:49:58,767 [info]: Element is clicked at index: 4
2025-05-01 15:50:02,739 [info]: Clicking on By.cssSelector: div.bg-white>button:nth-child(2)
2025-05-01 15:50:05,402 [info]: Clicking on By.cssSelector: div.d-flex.justify-content-between ~ a.p-0.mb-1
2025-05-01 15:50:16,296 [info]: Clicking on By.xpath: //div[text()='Gift Cards Dashboard']
2025-05-01 15:50:17,585 [info]: Element is clicked at index: 4
2025-05-01 15:50:21,642 [info]: Clicking on By.cssSelector: div.bg-white>button:nth-child(2)
2025-05-01 15:50:24,217 [info]: Clicking on By.cssSelector: div.d-flex.justify-content-between ~ a.p-0.mb-1
2025-05-01 15:50:36,361 [info]: Clicking on By.xpath: //div[text()='Gift Cards Dashboard']
2025-05-01 15:50:37,469 [info]: Element is clicked at index: 4
2025-05-01 15:50:41,522 [info]: Clicking on By.cssSelector: div.bg-white>button:nth-child(2)
2025-05-01 15:50:44,147 [info]: Clicking on By.cssSelector: div.d-flex.justify-content-between ~ a.p-0.mb-1
2025-05-01 15:51:19,965 [info]: Clicking on By.xpath: //div[text()='Gift Cards Dashboard']
2025-05-01 15:51:21,228 [info]: Element is clicked at index: 4
2025-05-01 15:51:25,202 [info]: Clicking on By.cssSelector: div.bg-white>button:nth-child(2)
2025-05-01 15:51:27,831 [info]: Clicking on By.cssSelector: div.d-flex.justify-content-between ~ a.p-0.mb-1
2025-05-01 15:52:11,245 [info]: Clicking on By.xpath: //div[text()='Gift Cards Dashboard']
2025-05-01 15:52:12,467 [info]: Element is clicked at index: 5
2025-05-01 15:52:28,121 [info]: Clicking on By.xpath: //div[text()='Gift Cards Dashboard']
2025-05-01 15:52:29,250 [info]: Element is clicked at index: 5
