2025-05-19 10:38:19,269 [info]: Clicking on newBillTxt
2025-05-19 10:38:46,255 [info]: Clicking on By.xpath: //button[text()='Different Cell-phone']
2025-05-19 10:38:57,932 [info]: Clicking on By.xpath: //a[normalize-space()='Sign out']
2025-05-19 10:39:27,252 [info]: Nothing to be selected
2025-05-19 10:39:29,334 [info]: Clicking on By.xpath: //a[@class='stretched-link position-absolute h-100 -updateamount-']
2025-05-19 10:39:34,362 [info]: Clicking on By.xpath: //input[@lbl-title='Amount']
2025-05-19 10:39:41,697 [info]: Clicking on By.xpath: //input[@name='amount']//following::button[@type='submit' and normalize-space()='Update'][2]
2025-05-19 10:40:30,144 [info]: Clicking on By.xpath: //a[normalize-space()='My Stuff']
2025-05-19 10:40:30,168 [info]: Clicking on By.xpath: //div[normalize-space()='Payment History']
2025-05-19 10:40:58,111 [info]: Clicking on By.xpath: //a[normalize-space()='My Stuff']
2025-05-19 10:40:58,140 [info]: Clicking on By.xpath: //div[normalize-space()='Payment History']
2025-05-19 10:41:12,691 [info]: Clicking on newBillTxt
2025-05-19 10:41:48,346 [info]: Clicking on By.xpath: //a[normalize-space()='Sign out']
2025-05-19 10:42:16,708 [info]: Nothing to be selected
2025-05-19 10:43:03,910 [info]: Clicking on By.xpath: //a[normalize-space()='My Stuff']
2025-05-19 10:43:03,989 [info]: Clicking on By.xpath: //div[normalize-space()='Payment History']
2025-05-19 10:43:22,163 [info]: Clicking on By.xpath: //a[normalize-space()='My Stuff']
2025-05-19 10:43:22,188 [info]: Clicking on By.xpath: //div[normalize-space()='Payment History']
2025-05-19 10:44:36,556 [info]: Clicking on By.xpath: //button[text()='Save']
2025-05-19 10:44:41,082 [info]: Clicking on By.xpath: //span[text()='Accept bank transfer']
2025-05-19 10:44:41,150 [info]: Clicking on By.xpath: //button[text()='Continue']
2025-05-19 10:44:42,603 [info]: Clicking on By.xpath: //button[text()='Continue']
2025-05-19 10:44:48,899 [info]: Clicking on newBillTxt
2025-05-19 10:45:14,102 [info]: Clicking on By.cssSelector: .fal.fa-circle.custom-check-off
2025-05-19 10:45:14,387 [info]: Clicking on By.xpath: //button[text()='Update Status']
2025-05-19 10:45:16,131 [info]: Phone number. Existing or new
2025-05-19 10:45:16,193 [info]: Email. Existing or new
2025-05-19 10:45:21,422 [info]: Clicking on By.cssSelector: button[href=".-deleteStore-"]
2025-05-19 10:45:24,481 [info]: Clicking on By.xpath: //button[text()='Delete Permanently']
2025-05-19 10:45:47,318 [info]: Numeric Value: 2000.00
2025-05-19 10:45:47,371 [info]: Numeric Value: 2000.00
2025-05-19 10:46:22,909 [info]: Clicking on newBillTxt
2025-05-19 10:46:33,783 [info]: Clicking on By.xpath: //button[text()='Save']
2025-05-19 10:46:38,260 [info]: Clicking on By.xpath: //span[text()='Accept bank transfer']
2025-05-19 10:46:38,337 [info]: Clicking on By.xpath: //button[text()='Continue']
2025-05-19 10:46:39,577 [info]: Clicking on By.xpath: //button[text()='Continue']
2025-05-19 10:46:51,138 [info]: Phone number. Existing or new
2025-05-19 10:46:51,197 [info]: Email. Existing or new
2025-05-19 10:47:01,833 [info]: Clicking on By.cssSelector: .fal.fa-circle.custom-check-off
2025-05-19 10:47:02,094 [info]: Clicking on By.xpath: //button[text()='Update Status']
2025-05-19 10:47:09,168 [info]: Clicking on By.cssSelector: button[href=".-deleteStore-"]
2025-05-19 10:47:11,594 [info]: Clicking on By.xpath: //button[text()='Delete Permanently']
2025-05-19 10:47:25,424 [info]: Numeric Value: 2000.00
2025-05-19 10:47:25,457 [info]: Numeric Value: 2000.00
2025-05-19 10:48:05,913 [info]: Clicking on newBillTxt
2025-05-19 10:48:35,023 [info]: Phone number. Existing or new
2025-05-19 10:48:35,065 [info]: Email. Existing or new
2025-05-19 10:49:06,217 [info]: Numeric Value: 2000.00
2025-05-19 10:49:06,262 [info]: Numeric Value: 2000.00
2025-05-19 10:49:35,796 [info]: Clicking on newBillTxt
2025-05-19 10:50:03,930 [info]: Phone number. Existing or new
2025-05-19 10:50:03,977 [info]: Email. Existing or new
2025-05-19 10:50:34,699 [info]: Numeric Value: 2000.00
2025-05-19 10:50:34,730 [info]: Numeric Value: 2000.00
2025-05-19 10:51:01,743 [info]: Clicking on newBillTxt
2025-05-19 10:51:29,975 [info]: Phone number. Existing or new
2025-05-19 10:51:30,017 [info]: Email. Existing or new
2025-05-19 10:51:30,903 [info]: Clicking on By.xpath: (//span[text()='Accept Zelle'])[1]
2025-05-19 10:51:59,626 [info]: Numeric Value: 2000.00
2025-05-19 10:51:59,671 [info]: Numeric Value: 2000.00
2025-05-19 10:52:46,355 [info]: Clicking on newBillTxt
2025-05-19 10:53:16,720 [info]: Phone number. Existing or new
2025-05-19 10:53:16,763 [info]: Email. Existing or new
2025-05-19 10:53:31,611 [info]: Clicking on By.xpath: //button[text()='Save']
2025-05-19 10:53:36,008 [info]: Clicking on By.xpath: //span[text()='Accept bank transfer']
2025-05-19 10:53:36,089 [info]: Clicking on By.xpath: //button[text()='Continue']
2025-05-19 10:53:37,350 [info]: Clicking on By.xpath: //button[text()='Continue']
2025-05-19 10:53:46,898 [info]: Numeric Value: 2000.00
2025-05-19 10:53:46,938 [info]: Numeric Value: 2000.00
2025-05-19 10:53:50,329 [info]: 314.75
2025-05-19 10:54:11,387 [info]: Clicking on By.cssSelector: .fal.fa-circle.custom-check-off
2025-05-19 10:54:11,757 [info]: Clicking on By.xpath: //button[text()='Update Status']
2025-05-19 10:54:18,675 [info]: Clicking on By.cssSelector: button[href=".-deleteStore-"]
2025-05-19 10:54:21,077 [info]: Clicking on By.xpath: //button[text()='Delete Permanently']
2025-05-19 10:54:27,352 [info]: Clicking on newBillTxt
2025-05-19 10:54:56,175 [info]: Phone number. Existing or new
2025-05-19 10:54:56,226 [info]: Email. Existing or new
2025-05-19 10:55:26,607 [info]: Numeric Value: 2000.00
2025-05-19 10:55:26,644 [info]: Numeric Value: 2000.00
2025-05-19 10:55:32,249 [info]: Clicking on By.xpath: //button[text()='Add new terminal']
2025-05-19 10:55:35,579 [info]: Clicking on By.xpath: //label[text()='Select your terminal']/../div[4]/label/i[2]
2025-05-19 10:55:35,634 [info]: Clicking on By.xpath: //button[text()='Save']
2025-05-19 10:55:40,893 [info]: Numeric Value: 2000.00
2025-05-19 10:55:40,893 [info]: Numeric Value: 2000.00
2025-05-19 10:55:57,239 [info]: Clicking on newBillTxt
2025-05-19 10:56:26,341 [info]: Phone number. Existing or new
2025-05-19 10:56:26,384 [info]: Email. Existing or new
2025-05-19 10:56:31,099 [info]: Clicking on By.xpath: //button[text()='Save changes']
2025-05-19 10:57:24,301 [info]: Nothing to be selected
2025-05-19 10:57:38,204 [info]: Clicking on By.xpath: //button[text()='Save changes']
2025-05-19 10:58:27,315 [info]: Clicking on By.xpath: //button[text()='Save changes']
2025-05-19 10:58:57,341 [info]: Clicking on newBillTxt
2025-05-19 10:59:25,681 [info]: Phone number. Existing or new
2025-05-19 10:59:25,727 [info]: Email. Existing or new
2025-05-19 11:00:24,393 [info]: Nothing to be selected
2025-05-19 11:00:42,086 [info]: Clicking on By.xpath: //button[text()='Save']
2025-05-19 11:00:46,526 [info]: Clicking on By.xpath: //span[text()='Accept bank transfer']
2025-05-19 11:00:46,581 [info]: Clicking on By.xpath: //button[text()='Continue']
2025-05-19 11:00:47,738 [info]: Clicking on By.xpath: //button[text()='Continue']
2025-05-19 11:01:32,130 [info]: Clicking on newBillTxt
2025-05-19 11:01:59,909 [info]: Phone number. Existing or new
2025-05-19 11:01:59,969 [info]: Email. Existing or new
2025-05-19 11:02:57,735 [info]: Nothing to be selected
2025-05-19 11:04:53,830 [info]: Clicking on newBillTxt
2025-05-19 11:05:22,552 [info]: Phone number. Existing or new
2025-05-19 11:05:22,596 [info]: Email. Existing or new
2025-05-19 11:06:20,479 [info]: Nothing to be selected
2025-05-19 11:06:47,615 [info]: 100
2025-05-19 11:07:08,036 [info]: Clicking on newBillTxt
2025-05-19 11:07:35,218 [info]: Phone number. Existing or new
2025-05-19 11:07:35,258 [info]: Email. Existing or new
2025-05-19 11:07:52,986 [info]: Type Of Entry Dropdown values are :
2025-05-19 11:07:53,003 [info]: Type Of Entry Dropdown values are :
2025-05-19 11:07:53,015 [info]: Type Of Entry Dropdown values are :
2025-05-19 11:07:53,026 [info]: Type Of Entry Dropdown values are :
2025-05-19 11:07:53,036 [info]: Type Of Entry Dropdown values are :
2025-05-19 11:07:53,046 [info]: Type Of Entry Dropdown values are :
2025-05-19 11:07:53,056 [info]: Type Of Entry Dropdown values are :
2025-05-19 11:07:53,066 [info]: Type Of Entry Dropdown values are :
2025-05-19 11:07:53,078 [info]: Type Of Entry Dropdown values are :
2025-05-19 11:07:53,092 [info]: Type Of Entry Dropdown values are :
2025-05-19 11:07:53,104 [info]: Type Of Entry Dropdown values are :Checkbox
2025-05-19 11:08:12,344 [info]: May 2025
2025-05-19 11:08:16,529 [info]: Toggle button is on
2025-05-19 11:08:30,284 [info]: Nothing to be selected
2025-05-19 11:09:19,241 [info]: Clicking on newBillTxt
2025-05-19 11:09:48,381 [info]: Phone number. Existing or new
2025-05-19 11:09:48,890 [info]: Email. Existing or new
2025-05-19 11:10:58,501 [info]: Clicking on newBillTxt
2025-05-19 11:11:27,511 [info]: Phone number. Existing or new
2025-05-19 11:11:27,556 [info]: Email. Existing or new
2025-05-19 11:12:52,147 [info]: Qr code Type Dropdown values are :
2025-05-19 11:12:52,158 [info]: Qr code Type Dropdown values are :
2025-05-19 11:12:52,170 [info]: Qr code Type Dropdown values are :Flexible amount
2025-05-19 11:12:52,181 [info]: Qr code Type Dropdown values are :Donations
2025-05-19 11:12:52,190 [info]: Qr code Type Dropdown values are :Tickets/Events
2025-05-19 11:13:02,385 [info]: Clicking on newBillTxt
2025-05-19 11:13:49,830 [info]: Clicking on By.xpath: (//input[@name='autoGenerate'])[1]
2025-05-19 11:16:45,713 [info]: Clicking on newBillTxt
2025-05-19 11:17:13,609 [info]: Phone number. Existing or new
2025-05-19 11:17:13,650 [info]: Email. Existing or new
2025-05-19 11:18:15,844 [info]: Nothing to be selected
2025-05-19 11:22:09,517 [info]: Clicking on By.cssSelector: .-btn-save-.btn.btn-primary
2025-05-19 11:22:51,902 [info]: Clicking on By.cssSelector: .-btn-save-.btn.btn-primary
2025-05-19 11:23:39,435 [info]: Clicking on By.cssSelector: .-btn-save-.btn.btn-primary
2025-05-19 11:25:05,266 [info]: Clicking on newBillTxt
2025-05-19 11:25:10,495 [info]: Clicking on By.xpath: //a[@class='sidebar-link fw-bold text-black collapsed' and text()='Manage Business']
2025-05-19 11:25:10,537 [info]: Clicking on By.xpath: //div[text()='Rewards Program']
2025-05-19 11:25:31,725 [info]: Clicking on By.cssSelector: .btn-outline-danger
2025-05-19 11:25:46,728 [info]: Clicking on newBillTxt
2025-05-19 11:26:09,069 [info]: Clicking on By.xpath: //a[@class='sidebar-link fw-bold text-black collapsed' and text()='Manage Business']
2025-05-19 11:26:09,101 [info]: Clicking on By.xpath: //div[text()='Rewards Program']
2025-05-19 11:26:15,776 [info]: Phone number. Existing or new
2025-05-19 11:26:15,821 [info]: Email. Existing or new
2025-05-19 11:26:42,830 [info]: Clicking on By.cssSelector: .btn-outline-danger
2025-05-19 11:26:43,058 [info]: Clicking on By.xpath: //a[@class='sidebar-link fw-bold text-black collapsed' and text()='Manage Business']
2025-05-19 11:26:43,088 [info]: Clicking on By.xpath: //div[text()='Rewards Program']
2025-05-19 11:26:58,508 [info]: Clicking on newBillTxt
2025-05-19 11:27:01,670 [info]: Clicking on By.xpath: //a[@class='sidebar-link fw-bold text-black collapsed' and text()='Manage Business']
2025-05-19 11:27:01,698 [info]: Clicking on By.xpath: //div[text()='Rewards Program']
2025-05-19 11:27:19,596 [info]: Clicking on By.xpath: //a[@class='sidebar-link fw-bold text-black collapsed' and text()='Manage Business']
2025-05-19 11:27:19,620 [info]: Clicking on By.xpath: //div[text()='Rewards Program']
2025-05-19 11:27:42,294 [info]: Clicking on By.cssSelector: .btn-outline-danger
2025-05-19 11:27:53,516 [info]: Clicking on By.xpath: //a[@class='sidebar-link fw-bold text-black collapsed' and text()='Manage Business']
2025-05-19 11:27:53,548 [info]: Clicking on By.xpath: //div[text()='Rewards Program']
2025-05-19 11:27:55,846 [info]: Clicking on newBillTxt
2025-05-19 11:28:20,467 [info]: Clicking on By.xpath: //a[@class='sidebar-link fw-bold text-black collapsed' and text()='Manage Business']
2025-05-19 11:28:20,496 [info]: Clicking on By.xpath: //div[text()='Rewards Program']
2025-05-19 11:28:25,503 [info]: Validating text
2025-05-19 11:28:25,568 [info]: Kevin1236TOBcPXC8yPdUOiDbI2OMFSlOzQl2nDsrWhfXdYnRV
2025-05-19 11:28:29,880 [info]: descriptionSection None text displayed
2025-05-19 11:28:35,785 [info]: Clicking on By.xpath: //a[@class='sidebar-link fw-bold text-black collapsed' and text()='Manage Business']
2025-05-19 11:28:35,813 [info]: Clicking on By.xpath: //div[text()='Rewards Program']
2025-05-19 11:28:39,732 [info]: Validating text
2025-05-19 11:28:39,949 [info]: Kevin123RPH5zJSsIIferz0G8gWfUer2HRgAugmNnMbTCIVaH6diHLa9yNLaaIMacINNoEeFXtntjY9B1rfIMhxgYTRitLhXCrWY1drn6tyyIFIRTzPFZzdSBAcWqAXbXZFS7sWIsfrIrZ82ns3qPuR78THhTmYtoAgI1ceaiqMqu1C3AILahlmjydPiI25iraD73zmZ
2025-05-19 11:29:13,972 [info]: Clicking on newBillTxt
2025-05-19 11:29:25,845 [info]: Attempted to enter: 500001
2025-05-19 11:29:25,846 [info]: Actual field value after restriction: 0.00
2025-05-19 11:29:25,852 [info]:  Restriction WORKING. Value in field is within limit: 0.0
2025-05-19 11:29:25,974 [info]: Extracted Number: 50000
2025-05-19 11:29:28,610 [info]: Clicking on By.xpath: //a[@class='sidebar-link fw-bold text-black collapsed' and text()='Manage Business']
2025-05-19 11:29:28,639 [info]: Clicking on By.xpath: //div[text()='Rewards Program']
2025-05-19 11:29:29,284 [info]: Field value: 5,000.00
2025-05-19 11:29:29,285 [info]: Extracted Number: 500000
2025-05-19 11:29:29,285 [info]: Restriction FAILED. Field allowed more than 50,000: 500000
2025-05-19 11:29:53,725 [info]: Clicking on By.cssSelector: .btn-outline-danger
2025-05-19 11:30:07,914 [info]: Clicking on By.xpath: //a[@class='sidebar-link fw-bold text-black collapsed' and text()='Manage Business']
2025-05-19 11:30:07,958 [info]: Clicking on By.xpath: //div[text()='Rewards Program']
2025-05-19 11:30:08,243 [info]: Clicking on newBillTxt
2025-05-19 11:30:15,012 [info]: Extracted Number: 3000
2025-05-19 11:30:18,348 [info]: Field value: 300.00
2025-05-19 11:30:18,348 [info]: Extracted Number: 30000
2025-05-19 11:30:18,348 [info]: Restriction WORKING. Value in field is within limit: 30000
2025-05-19 11:30:42,790 [info]: Clicking on By.cssSelector: .btn-outline-danger
2025-05-19 11:30:57,179 [info]: Clicking on newBillTxt
2025-05-19 11:30:59,640 [info]: Clicking on By.xpath: //a[@class='sidebar-link fw-bold text-black collapsed' and text()='Manage Business']
2025-05-19 11:30:59,676 [info]: Clicking on By.xpath: //div[text()='Rewards Program']
2025-05-19 11:31:17,340 [info]: Clicking on By.xpath: //a[@class='sidebar-link fw-bold text-black collapsed' and text()='Manage Business']
2025-05-19 11:31:17,370 [info]: Clicking on By.xpath: //div[text()='Rewards Program']
2025-05-19 11:31:34,187 [info]: Clicking on By.xpath: //a[@class='sidebar-link fw-bold text-black collapsed' and text()='Manage Business']
2025-05-19 11:31:34,216 [info]: Clicking on By.xpath: //div[text()='Rewards Program']
2025-05-19 11:31:48,302 [info]: Clicking on By.xpath: //a[@class='sidebar-link fw-bold text-black collapsed' and text()='Manage Business']
2025-05-19 11:31:48,333 [info]: Clicking on By.xpath: //div[text()='Rewards Program']
2025-05-19 11:32:01,614 [info]: Clicking on newBillTxt
2025-05-19 11:32:49,335 [info]: No pop-up showed
2025-05-19 11:32:51,350 [info]: Clicking on By.cssSelector: .btn-outline-danger
2025-05-19 11:35:00,595 [info]: Switch to window [Terms of Use Page]
2025-05-19 11:35:00,619 [info]: Get the Current Page Title
2025-05-19 11:35:04,818 [info]: Switch to window [Privacy Policy]
2025-05-19 11:35:14,441 [info]: Get the Current Page Title
2025-05-19 11:35:40,823 [info]: Get the Current Page Title
2025-05-19 11:36:27,464 [info]: Clicking on By.xpath: //footer[contains(@class,'la-v3-pane-footer-wrapper')]//span[text()='Agree and continue']/..
2025-05-19 11:36:56,880 [info]: Clicking on By.xpath: //i[@class='fas fa-trash']//..
2025-05-19 11:36:56,944 [info]: Clicking on By.xpath: //i[contains(@class,'fal fa-thumbs-up')]//..
