2025-05-19 11:50:09,648 [info]: Clicking on newBillTxt
2025-05-19 11:50:46,743 [info]: Clicking on By.xpath: //a[normalize-space()='Sign out']
2025-05-19 11:51:18,318 [info]: Nothing to be selected
2025-05-19 11:51:20,506 [info]: Clicking on By.xpath: //a[@class='stretched-link position-absolute h-100 -updateamount-']
2025-05-19 11:51:25,596 [info]: Clicking on By.xpath: //input[@lbl-title='Amount']
2025-05-19 11:51:33,025 [info]: Clicking on By.xpath: //input[@name='amount']//following::button[@type='submit' and normalize-space()='Update'][2]
2025-05-19 11:51:50,338 [info]: Clicking on By.xpath: //a[normalize-space()='My Stuff']
2025-05-19 11:51:50,521 [info]: Clicking on By.xpath: //div[normalize-space()='Payment History']
2025-05-19 11:51:55,972 [info]: Clicking on By.xpath: //button[normalize-space()='Make payments']
2025-05-19 11:52:22,679 [info]: Clicking on newBillTxt
2025-05-19 11:52:59,245 [info]: Clicking on By.xpath: //a[normalize-space()='Sign out']
2025-05-19 11:53:29,036 [info]: Nothing to be selected
2025-05-19 11:53:48,569 [info]: Clicking on By.xpath: //a[normalize-space()='Close']
2025-05-19 11:53:52,231 [info]: Clicking on By.xpath: //a[normalize-space()='My Stuff']
2025-05-19 11:53:52,270 [info]: Clicking on By.xpath: //div[normalize-space()='Payment History']
2025-05-19 11:57:19,179 [info]: Clicking on By.xpath: //button[text()='Save']
2025-05-19 11:57:32,024 [info]: Clicking on By.xpath: //button[text()='Save']
2025-05-19 11:57:33,624 [info]: Clicking on By.xpath: //button[text()='Continue']
2025-05-19 11:57:48,868 [info]: Clicking on By.cssSelector: .fal.fa-circle.custom-check-off
2025-05-19 11:57:49,216 [info]: Clicking on By.xpath: //button[text()='Update Status']
2025-05-19 11:57:56,122 [info]: Clicking on By.cssSelector: button[href=".-deleteStore-"]
2025-05-19 11:57:59,291 [info]: Clicking on By.xpath: //button[text()='Delete Permanently']
2025-05-19 11:59:28,594 [info]: Clicking on By.xpath: //button[text()='Save changes']
2025-05-19 12:00:36,314 [info]: Clicking on By.xpath: //button[text()='Save changes']
2025-05-19 12:01:17,429 [info]: Clicking on By.xpath: //button[text()='Save changes']
2025-05-19 12:03:38,436 [info]: Clicking on By.xpath: //button[text()='Save']
2025-05-19 12:03:43,415 [info]: Clicking on By.xpath: //span[text()='Accept bank transfer']
2025-05-19 12:03:43,516 [info]: Clicking on By.xpath: //button[text()='Continue']
2025-05-19 12:03:45,006 [info]: Clicking on By.xpath: //button[text()='Continue']
2025-05-19 12:04:45,335 [info]: Clicking on newBillTxt
2025-05-19 12:05:12,682 [info]: Phone number. Existing or new
2025-05-19 12:05:12,725 [info]: Email. Existing or new
2025-05-19 12:06:10,523 [info]: Nothing to be selected
2025-05-19 12:07:59,840 [info]: Clicking on newBillTxt
2025-05-19 12:08:46,321 [info]: Clicking on By.xpath: (//input[@name='autoGenerate'])[1]
2025-05-19 12:09:37,831 [info]: 100
2025-05-19 12:10:40,104 [info]: Type Of Entry Dropdown values are :
2025-05-19 12:10:40,136 [info]: Type Of Entry Dropdown values are :Full name
2025-05-19 12:10:40,165 [info]: Type Of Entry Dropdown values are :Full address
2025-05-19 12:10:40,191 [info]: Type Of Entry Dropdown values are :Long text
2025-05-19 12:10:40,216 [info]: Type Of Entry Dropdown values are :Phone number
2025-05-19 12:10:40,241 [info]: Type Of Entry Dropdown values are :Email
2025-05-19 12:10:40,274 [info]: Type Of Entry Dropdown values are :Money value
2025-05-19 12:10:40,299 [info]: Type Of Entry Dropdown values are :Numeric value
2025-05-19 12:10:40,330 [info]: Type Of Entry Dropdown values are :PDF file
2025-05-19 12:10:40,354 [info]: Type Of Entry Dropdown values are :Image file
2025-05-19 12:10:40,398 [info]: Type Of Entry Dropdown values are :Checkbox
2025-05-19 12:10:59,635 [info]: May 2025
2025-05-19 12:11:03,928 [info]: Toggle button is on
2025-05-19 12:11:35,504 [info]: Clicking on newBillTxt
2025-05-19 12:12:02,806 [info]: Phone number. Existing or new
2025-05-19 12:12:02,858 [info]: Email. Existing or new
2025-05-19 12:13:00,164 [info]: Nothing to be selected
2025-05-19 12:17:11,428 [info]: Clicking on newBillTxt
2025-05-19 12:18:44,071 [info]: Clicking on By.xpath: //i[@class='fas fa-trash']//..
2025-05-19 12:18:44,236 [info]: Clicking on By.xpath: //i[contains(@class,'fal fa-thumbs-up')]//..
