2025-05-15 14:42:24,911 [info]: Clicking on By.xpath: //footer[contains(@class,'la-v3-pane-footer-wrapper')]//span[text()='Agree and continue']/..
2025-05-15 14:42:54,177 [info]: Clicking on By.xpath: //i[@class='fas fa-trash']//..
2025-05-15 14:42:54,240 [info]: Clicking on By.xpath: //i[contains(@class,'fal fa-thumbs-up')]//..
2025-05-15 14:44:16,978 [info]: Clicking on By.cssSelector: .-btn-save-.btn.btn-primary
2025-05-15 14:45:03,539 [info]: Clicking on By.cssSelector: .-btn-save-.btn.btn-primary
2025-05-15 14:45:45,063 [info]: Clicking on By.cssSelector: .-btn-save-.btn.btn-primary
2025-05-15 14:47:11,355 [info]: Clicking on newBillTxt
2025-05-15 14:47:35,847 [info]: Clicking on By.cssSelector: .btn-outline-danger
2025-05-15 14:47:51,408 [info]: Clicking on newBillTxt
2025-05-15 14:48:20,202 [info]: Phone number. Existing or new
2025-05-15 14:48:20,249 [info]: Email. Existing or new
2025-05-15 14:48:48,005 [info]: Clicking on By.cssSelector: .btn-outline-danger
2025-05-15 14:49:04,614 [info]: Clicking on newBillTxt
2025-05-15 14:49:48,582 [info]: Clicking on By.cssSelector: .btn-outline-danger
2025-05-15 14:50:04,308 [info]: Clicking on newBillTxt
2025-05-15 14:50:35,139 [info]: Validating text
2025-05-15 14:50:35,405 [info]: Kevin123FTMskTfZ74mcSULB9ntxbznJYghNQzjcJznOUA3s3a
2025-05-15 14:50:39,715 [info]: descriptionSection None text displayed
2025-05-15 14:50:49,389 [info]: Validating text
2025-05-15 14:50:49,574 [info]: Kevin123YB5hUUULbjztngCLrtVrStCiUlBB5TTfcrL8BLM3dkXk8Fq0l0oxrVADANUV8m5Tzzc3A5rk9sD7OKjSlFDPcQDlqEIq3V4bWivODJEXDDqharWvvRH4PV9YOhPFKlVScfnSEOO6SVDKAGvxeL32IECy57UWoahzXYSSUj2DDYLYspQr4lHor0MyBats2Znk
2025-05-15 14:51:24,496 [info]: Clicking on newBillTxt
2025-05-15 14:51:36,562 [info]: Attempted to enter: 500001
2025-05-15 14:51:36,564 [info]: Actual field value after restriction: 0.00
2025-05-15 14:51:36,571 [info]:  Restriction WORKING. Value in field is within limit: 0.0
2025-05-15 14:51:36,691 [info]: Extracted Number: 50000
2025-05-15 14:51:40,023 [info]: Field value: 5,000.00
2025-05-15 14:51:40,023 [info]: Extracted Number: 500000
2025-05-15 14:51:40,024 [info]: Restriction FAILED. Field allowed more than 50,000: 500000
2025-05-15 14:52:04,349 [info]: Clicking on By.cssSelector: .btn-outline-danger
2025-05-15 14:52:19,730 [info]: Clicking on newBillTxt
2025-05-15 14:52:27,106 [info]: Extracted Number: 3000
2025-05-15 14:52:30,423 [info]: Field value: 300.00
2025-05-15 14:52:30,423 [info]: Extracted Number: 30000
2025-05-15 14:52:30,424 [info]: Restriction WORKING. Value in field is within limit: 30000
2025-05-15 14:52:54,984 [info]: Clicking on By.cssSelector: .btn-outline-danger
2025-05-15 14:53:16,330 [info]: Clicking on newBillTxt
2025-05-15 14:54:25,802 [info]: Clicking on newBillTxt
2025-05-15 14:55:12,996 [info]: No pop-up showed
2025-05-15 14:55:15,007 [info]: Clicking on By.cssSelector: .btn-outline-danger
2025-05-15 14:55:29,822 [info]: Clicking on newBillTxt
2025-05-15 14:55:49,097 [info]: 200
2025-05-15 14:55:59,459 [info]: Clicking on By.xpath: (//button[text()='Done'])[5]
2025-05-15 14:56:09,046 [info]: No pop-up showed
2025-05-15 14:56:22,480 [info]: Clicking on newBillTxt
2025-05-15 14:56:58,970 [info]: POPup Not Displayed
2025-05-15 14:57:12,913 [info]: Clicking on By.xpath: (//div[@class='position-absolute start-0 end-0 top-0 bottom-0 bg-locked'])[2]
2025-05-15 14:57:45,164 [info]: No pop-up showed
2025-05-15 14:58:01,009 [info]: Clicking on newBillTxt
2025-05-15 14:58:25,613 [info]: Clicking on By.xpath: (//div[@class='position-absolute start-0 end-0 top-0 bottom-0 bg-locked'])[2]
2025-05-15 14:58:58,646 [info]: Clicking on newBillTxt
2025-05-15 14:59:21,964 [info]: No repeat
2025-05-15 14:59:24,033 [info]: Daily
2025-05-15 14:59:28,633 [info]: Attribute value is fetched
2025-05-15 14:59:30,907 [info]: specificNumberTxt:3
2025-05-15 14:59:33,004 [info]: Specific number of times
times total
2025-05-15 14:59:35,061 [info]: Specific date
2025-05-15 14:59:37,148 [info]: Selected: Specific number of times
times total
2025-05-15 14:59:39,168 [info]: Selected: Specific date
2025-05-15 14:59:41,205 [info]: Weekly
2025-05-15 14:59:43,228 [info]: Monthly
2025-05-15 14:59:45,283 [info]: Yearly
2025-05-15 14:59:51,288 [info]: Clicking on By.xpath: (//button[text()='Done'])[5]
2025-05-15 15:00:21,492 [info]: Numeric Value: 1000.00
2025-05-15 15:00:29,899 [info]: Clicking on By.cssSelector: .btn-outline-danger
2025-05-15 15:00:45,394 [info]: Clicking on newBillTxt
2025-05-15 15:01:09,397 [info]: No repeat
2025-05-15 15:01:11,413 [info]: Daily
2025-05-15 15:01:13,467 [info]: Weekly
2025-05-15 15:01:17,834 [info]: Attribute value is fetched
2025-05-15 15:01:20,140 [info]: specificNumberTxt:3
2025-05-15 15:01:22,212 [info]: Specific number of times
times total
2025-05-15 15:01:24,273 [info]: Specific date
2025-05-15 15:01:26,416 [info]: Selected: Specific number of times
times total
2025-05-15 15:01:28,497 [info]: Selected: Specific date
2025-05-15 15:01:30,545 [info]: Monthly
2025-05-15 15:01:32,602 [info]: Yearly
2025-05-15 15:01:38,616 [info]: Clicking on By.xpath: (//button[text()='Done'])[5]
2025-05-15 15:01:52,237 [info]: No pop-up showed
2025-05-15 15:02:15,230 [info]: Clicking on newBillTxt
2025-05-15 15:02:38,259 [info]: No repeat
2025-05-15 15:02:40,334 [info]: Daily
2025-05-15 15:02:42,362 [info]: Weekly
2025-05-15 15:02:44,406 [info]: Monthly
2025-05-15 15:02:48,821 [info]: Attribute value is fetched
2025-05-15 15:02:50,990 [info]: specificNumberTxt:3
2025-05-15 15:02:53,052 [info]: Specific number of times
times total
2025-05-15 15:02:55,101 [info]: Specific date
2025-05-15 15:02:57,260 [info]: Selected: Specific number of times
times total
2025-05-15 15:02:59,360 [info]: Selected: Specific date
2025-05-15 15:03:01,406 [info]: Yearly
2025-05-15 15:03:07,410 [info]: Clicking on By.xpath: (//button[text()='Done'])[5]
2025-05-15 15:03:33,621 [info]: Numeric Value: 1000.00
2025-05-15 15:03:42,197 [info]: Clicking on By.cssSelector: .btn-outline-danger
2025-05-15 15:03:59,538 [info]: Clicking on newBillTxt
2025-05-15 15:04:18,533 [info]: No repeat
2025-05-15 15:04:20,592 [info]: Daily
2025-05-15 15:04:22,661 [info]: Weekly
2025-05-15 15:04:24,730 [info]: Monthly
2025-05-15 15:04:26,795 [info]: Yearly
2025-05-15 15:04:31,261 [info]: Specific number of times
2025-05-15 15:04:33,312 [info]: Specific date
2025-05-15 15:04:39,364 [info]: Clicking on By.xpath: (//button[text()='Done'])[5]
2025-05-15 15:05:11,382 [info]: Numeric Value: 1000.00
2025-05-15 15:05:19,951 [info]: Clicking on By.cssSelector: .btn-outline-danger
2025-05-15 15:05:36,733 [info]: Clicking on newBillTxt
2025-05-15 15:17:28,066 [info]: Clicking on newBillTxt
2025-05-15 15:17:56,898 [info]: Phone number. Existing or new
2025-05-15 15:17:56,944 [info]: Email. Existing or new
2025-05-15 15:18:54,207 [info]: Nothing to be selected
2025-05-15 15:20:32,525 [info]: Starting Login test - Entering username and password
2025-05-15 15:20:33,039 [debug]: User has successfully logged in and landed on the dashboard
2025-05-15 15:20:37,659 [info]: Clicking on By.xpath: //div[text()='Gift Cards Dashboard']
2025-05-15 15:20:50,374 [info]: Clicking on By.xpath: //div[text()='Gift Cards Dashboard']
2025-05-15 15:20:51,714 [info]: Element is clicked at index: 3
2025-05-15 15:21:07,883 [info]: Clicking on By.xpath: //div[text()='Gift Cards Dashboard']
2025-05-15 15:21:09,226 [info]: Element is clicked at index: 4
2025-05-15 15:21:24,817 [info]: Clicking on By.xpath: //div[text()='Gift Cards Dashboard']
2025-05-15 15:21:26,446 [info]: Element is clicked at index: 4
2025-05-15 15:21:46,946 [info]: Clicking on By.xpath: //div[text()='Gift Cards Dashboard']
2025-05-15 15:21:48,473 [info]: Element is clicked at index: 6
2025-05-15 15:22:07,360 [info]: Clicking on By.xpath: //div[text()='Gift Cards Dashboard']
2025-05-15 15:22:08,814 [info]: Element is clicked at index: 6
2025-05-15 15:22:26,991 [info]: Clicking on By.xpath: //div[text()='Gift Cards Dashboard']
2025-05-15 15:22:28,395 [info]: Element is clicked at index: 6
2025-05-15 15:22:45,264 [info]: Clicking on By.xpath: //div[text()='Gift Cards Dashboard']
2025-05-15 15:23:05,257 [info]: Clicking on By.xpath: //div[text()='Gift Cards Dashboard']
2025-05-15 15:23:06,926 [info]: Element is clicked at index: 6
2025-05-15 15:23:25,083 [info]: Clicking on By.xpath: //div[text()='Gift Cards Dashboard']
2025-05-15 15:23:26,574 [info]: Element is clicked at index: 6
2025-05-15 15:23:41,590 [info]: Clicking on By.xpath: //div[text()='Gift Cards Dashboard']
2025-05-15 15:23:42,991 [info]: Element is clicked at index: 4
2025-05-15 15:23:48,788 [info]: Clicking on By.cssSelector: div>.modal-content .stretched-link.-selectCustomer-
2025-05-15 15:24:01,415 [info]: Clicking on By.xpath: //div[text()='Gift Cards Dashboard']
2025-05-15 15:24:02,769 [info]: Element is clicked at index: 4
2025-05-15 15:24:07,304 [info]: Clicking on By.cssSelector: div.bg-white>button:nth-child(2)
2025-05-15 15:24:08,648 [info]: Clicking on By.cssSelector: div>.modal-content .stretched-link.-selectCustomer-
2025-05-15 15:24:24,774 [info]: Clicking on By.xpath: //div[text()='Gift Cards Dashboard']
2025-05-15 15:24:26,666 [info]: Element is clicked at index: 4
2025-05-15 15:24:31,549 [info]: Clicking on By.cssSelector: div.bg-white>button:nth-child(2)
2025-05-15 15:24:32,722 [info]: Clicking on By.cssSelector: div>.modal-content .stretched-link.-selectCustomer-
2025-05-15 15:24:33,861 [info]: Clicking on By.cssSelector: input[name='email']~button.btn
2025-05-15 15:24:47,631 [info]: Clicking on By.xpath: //div[text()='Gift Cards Dashboard']
2025-05-15 15:24:49,058 [info]: Element is clicked at index: 4
2025-05-15 15:24:53,558 [info]: Clicking on By.cssSelector: div.bg-white>button:nth-child(2)
2025-05-15 15:24:54,758 [info]: Clicking on By.cssSelector: div>.modal-content .stretched-link.-selectCustomer-
2025-05-15 15:25:08,036 [info]: Clicking on By.xpath: //div[text()='Gift Cards Dashboard']
2025-05-15 15:25:09,411 [info]: Element is clicked at index: 4
2025-05-15 15:25:13,670 [info]: Clicking on By.cssSelector: div.bg-white>button:nth-child(2)
2025-05-15 15:25:14,989 [info]: Clicking on By.cssSelector: div>.modal-content .stretched-link.-selectCustomer-
2025-05-15 15:25:16,185 [info]: Clicking on By.cssSelector: input[name='email']~button.btn
2025-05-15 15:25:30,834 [info]: Clicking on By.xpath: //div[text()='Gift Cards Dashboard']
2025-05-15 15:25:32,231 [info]: Element is clicked at index: 4
2025-05-15 15:25:36,840 [info]: Clicking on By.cssSelector: div.bg-white>button:nth-child(2)
2025-05-15 15:25:38,020 [info]: Clicking on By.cssSelector: div>.modal-content .stretched-link.-selectCustomer-
2025-05-15 15:25:39,243 [info]: Clicking on By.cssSelector: input[name='email']~button.btn
2025-05-15 15:25:50,913 [info]: Clicking on By.xpath: //div[text()='Gift Cards Dashboard']
2025-05-15 15:25:52,344 [info]: Element is clicked at index: 5
2025-05-15 15:25:59,961 [info]: Clicking on By.cssSelector: div.bg-white>button:nth-child(2)
2025-05-15 15:26:01,407 [info]: Clicking on By.cssSelector: div>.modal-content .stretched-link.-selectCustomer-
2025-05-15 15:26:02,603 [info]: Clicking on By.cssSelector: input[name='email']~button.btn
2025-05-15 15:26:22,286 [info]: Clicking on By.xpath: //div[text()='Gift Cards Dashboard']
2025-05-15 15:26:23,780 [info]: Element is clicked at index: 4
2025-05-15 15:26:28,434 [info]: Clicking on By.cssSelector: div.bg-white>button:nth-child(2)
2025-05-15 15:26:29,712 [info]: Clicking on By.cssSelector: div>.modal-content .stretched-link.-selectCustomer-
2025-05-15 15:26:31,045 [info]: Clicking on By.cssSelector: input[name='email']~button.btn
2025-05-15 15:26:34,385 [info]: Clicking on By.cssSelector: div.d-flex.justify-content-between ~ a.p-0.mb-1
2025-05-15 15:26:49,953 [info]: Clicking on By.xpath: //div[text()='Gift Cards Dashboard']
2025-05-15 15:26:51,490 [info]: Element is clicked at index: 4
2025-05-15 15:26:55,520 [info]: Clicking on By.cssSelector: div.bg-white>button:nth-child(2)
2025-05-15 15:26:56,690 [info]: Clicking on By.cssSelector: div>.modal-content .stretched-link.-selectCustomer-
2025-05-15 15:26:57,956 [info]: Clicking on By.cssSelector: input[name='email']~button.btn
2025-05-15 15:27:01,219 [info]: Clicking on By.cssSelector: div.d-flex.justify-content-between ~ a.p-0.mb-1
2025-05-15 15:27:26,462 [info]: Clicking on By.xpath: //div[text()='Gift Cards Dashboard']
2025-05-15 15:27:27,816 [info]: Element is clicked at index: 4
2025-05-15 15:27:32,158 [info]: Clicking on By.cssSelector: div.bg-white>button:nth-child(2)
2025-05-15 15:27:34,788 [info]: Clicking on By.cssSelector: div.d-flex.justify-content-between ~ a.p-0.mb-1
2025-05-15 15:27:56,071 [info]: Clicking on By.xpath: //div[text()='Gift Cards Dashboard']
2025-05-15 15:27:57,382 [info]: Element is clicked at index: 4
2025-05-15 15:28:01,765 [info]: Clicking on By.cssSelector: div.bg-white>button:nth-child(2)
2025-05-15 15:28:04,408 [info]: Clicking on By.cssSelector: div.d-flex.justify-content-between ~ a.p-0.mb-1
2025-05-15 15:28:27,609 [info]: Clicking on By.xpath: //div[text()='Gift Cards Dashboard']
2025-05-15 15:28:28,958 [info]: Element is clicked at index: 4
2025-05-15 15:28:33,122 [info]: Clicking on By.cssSelector: div.bg-white>button:nth-child(2)
2025-05-15 15:28:35,776 [info]: Clicking on By.cssSelector: div.d-flex.justify-content-between ~ a.p-0.mb-1
2025-05-15 15:28:48,898 [info]: Clicking on By.xpath: //div[text()='Gift Cards Dashboard']
2025-05-15 15:28:50,197 [info]: Element is clicked at index: 5
2025-05-15 15:28:58,562 [info]: Clicking on By.cssSelector: div.bg-white>button:nth-child(2)
2025-05-15 15:29:01,442 [info]: Clicking on By.cssSelector: div.d-flex.justify-content-between ~ a.p-0.mb-1
2025-05-15 15:29:14,876 [info]: Clicking on By.xpath: //div[text()='Gift Cards Dashboard']
2025-05-15 15:29:16,381 [info]: Element is clicked at index: 5
2025-05-15 15:29:23,813 [info]: Clicking on By.cssSelector: input[name='readonlyFunds'] ~ i.custom-check-on
2025-05-15 15:29:25,196 [info]: Clicking on By.cssSelector: div.bg-white>button:nth-child(2)
2025-05-15 15:29:28,017 [info]: Clicking on By.cssSelector: div.d-flex.justify-content-between ~ a.p-0.mb-1
2025-05-15 15:29:41,067 [info]: Clicking on By.xpath: //div[text()='Gift Cards Dashboard']
2025-05-15 15:29:42,928 [info]: Element is clicked at index: 4
2025-05-15 15:29:47,721 [info]: Clicking on By.cssSelector: div.bg-white>button:nth-child(2)
2025-05-15 15:29:50,469 [info]: Clicking on By.cssSelector: div.d-flex.justify-content-between ~ a.p-0.mb-1
2025-05-15 15:30:04,154 [info]: Clicking on By.xpath: //div[text()='Gift Cards Dashboard']
2025-05-15 15:30:05,637 [info]: Element is clicked at index: 4
2025-05-15 15:30:09,959 [info]: Clicking on By.cssSelector: div.bg-white>button:nth-child(2)
2025-05-15 15:30:12,589 [info]: Clicking on By.cssSelector: div.d-flex.justify-content-between ~ a.p-0.mb-1
2025-05-15 15:30:31,383 [info]: Clicking on By.xpath: //div[text()='Gift Cards Dashboard']
2025-05-15 15:30:32,815 [info]: Element is clicked at index: 4
2025-05-15 15:30:37,316 [info]: Clicking on By.cssSelector: div.bg-white>button:nth-child(2)
2025-05-15 15:30:40,219 [info]: Clicking on By.cssSelector: div.d-flex.justify-content-between ~ a.p-0.mb-1
2025-05-15 15:31:01,354 [info]: Clicking on By.xpath: //div[text()='Gift Cards Dashboard']
2025-05-15 15:31:03,026 [info]: Element is clicked at index: 4
2025-05-15 15:31:07,340 [info]: Clicking on By.cssSelector: div.bg-white>button:nth-child(2)
2025-05-15 15:31:10,093 [info]: Clicking on By.cssSelector: div.d-flex.justify-content-between ~ a.p-0.mb-1
2025-05-15 15:31:25,496 [info]: Clicking on By.xpath: //div[text()='Gift Cards Dashboard']
2025-05-15 15:31:27,154 [info]: Element is clicked at index: 4
2025-05-15 15:31:35,457 [info]: Clicking on By.xpath: //div[contains(@class,'d-flex flex-wrap px-3')]/button/i
2025-05-15 15:31:49,921 [info]: Clicking on By.xpath: //div[text()='Gift Cards Dashboard']
2025-05-15 15:31:51,266 [info]: Element is clicked at index: 4
2025-05-15 15:31:59,872 [info]: Clicking on By.xpath: //div[contains(@class,'d-flex flex-wrap px-3')]/button/i
2025-05-15 15:32:24,804 [info]: Clicking on By.xpath: //div[text()='Gift Cards Dashboard']
2025-05-15 15:32:26,244 [info]: Element is clicked at index: 4
2025-05-15 15:32:34,891 [info]: Clicking on By.xpath: //div[contains(@class,'d-flex flex-wrap px-3')]/button/i
2025-05-15 15:32:54,632 [info]: Clicking on By.xpath: //div[text()='Gift Cards Dashboard']
2025-05-15 15:32:55,971 [info]: Element is clicked at index: 4
2025-05-15 15:33:04,660 [info]: Clicking on By.xpath: //div[contains(@class,'d-flex flex-wrap px-3')]/button/i
2025-05-15 15:33:34,509 [info]: Clicking on By.xpath: //div[text()='Gift Cards Dashboard']
2025-05-15 15:33:37,090 [info]: Element is clicked at index: 4
2025-05-15 15:33:45,722 [info]: Clicking on By.xpath: //div[contains(@class,'d-flex flex-wrap px-3')]/button/i
2025-05-15 15:34:10,287 [info]: Clicking on By.xpath: //div[text()='Gift Cards Dashboard']
2025-05-15 15:34:11,629 [info]: Element is clicked at index: 4
2025-05-15 15:34:20,161 [info]: Clicking on By.xpath: //div[contains(@class,'d-flex flex-wrap px-3')]/button/i
2025-05-15 15:34:43,715 [info]: Clicking on By.xpath: //div[text()='Gift Cards Dashboard']
2025-05-15 15:34:45,299 [info]: Element is clicked at index: 4
2025-05-15 15:34:54,043 [info]: Clicking on By.xpath: //div[contains(@class,'d-flex flex-wrap px-3')]/button/i
2025-05-15 15:35:13,262 [info]: Clicking on By.xpath: //div[text()='Gift Cards Dashboard']
2025-05-15 15:35:14,698 [info]: Element is clicked at index: 4
2025-05-15 15:35:23,439 [info]: Clicking on By.xpath: //div[contains(@class,'d-flex flex-wrap px-3')]/button/i
2025-05-15 15:35:47,193 [info]: Clicking on By.xpath: //div[text()='Gift Cards Dashboard']
2025-05-15 15:35:48,662 [info]: Element is clicked at index: 4
2025-05-15 15:35:57,039 [info]: Clicking on By.xpath: //div[contains(@class,'d-flex flex-wrap px-3')]/button/i
2025-05-15 15:36:20,091 [info]: Clicking on By.xpath: //div[text()='Gift Cards Dashboard']
2025-05-15 15:36:22,246 [info]: Element is clicked at index: 4
2025-05-15 15:36:31,104 [info]: Clicking on By.xpath: //div[contains(@class,'d-flex flex-wrap px-3')]/button/i
2025-05-15 15:36:45,494 [info]: Clicking on By.xpath: //div[text()='Gift Cards Dashboard']
2025-05-15 15:36:47,185 [info]: Element is clicked at index: 4
2025-05-15 15:36:56,143 [info]: Clicking on By.xpath: //div[contains(@class,'d-flex flex-wrap px-3')]/button/i
2025-05-15 15:37:10,704 [info]: Clicking on By.xpath: //div[text()='Gift Cards Dashboard']
2025-05-15 15:37:12,096 [info]: Element is clicked at index: 4
2025-05-15 15:37:21,232 [info]: Clicking on By.xpath: //div[contains(@class,'d-flex flex-wrap px-3')]/button/i
2025-05-15 15:37:38,712 [info]: Clicking on By.xpath: //div[text()='Gift Cards Dashboard']
2025-05-15 15:37:40,125 [info]: Element is clicked at index: 4
2025-05-15 15:37:48,517 [info]: Clicking on By.xpath: //div[contains(@class,'d-flex flex-wrap px-3')]/button/i
2025-05-15 15:38:10,341 [info]: Clicking on By.xpath: //div[text()='Gift Cards Dashboard']
2025-05-15 15:38:11,838 [info]: Element is clicked at index: 4
2025-05-15 15:38:20,261 [info]: Clicking on By.xpath: //div[contains(@class,'d-flex flex-wrap px-3')]/button/i
2025-05-15 15:39:04,633 [info]: Clicking on By.xpath: //div[text()='Gift Cards Dashboard']
2025-05-15 15:39:06,058 [info]: Element is clicked at index: 4
2025-05-15 15:39:14,887 [info]: Clicking on By.xpath: //div[contains(@class,'d-flex flex-wrap px-3')]/button/i
2025-05-15 15:39:39,926 [info]: Clicking on By.xpath: //div[text()='Gift Cards Dashboard']
2025-05-15 15:39:41,411 [info]: Element is clicked at index: 4
2025-05-15 15:39:49,750 [info]: Clicking on By.xpath: //div[contains(@class,'d-flex flex-wrap px-3')]/button/i
2025-05-15 15:40:38,056 [info]: Clicking on By.xpath: //div[text()='Gift Cards Dashboard']
2025-05-15 15:40:39,594 [info]: Element is clicked at index: 4
2025-05-15 15:40:48,097 [info]: Clicking on By.xpath: //div[contains(@class,'d-flex flex-wrap px-3')]/button/i
2025-05-15 15:41:09,510 [info]: Clicking on By.xpath: //div[text()='Gift Cards Dashboard']
2025-05-15 15:41:10,868 [info]: Element is clicked at index: 4
2025-05-15 15:41:19,801 [info]: Clicking on By.xpath: //div[contains(@class,'d-flex flex-wrap px-3')]/button/i
2025-05-15 15:41:40,250 [info]: Clicking on By.xpath: //div[text()='Gift Cards Dashboard']
2025-05-15 15:41:41,850 [info]: Element is clicked at index: 4
2025-05-15 15:41:50,142 [info]: Clicking on By.xpath: //div[contains(@class,'d-flex flex-wrap px-3')]/button/i
2025-05-15 15:42:13,119 [info]: Clicking on By.xpath: //div[text()='Gift Cards Dashboard']
2025-05-15 15:42:15,724 [info]: Element is clicked at index: 4
2025-05-15 15:42:24,946 [info]: Clicking on By.xpath: //div[contains(@class,'d-flex flex-wrap px-3')]/button/i
2025-05-15 15:42:32,123 [info]: Clicking on By.xpath: //div[contains(@class,'d-flex flex-wrap px-3')]/button/i
2025-05-15 15:42:51,094 [info]: Clicking on By.xpath: //div[text()='Gift Cards Dashboard']
2025-05-15 15:42:54,688 [info]: 游댳 Legend Text: Active (5)
2025-05-15 15:42:55,916 [info]:   游꼴 Donut #1 selected attribute: null
2025-05-15 15:42:55,966 [info]:   游꼴 Donut #2 selected attribute: null
2025-05-15 15:42:56,007 [info]:   游꼴 Donut #3 selected attribute: null
2025-05-15 15:42:56,049 [info]:   游꼴 Donut #4 selected attribute: null
2025-05-15 15:42:56,086 [info]: 游댳 Legend Text: Blocked (1)
2025-05-15 15:42:57,409 [info]:   游꼴 Donut #1 selected attribute: null
2025-05-15 15:42:57,422 [info]:   游꼴 Donut #2 selected attribute: null
2025-05-15 15:42:57,432 [info]:   游꼴 Donut #3 selected attribute: null
2025-05-15 15:42:57,444 [info]:   游꼴 Donut #4 selected attribute: null
2025-05-15 15:42:57,456 [info]: 游댳 Legend Text: Pending transfer (1)
2025-05-15 15:42:58,651 [info]:   游꼴 Donut #1 selected attribute: null
2025-05-15 15:42:58,692 [info]:   游꼴 Donut #2 selected attribute: null
2025-05-15 15:42:58,734 [info]:   游꼴 Donut #3 selected attribute: null
2025-05-15 15:42:58,774 [info]:   游꼴 Donut #4 selected attribute: null
2025-05-15 15:42:58,812 [info]: 游댳 Legend Text: Redeemed (1)
2025-05-15 15:43:00,179 [info]:   游꼴 Donut #1 selected attribute: null
2025-05-15 15:43:00,196 [info]:   游꼴 Donut #2 selected attribute: null
2025-05-15 15:43:00,207 [info]:   游꼴 Donut #3 selected attribute: null
2025-05-15 15:43:00,217 [info]:   游꼴 Donut #4 selected attribute: null
2025-05-15 15:43:14,802 [info]: Clicking on By.xpath: //div[text()='Gift Cards Dashboard']
2025-05-15 15:43:16,095 [info]: Element is clicked at index: 4
2025-05-15 15:43:25,312 [info]: Clicking on By.xpath: //div[contains(@class,'d-flex flex-wrap px-3')]/button/i
2025-05-15 15:43:44,119 [info]: Clicking on By.xpath: //div[text()='Gift Cards Dashboard']
2025-05-15 15:43:45,497 [info]: Element is clicked at index: 5
2025-05-15 15:44:05,139 [info]: Clicking on By.xpath: //div[text()='Gift Cards Dashboard']
2025-05-15 15:44:06,423 [info]: Element is clicked at index: 5
2025-05-15 15:44:30,982 [info]: Clicking on By.xpath: //div[text()='Gift Cards Dashboard']
2025-05-15 15:44:32,398 [info]: Element is clicked at index: 5
2025-05-15 15:44:38,407 [info]: Only enters numeric value so expected would be 1000.00 which is max
2025-05-15 15:44:54,416 [info]: Clicking on By.xpath: //div[text()='Gift Cards Dashboard']
2025-05-15 15:44:55,951 [info]: Element is clicked at index: 5
2025-05-15 15:45:01,841 [info]: Only enters numeric value so expected would be 1000.00 which is max
2025-05-15 15:45:20,435 [info]: Clicking on By.xpath: //div[text()='Gift Cards Dashboard']
2025-05-15 15:45:21,841 [info]: Element is clicked at index: 5
2025-05-15 15:45:28,078 [info]: Only enters numeric value so expected would be 1000.00 which is max
2025-05-15 15:45:44,192 [info]: Clicking on By.xpath: //div[text()='Gift Cards Dashboard']
2025-05-15 15:45:45,724 [info]: Element is clicked at index: 5
2025-05-15 15:45:57,283 [info]: Clicking on By.xpath: //button[normalize-space()='Save changes']
2025-05-15 15:45:59,342 [info]: Navigated to Gift Card for sale page
2025-05-15 15:46:12,333 [info]: Clicking on By.xpath: //div[text()='Gift Cards Dashboard']
2025-05-15 15:46:13,754 [info]: Element is clicked at index: 5
2025-05-15 15:46:24,857 [info]: Clicking on By.xpath: //button[normalize-space()='Save changes']
2025-05-15 15:46:29,553 [info]: Validate tooltip
2025-05-15 15:46:42,194 [info]: Clicking on By.xpath: //div[text()='Gift Cards Dashboard']
2025-05-15 15:46:43,796 [info]: Element is clicked at index: 5
2025-05-15 15:46:46,228 [info]: Clicking on By.cssSelector: input[name='readonlyFunds'] ~ i.custom-check-off
2025-05-15 15:47:06,094 [info]: Clicking on By.xpath: //div[text()='Gift Cards Dashboard']
2025-05-15 15:47:08,032 [info]: Element is clicked at index: 5
2025-05-15 15:47:17,405 [info]: Maximum length is 4
2025-05-15 15:47:31,595 [info]: Clicking on By.xpath: //div[text()='Gift Cards Dashboard']
2025-05-15 15:47:32,957 [info]: Element is clicked at index: 5
2025-05-15 15:47:42,238 [info]: Maximum length is 4
2025-05-15 15:47:55,539 [info]: Clicking on By.xpath: //div[text()='Gift Cards Dashboard']
2025-05-15 15:47:57,199 [info]: Element is clicked at index: 5
2025-05-15 15:48:02,975 [info]: Maximum char limit is : 30
2025-05-15 15:48:15,897 [info]: Clicking on By.xpath: //div[text()='Gift Cards Dashboard']
2025-05-15 15:48:17,799 [info]: Element is clicked at index: 5
2025-05-15 15:48:23,504 [info]: Default date range is: 05/15/2025 - 05/15/2026
2025-05-15 15:48:36,561 [info]: Clicking on By.xpath: //div[text()='Gift Cards Dashboard']
2025-05-15 15:48:38,173 [info]: Element is clicked at index: 4
2025-05-15 15:48:51,089 [info]: Clicking on By.xpath: //div[@class='input-group']//input[@name='saleDateRange']
2025-05-15 15:49:34,745 [info]: Clicking on By.xpath: //div[text()='Gift Cards Dashboard']
2025-05-15 15:49:36,277 [info]: Element is clicked at index: 5
2025-05-15 15:49:44,272 [info]: Maximum char limit is : 500
2025-05-15 15:49:57,101 [info]: Clicking on By.xpath: //div[text()='Gift Cards Dashboard']
2025-05-15 15:49:58,516 [info]: Element is clicked at index: 4
2025-05-15 15:50:11,046 [info]: Clicking on By.xpath: //div[@class='input-group']//input[@name='saleDateRange']
2025-05-15 15:50:54,944 [info]: Clicking on By.xpath: //div[text()='Gift Cards Dashboard']
2025-05-15 15:50:56,339 [info]: Element is clicked at index: 4
2025-05-15 15:51:08,978 [info]: Clicking on By.xpath: //div[@class='input-group']//input[@name='saleDateRange']
2025-05-15 15:51:53,460 [info]: Clicking on By.xpath: //div[text()='Gift Cards Dashboard']
2025-05-15 15:51:54,997 [info]: Element is clicked at index: 4
2025-05-15 15:52:08,251 [info]: Clicking on By.xpath: //div[@class='input-group']//input[@name='saleDateRange']
2025-05-15 15:52:39,517 [info]: Clicking on By.xpath: //div[text()='Gift Cards Dashboard']
2025-05-15 15:52:41,080 [info]: Element is clicked at index: 4
2025-05-15 15:52:53,863 [info]: Clicking on By.xpath: //div[@class='input-group']//input[@name='saleDateRange']
2025-05-15 15:53:25,060 [info]: Clicking on By.xpath: //div[text()='Gift Cards Dashboard']
2025-05-15 15:53:26,597 [info]: Element is clicked at index: 4
2025-05-15 15:53:39,454 [info]: Clicking on By.xpath: //div[@class='input-group']//input[@name='saleDateRange']
2025-05-15 15:54:13,903 [info]: Clicking on By.xpath: //div[text()='Gift Cards Dashboard']
2025-05-15 15:54:15,318 [info]: Element is clicked at index: 4
2025-05-15 15:54:28,056 [info]: Total gift cards collected: 67
2025-05-15 15:54:48,373 [info]: Clicking on By.xpath: //div[text()='Gift Cards Dashboard']
2025-05-15 15:54:50,276 [info]: Element is clicked at index: 4
2025-05-15 15:55:04,651 [info]: Total gift cards collected: 67
2025-05-15 15:55:26,362 [info]: Clicking on By.xpath: //div[text()='Gift Cards Dashboard']
2025-05-15 15:55:28,564 [info]: Element is clicked at index: 4
2025-05-15 15:55:57,798 [info]: Clicking on By.xpath: //div[text()='Gift Cards Dashboard']
2025-05-15 15:55:59,311 [info]: Element is clicked at index: 4
2025-05-15 15:56:22,706 [info]: Clicking on By.xpath: //div[text()='Gift Cards Dashboard']
2025-05-15 15:56:24,040 [info]: Element is clicked at index: 4
2025-05-15 15:56:45,511 [info]: Total gift cards collected: 68
2025-05-15 15:56:46,238 [error]: Gift card with zero available quantity found:
Status: Active
Created on: 5/8/2025 2:51 PM
Available QTY: 0
Face value: $453.45
Sold QTY: 1
Sale Price: $5.56
java.lang.RuntimeException: Available QTY: 0
	at pageEvents.GiftCardDashboardPage.verifyActionOnZeroAvailableQty(GiftCardDashboardPage.java:1862)
	at qa.tests.GiftCardDashboardTest.verifyActionOnZeroAvlQty(GiftCardDashboardTest.java:358)
	at java.base/jdk.internal.reflect.DirectMethodHandleAccessor.invoke(DirectMethodHandleAccessor.java:103)
	at java.base/java.lang.reflect.Method.invoke(Method.java:580)
	at org.testng.internal.invokers.MethodInvocationHelper.invokeMethod(MethodInvocationHelper.java:141)
	at org.testng.internal.invokers.TestInvoker.invokeMethod(TestInvoker.java:686)
	at org.testng.internal.invokers.TestInvoker.invokeTestMethod(TestInvoker.java:230)
	at org.testng.internal.invokers.MethodRunner.runInSequence(MethodRunner.java:63)
	at org.testng.internal.invokers.TestInvoker$MethodInvocationAgent.invoke(TestInvoker.java:992)
	at org.testng.internal.invokers.TestInvoker.invokeTestMethods(TestInvoker.java:203)
	at org.testng.internal.invokers.TestMethodWorker.invokeTestMethods(TestMethodWorker.java:154)
	at org.testng.internal.invokers.TestMethodWorker.run(TestMethodWorker.java:134)
	at java.base/java.util.ArrayList.forEach(ArrayList.java:1597)
	at org.testng.TestRunner.privateRun(TestRunner.java:739)
	at org.testng.TestRunner.run(TestRunner.java:614)
	at org.testng.SuiteRunner.runTest(SuiteRunner.java:421)
	at org.testng.SuiteRunner.runSequentially(SuiteRunner.java:413)
	at org.testng.SuiteRunner.privateRun(SuiteRunner.java:373)
	at org.testng.SuiteRunner.run(SuiteRunner.java:312)
	at org.testng.SuiteRunnerWorker.runSuite(SuiteRunnerWorker.java:52)
	at org.testng.SuiteRunnerWorker.run(SuiteRunnerWorker.java:95)
	at org.testng.TestNG.runSuitesSequentially(TestNG.java:1274)
	at org.testng.TestNG.runSuitesLocally(TestNG.java:1208)
	at org.testng.TestNG.runSuites(TestNG.java:1112)
	at org.testng.TestNG.run(TestNG.java:1079)
	at com.intellij.rt.testng.IDEARemoteTestNG.run(IDEARemoteTestNG.java:65)
	at com.intellij.rt.testng.RemoteTestNGStarter.main(RemoteTestNGStarter.java:105)
2025-05-15 15:57:26,173 [info]: Clicking on By.xpath: //div[text()='Gift Cards Dashboard']
2025-05-15 15:57:27,756 [info]: Element is clicked at index: 4
2025-05-15 15:57:49,276 [info]: Total gift cards collected: 68
2025-05-15 15:57:49,297 [info]: Gift card with Sold QTY: 0 found:
Status: Ended
Created on: 3:53 PM
Available QTY: 5
Face value: $10.00
Sold QTY: 0
Sale Price: $15.00
2025-05-15 15:57:54,623 [info]: Delete button clicked successfully.
2025-05-15 15:59:51,486 [info]: Switch to window [Terms of Use Page]
2025-05-15 15:59:51,508 [info]: Get the Current Page Title
2025-05-15 15:59:55,428 [info]: Switch to window [Privacy Policy]
2025-05-15 16:00:06,893 [info]: Get the Current Page Title
2025-05-15 16:00:59,876 [info]: Get the Current Page Title
2025-05-15 16:02:13,403 [info]: Clicking on By.xpath: //button[text()='Save']
2025-05-15 16:02:18,438 [info]: Clicking on By.xpath: //span[text()='Accept bank transfer']
2025-05-15 16:02:18,537 [info]: Clicking on By.xpath: //button[text()='Continue']
2025-05-15 16:02:19,911 [info]: Clicking on By.xpath: //button[text()='Continue']
2025-05-15 16:02:53,692 [info]: Clicking on By.cssSelector: .fal.fa-circle.custom-check-off
2025-05-15 16:02:54,074 [info]: Clicking on By.xpath: //button[text()='Update Status']
2025-05-15 16:03:01,124 [info]: Clicking on By.cssSelector: button[href=".-deleteStore-"]
2025-05-15 16:03:03,543 [info]: Clicking on By.xpath: //button[text()='Delete Permanently']
2025-05-15 16:04:16,600 [info]: Clicking on By.xpath: //button[text()='Save']
2025-05-15 16:04:21,319 [info]: Clicking on By.xpath: //span[text()='Accept bank transfer']
2025-05-15 16:04:21,414 [info]: Clicking on By.xpath: //button[text()='Continue']
2025-05-15 16:04:22,791 [info]: Clicking on By.xpath: //button[text()='Continue']
2025-05-15 16:04:47,244 [info]: Clicking on By.cssSelector: .fal.fa-circle.custom-check-off
2025-05-15 16:04:47,525 [info]: Clicking on By.xpath: //button[text()='Update Status']
2025-05-15 16:04:54,742 [info]: Clicking on By.cssSelector: button[href=".-deleteStore-"]
2025-05-15 16:04:57,816 [info]: Clicking on By.xpath: //button[text()='Delete Permanently']
2025-05-15 16:08:12,435 [info]: Clicking on By.xpath: //button[text()='Save']
2025-05-15 16:08:25,556 [info]: Clicking on By.xpath: //button[text()='Save']
2025-05-15 16:08:26,863 [info]: Clicking on By.xpath: //button[text()='Continue']
2025-05-15 16:08:43,607 [info]: Clicking on By.cssSelector: .fal.fa-circle.custom-check-off
2025-05-15 16:08:44,138 [info]: Clicking on By.xpath: //button[text()='Update Status']
2025-05-15 16:08:51,397 [info]: Clicking on By.cssSelector: button[href=".-deleteStore-"]
2025-05-15 16:08:54,462 [info]: Clicking on By.xpath: //button[text()='Delete Permanently']
2025-05-15 16:09:46,476 [info]: Clicking on By.xpath: (//span[text()='Accept Zelle'])[1]
2025-05-15 16:11:43,073 [info]: Clicking on By.xpath: //button[text()='Save']
2025-05-15 16:11:47,527 [info]: Clicking on By.xpath: //span[text()='Accept bank transfer']
2025-05-15 16:11:47,614 [info]: Clicking on By.xpath: //button[text()='Continue']
2025-05-15 16:11:49,089 [info]: Clicking on By.xpath: //button[text()='Continue']
2025-05-15 16:12:21,642 [info]: Clicking on By.cssSelector: .fal.fa-circle.custom-check-off
2025-05-15 16:12:21,880 [info]: Clicking on By.xpath: //button[text()='Update Status']
2025-05-15 16:12:29,187 [info]: Clicking on By.cssSelector: button[href=".-deleteStore-"]
2025-05-15 16:12:32,298 [info]: Clicking on By.xpath: //button[text()='Delete Permanently']
2025-05-15 16:13:30,956 [info]: Clicking on By.xpath: //button[text()='Add new terminal']
2025-05-15 16:13:34,259 [info]: Clicking on By.xpath: //label[text()='Select your terminal']/../div[4]/label/i[2]
2025-05-15 16:13:34,435 [info]: Clicking on By.xpath: //button[text()='Save']
2025-05-15 16:14:20,284 [info]: Clicking on By.cssSelector: .custom-checkbox.mb-2>span
2025-05-15 16:14:21,678 [info]: Clicking on By.xpath: //button[text()='Save changes']
2025-05-15 16:15:04,906 [info]: Clicking on By.xpath: //button[text()='Save changes']
2025-05-15 16:15:04,986 [info]: Clicking on By.xpath: (//button[@type='button'][text()='Configure'])[2]
2025-05-15 16:15:06,418 [info]: Clicking on By.xpath: //button[text()='Save changes']
2025-05-15 16:15:08,637 [info]: Clicking on By.xpath: //button[text()='Store links']
2025-05-15 16:17:08,610 [info]: Clicking on By.xpath: //button[text()='Save']
2025-05-15 16:17:13,331 [info]: Clicking on By.xpath: //span[text()='Accept bank transfer']
2025-05-15 16:17:13,413 [info]: Clicking on By.xpath: //button[text()='Continue']
2025-05-15 16:17:14,908 [info]: Clicking on By.xpath: //button[text()='Continue']
2025-05-15 16:18:16,018 [info]: Clicking on newBillTxt
2025-05-15 16:18:53,570 [info]: Clicking on By.xpath: //a[normalize-space()='Sign out']
2025-05-15 16:19:21,734 [info]: Nothing to be selected
2025-05-15 16:19:23,876 [info]: Clicking on By.xpath: //a[@class='stretched-link position-absolute h-100 -updateamount-']
2025-05-15 16:19:29,086 [info]: Clicking on By.xpath: //input[@lbl-title='Amount']
2025-05-15 16:19:36,658 [info]: Clicking on By.xpath: //input[@name='amount']//following::button[@type='submit' and normalize-space()='Update'][2]
2025-05-15 16:20:29,778 [info]: Clicking on By.xpath: //a[normalize-space()='My Stuff']
2025-05-15 16:20:29,807 [info]: Clicking on By.xpath: //div[normalize-space()='Payment History']
2025-05-15 16:21:02,905 [info]: Clicking on By.xpath: //a[normalize-space()='My Stuff']
2025-05-15 16:21:03,030 [info]: Clicking on By.xpath: //div[normalize-space()='Payment History']
2025-05-15 16:21:19,827 [info]: Clicking on newBillTxt
2025-05-15 16:21:55,386 [info]: Clicking on By.xpath: //a[normalize-space()='Sign out']
2025-05-15 16:22:23,829 [info]: Nothing to be selected
2025-05-15 16:22:39,750 [info]: Clicking on By.xpath: //a[normalize-space()='Close']
2025-05-15 16:22:43,262 [info]: Clicking on By.xpath: //a[normalize-space()='My Stuff']
2025-05-15 16:22:43,353 [info]: Clicking on By.xpath: //div[normalize-space()='Payment History']
2025-05-15 16:24:35,966 [info]: Clicking on By.xpath: //a[normalize-space()='My Stuff']
2025-05-15 16:24:36,080 [info]: Clicking on By.xpath: //div[normalize-space()='Payment History']
2025-05-15 16:24:54,062 [info]: Clicking on By.xpath: //a[normalize-space()='My Stuff']
2025-05-15 16:24:54,145 [info]: Clicking on By.xpath: //div[normalize-space()='Payment History']
2025-05-15 16:25:08,736 [info]: Clicking on newBillTxt
2025-05-15 16:25:36,405 [info]: Phone number. Existing or new
2025-05-15 16:25:36,445 [info]: Email. Existing or new
2025-05-15 16:26:07,568 [info]: Numeric Value: 2000.00
2025-05-15 16:26:07,608 [info]: Numeric Value: 2000.00
2025-05-15 16:26:45,098 [info]: Clicking on newBillTxt
2025-05-15 16:27:13,864 [info]: Phone number. Existing or new
2025-05-15 16:27:13,902 [info]: Email. Existing or new
2025-05-15 16:27:49,394 [info]: Numeric Value: 2000.00
2025-05-15 16:27:49,429 [info]: Numeric Value: 2000.00
2025-05-15 16:28:31,837 [info]: Clicking on newBillTxt
2025-05-15 16:29:00,879 [info]: Phone number. Existing or new
2025-05-15 16:29:00,923 [info]: Email. Existing or new
2025-05-15 16:29:30,772 [info]: Numeric Value: 2000.00
2025-05-15 16:29:30,804 [info]: Numeric Value: 2000.00
2025-05-15 16:29:57,765 [info]: Clicking on newBillTxt
2025-05-15 16:30:25,330 [info]: Phone number. Existing or new
2025-05-15 16:30:25,375 [info]: Email. Existing or new
2025-05-15 16:30:55,946 [info]: Numeric Value: 2000.00
2025-05-15 16:30:55,978 [info]: Numeric Value: 2000.00
2025-05-15 16:31:21,663 [info]: Clicking on newBillTxt
2025-05-15 16:31:49,323 [info]: Phone number. Existing or new
2025-05-15 16:31:49,367 [info]: Email. Existing or new
2025-05-15 16:32:22,382 [info]: Numeric Value: 2000.00
2025-05-15 16:32:22,419 [info]: Numeric Value: 2000.00
2025-05-15 16:33:07,766 [info]: Clicking on newBillTxt
2025-05-15 16:33:36,997 [info]: Phone number. Existing or new
2025-05-15 16:33:37,041 [info]: Email. Existing or new
2025-05-15 16:34:08,046 [info]: Numeric Value: 2000.00
2025-05-15 16:34:08,079 [info]: Numeric Value: 2000.00
2025-05-15 16:34:11,639 [info]: 314.75
2025-05-15 16:34:42,305 [info]: Clicking on newBillTxt
2025-05-15 16:35:11,212 [info]: Phone number. Existing or new
2025-05-15 16:35:11,252 [info]: Email. Existing or new
2025-05-15 16:35:41,111 [info]: Numeric Value: 2000.00
2025-05-15 16:35:41,146 [info]: Numeric Value: 2000.00
2025-05-15 16:35:56,498 [info]: Numeric Value: 2000.00
2025-05-15 16:35:56,499 [info]: Numeric Value: 2000.00
2025-05-15 16:36:08,417 [info]: Clicking on newBillTxt
2025-05-15 16:36:36,183 [info]: Phone number. Existing or new
2025-05-15 16:36:36,226 [info]: Email. Existing or new
2025-05-15 16:37:34,335 [info]: Nothing to be selected
2025-05-15 16:38:48,334 [info]: Clicking on newBillTxt
2025-05-15 16:39:17,388 [info]: Phone number. Existing or new
2025-05-15 16:39:17,429 [info]: Email. Existing or new
2025-05-15 16:40:16,160 [info]: Nothing to be selected
2025-05-15 16:41:47,928 [info]: Clicking on newBillTxt
2025-05-15 16:42:17,266 [info]: Phone number. Existing or new
2025-05-15 16:42:17,315 [info]: Email. Existing or new
2025-05-15 16:43:15,035 [info]: Nothing to be selected
2025-05-15 16:44:21,499 [info]: Clicking on newBillTxt
2025-05-15 16:44:49,450 [info]: Phone number. Existing or new
2025-05-15 16:44:49,494 [info]: Email. Existing or new
2025-05-15 16:45:48,223 [info]: Nothing to be selected
2025-05-15 16:46:37,056 [info]: Clicking on newBillTxt
2025-05-15 16:47:04,787 [info]: Phone number. Existing or new
2025-05-15 16:47:04,828 [info]: Email. Existing or new
2025-05-15 16:48:00,335 [info]: Nothing to be selected
2025-05-15 16:49:03,518 [info]: Clicking on newBillTxt
2025-05-15 16:49:31,373 [info]: Phone number. Existing or new
2025-05-15 16:49:31,412 [info]: Email. Existing or new
2025-05-15 16:50:39,069 [info]: Clicking on newBillTxt
2025-05-15 16:51:07,699 [info]: Phone number. Existing or new
2025-05-15 16:51:07,739 [info]: Email. Existing or new
2025-05-15 16:52:42,624 [info]: Clicking on newBillTxt
2025-05-15 16:53:29,066 [info]: Clicking on By.xpath: (//input[@name='autoGenerate'])[1]
2025-05-15 17:03:00,402 [info]: Type Of Entry Dropdown values are :
2025-05-15 17:03:00,411 [info]: Type Of Entry Dropdown values are :
2025-05-15 17:03:00,421 [info]: Type Of Entry Dropdown values are :
2025-05-15 17:03:00,435 [info]: Type Of Entry Dropdown values are :
2025-05-15 17:03:00,445 [info]: Type Of Entry Dropdown values are :
2025-05-15 17:03:00,456 [info]: Type Of Entry Dropdown values are :
2025-05-15 17:03:00,467 [info]: Type Of Entry Dropdown values are :
2025-05-15 17:03:00,477 [info]: Type Of Entry Dropdown values are :
2025-05-15 17:03:00,487 [info]: Type Of Entry Dropdown values are :
2025-05-15 17:03:00,502 [info]: Type Of Entry Dropdown values are :Image file
2025-05-15 17:03:00,512 [info]: Type Of Entry Dropdown values are :Checkbox
2025-05-15 17:03:18,526 [info]: May 2025
2025-05-15 17:03:22,849 [info]: Toggle button is on
2025-05-15 17:07:41,242 [info]: Qr code Type Dropdown values are :
2025-05-15 17:07:41,254 [info]: Qr code Type Dropdown values are :
2025-05-15 17:07:41,265 [info]: Qr code Type Dropdown values are :
2025-05-15 17:07:41,278 [info]: Qr code Type Dropdown values are :
2025-05-15 17:07:41,291 [info]: Qr code Type Dropdown values are :Tickets/Events
2025-05-15 17:08:26,876 [info]: Clicking on By.xpath: (//a[@class='btn btn-link stretched-link align-self-center'])[1]
2025-05-15 17:08:45,950 [info]: Clicking on By.xpath: (//a[text()='This Year']//following-sibling::div/div/a)[1]
2025-05-15 17:11:44,792 [info]: Clicking on By.xpath: //a[@class='sidebar-link fw-bold text-black collapsed' and text()='Manage Business']
2025-05-15 17:11:44,818 [info]: Clicking on By.xpath: //div[text()='Rewards Program']
2025-05-15 17:12:40,272 [info]: Clicking on By.xpath: //a[@class='sidebar-link fw-bold text-black collapsed' and text()='Manage Business']
2025-05-15 17:12:40,303 [info]: Clicking on By.xpath: //div[text()='Rewards Program']
2025-05-15 17:13:06,959 [info]: Clicking on By.xpath: //a[@class='sidebar-link fw-bold text-black collapsed' and text()='Manage Business']
2025-05-15 17:13:06,987 [info]: Clicking on By.xpath: //div[text()='Rewards Program']
2025-05-15 17:13:21,872 [info]: Clicking on By.xpath: //a[@class='sidebar-link fw-bold text-black collapsed' and text()='Manage Business']
2025-05-15 17:13:21,902 [info]: Clicking on By.xpath: //div[text()='Rewards Program']
2025-05-15 17:13:37,621 [info]: Clicking on By.xpath: //a[@class='sidebar-link fw-bold text-black collapsed' and text()='Manage Business']
2025-05-15 17:13:37,648 [info]: Clicking on By.xpath: //div[text()='Rewards Program']
2025-05-15 17:14:09,894 [info]: Clicking on By.xpath: //a[@class='sidebar-link fw-bold text-black collapsed' and text()='Manage Business']
2025-05-15 17:14:09,924 [info]: Clicking on By.xpath: //div[text()='Rewards Program']
2025-05-15 17:14:38,372 [info]: Clicking on By.xpath: //a[@class='sidebar-link fw-bold text-black collapsed' and text()='Manage Business']
2025-05-15 17:14:38,405 [info]: Clicking on By.xpath: //div[text()='Rewards Program']
2025-05-15 17:14:53,763 [info]: Clicking on By.xpath: //a[@class='sidebar-link fw-bold text-black collapsed' and text()='Manage Business']
2025-05-15 17:14:53,792 [info]: Clicking on By.xpath: //div[text()='Rewards Program']
2025-05-15 17:15:42,979 [info]: Clicking on By.xpath: //a[@class='sidebar-link fw-bold text-black collapsed' and text()='Manage Business']
2025-05-15 17:15:43,007 [info]: Clicking on By.xpath: //div[text()='Rewards Program']
2025-05-15 17:16:30,564 [info]: Clicking on By.xpath: //a[@class='sidebar-link fw-bold text-black collapsed' and text()='Manage Business']
2025-05-15 17:16:30,594 [info]: Clicking on By.xpath: //div[text()='Rewards Program']
2025-05-15 17:17:20,525 [info]: Clicking on By.xpath: //a[@class='sidebar-link fw-bold text-black collapsed' and text()='Manage Business']
2025-05-15 17:17:20,555 [info]: Clicking on By.xpath: //div[text()='Rewards Program']
2025-05-15 17:17:36,742 [info]: Clicking on By.xpath: //a[@class='sidebar-link fw-bold text-black collapsed' and text()='Manage Business']
2025-05-15 17:17:36,769 [info]: Clicking on By.xpath: //div[text()='Rewards Program']
2025-05-15 17:17:52,059 [info]: Clicking on By.xpath: //a[@class='sidebar-link fw-bold text-black collapsed' and text()='Manage Business']
2025-05-15 17:17:52,127 [info]: Clicking on By.xpath: //div[text()='Rewards Program']
2025-05-15 17:18:06,983 [info]: Clicking on By.xpath: //a[@class='sidebar-link fw-bold text-black collapsed' and text()='Manage Business']
2025-05-15 17:18:07,010 [info]: Clicking on By.xpath: //div[text()='Rewards Program']
2025-05-15 17:18:34,161 [info]: Clicking on By.xpath: //a[@class='sidebar-link fw-bold text-black collapsed' and text()='Manage Business']
2025-05-15 17:18:34,193 [info]: Clicking on By.xpath: //div[text()='Rewards Program']
2025-05-15 17:19:21,211 [info]: Clicking on By.xpath: //a[@class='sidebar-link fw-bold text-black collapsed' and text()='Manage Business']
2025-05-15 17:19:21,246 [info]: Clicking on By.xpath: //div[text()='Rewards Program']
2025-05-15 17:19:39,106 [info]: Clicking on By.xpath: //a[@class='sidebar-link fw-bold text-black collapsed' and text()='Manage Business']
2025-05-15 17:19:39,130 [info]: Clicking on By.xpath: //div[text()='Rewards Program']
2025-05-15 17:21:45,591 [info]: Clicking on By.xpath: //button[text()='Different Cell-phone']
2025-05-15 17:28:32,108 [info]: Clicking on newBillTxt
2025-05-15 17:28:59,162 [info]: Phone number. Existing or new
2025-05-15 17:28:59,212 [info]: Email. Existing or new
2025-05-15 17:32:52,099 [info]: Clicking on By.cssSelector: .modal-content .stretched-link.-selectCustomer-
2025-05-15 17:33:35,669 [info]: Clicking on By.cssSelector: .modal-content .stretched-link.-selectCustomer-
2025-05-15 17:34:36,313 [info]: Clicking on newBillTxt
2025-05-15 17:35:04,336 [info]: Phone number. Existing or new
2025-05-15 17:35:04,387 [info]: Email. Existing or new
2025-05-15 17:36:08,072 [info]: Nothing to be selected
2025-05-15 17:37:30,516 [info]: Clicking on newBillTxt
2025-05-15 17:37:57,311 [info]: Phone number. Existing or new
2025-05-15 17:37:57,383 [info]: Email. Existing or new
2025-05-15 17:38:53,159 [info]: Nothing to be selected
2025-05-15 17:40:29,621 [info]: Clicking on newBillTxt
2025-05-15 17:41:53,130 [info]: Nothing to be selected
2025-05-15 17:43:41,518 [info]: Clicking on newBillTxt
2025-05-15 17:44:04,280 [info]: No repeat
2025-05-15 17:44:06,295 [info]: Daily
2025-05-15 17:44:08,314 [info]: Weekly
2025-05-15 17:44:12,486 [info]: Attribute value is fetched
2025-05-15 17:44:14,652 [info]: specificNumberTxt:3
2025-05-15 17:44:16,689 [info]: Specific number of times
times total
2025-05-15 17:44:18,707 [info]: Specific date
2025-05-15 17:44:20,743 [info]: Selected: Specific number of times
times total
2025-05-15 17:44:22,767 [info]: Selected: Specific date
2025-05-15 17:44:24,784 [info]: Monthly
2025-05-15 17:44:26,806 [info]: Yearly
2025-05-15 17:44:32,814 [info]: Clicking on By.xpath: (//button[text()='Done'])[5]
2025-05-15 17:45:02,036 [info]: Numeric Value: 1000.00
2025-05-15 17:45:43,692 [info]: Nothing to be selected
2025-05-15 17:46:42,688 [info]: Clicking on newBillTxt
2025-05-15 17:47:10,327 [info]: Phone number. Existing or new
2025-05-15 17:47:10,398 [info]: Email. Existing or new
2025-05-15 17:48:06,768 [info]: Nothing to be selected
2025-05-15 17:49:11,411 [info]: Clicking on newBillTxt
2025-05-15 17:49:44,548 [info]: Phone number. Existing or new
2025-05-15 17:49:44,602 [info]: Email. Existing or new
2025-05-15 17:50:42,985 [info]: Nothing to be selected
2025-05-15 17:56:33,532 [info]: Total bills collected: 2616
