2025-05-14 10:30:12,236 [info]: Clicking on By.xpath: //button[text()='Save']
2025-05-14 10:30:16,934 [info]: Clicking on By.xpath: //span[text()='Accept bank transfer']
2025-05-14 10:30:17,066 [info]: Clicking on By.xpath: //button[text()='Continue']
2025-05-14 10:30:19,102 [info]: Clicking on By.xpath: //button[text()='Continue']
2025-05-14 10:30:53,175 [info]: Clicking on By.cssSelector: .fal.fa-circle.custom-check-off
2025-05-14 10:30:53,496 [info]: Clicking on By.xpath: //button[text()='Update Status']
2025-05-14 10:31:00,809 [info]: Clicking on By.cssSelector: button[href=".-deleteStore-"]
2025-05-14 10:31:03,694 [info]: Clicking on By.xpath: //button[text()='Delete Permanently']
2025-05-14 10:32:07,961 [info]: Clicking on By.xpath: //button[text()='Save']
2025-05-14 10:32:12,619 [info]: Clicking on By.xpath: //span[text()='Accept bank transfer']
2025-05-14 10:32:12,742 [info]: Clicking on By.xpath: //button[text()='Continue']
2025-05-14 10:32:14,107 [info]: Clicking on By.xpath: //button[text()='Continue']
2025-05-14 10:32:37,065 [info]: Clicking on By.cssSelector: .fal.fa-circle.custom-check-off
2025-05-14 10:32:37,262 [info]: Clicking on By.xpath: //button[text()='Update Status']
2025-05-14 10:32:44,513 [info]: Clicking on By.cssSelector: button[href=".-deleteStore-"]
2025-05-14 10:32:46,982 [info]: Clicking on By.xpath: //button[text()='Delete Permanently']
2025-05-14 10:35:54,845 [info]: Clicking on By.xpath: //button[text()='Save']
2025-05-14 10:36:07,918 [info]: Clicking on By.xpath: //button[text()='Save']
2025-05-14 10:36:09,211 [info]: Clicking on By.xpath: //button[text()='Continue']
2025-05-14 10:36:24,635 [info]: Clicking on By.cssSelector: .fal.fa-circle.custom-check-off
2025-05-14 10:36:25,156 [info]: Clicking on By.xpath: //button[text()='Update Status']
2025-05-14 10:36:31,942 [info]: Clicking on By.cssSelector: button[href=".-deleteStore-"]
2025-05-14 10:36:34,354 [info]: Clicking on By.xpath: //button[text()='Delete Permanently']
2025-05-14 10:37:24,533 [info]: Clicking on By.xpath: (//span[text()='Accept Zelle'])[1]
2025-05-14 10:39:15,789 [info]: Clicking on By.xpath: //button[text()='Save']
2025-05-14 10:39:20,169 [info]: Clicking on By.xpath: //span[text()='Accept bank transfer']
2025-05-14 10:39:20,264 [info]: Clicking on By.xpath: //button[text()='Continue']
2025-05-14 10:39:21,847 [info]: Clicking on By.xpath: //button[text()='Continue']
